{"/Users/adamstack/manylla/src/reportWebVitals.js": {"path":"/Users/adamstack/manylla/src/reportWebVitals.js","statementMap":{"0":{"start":{"line":1,"column":24},"end":{"line":11,"column":1}},"1":{"start":{"line":2,"column":2},"end":{"line":10,"column":3}},"2":{"start":{"line":3,"column":4},"end":{"line":9,"column":7}},"3":{"start":{"line":4,"column":6},"end":{"line":4,"column":26}},"4":{"start":{"line":5,"column":6},"end":{"line":5,"column":26}},"5":{"start":{"line":6,"column":6},"end":{"line":6,"column":26}},"6":{"start":{"line":7,"column":6},"end":{"line":7,"column":26}},"7":{"start":{"line":8,"column":6},"end":{"line":8,"column":27}}},"fnMap":{"0":{"name":"(anonymous_0)","decl":{"start":{"line":1,"column":24},"end":{"line":1,"column":25}},"loc":{"start":{"line":1,"column":41},"end":{"line":11,"column":1}},"line":1},"1":{"name":"(anonymous_1)","decl":{"start":{"line":3,"column":30},"end":{"line":3,"column":31}},"loc":{"start":{"line":3,"column":79},"end":{"line":9,"column":5}},"line":3}},"branchMap":{"0":{"loc":{"start":{"line":2,"column":2},"end":{"line":10,"column":3}},"type":"if","locations":[{"start":{"line":2,"column":2},"end":{"line":10,"column":3}},{"start":{},"end":{}}],"line":2},"1":{"loc":{"start":{"line":2,"column":6},"end":{"line":2,"column":52}},"type":"binary-expr","locations":[{"start":{"line":2,"column":6},"end":{"line":2,"column":17}},{"start":{"line":2,"column":21},"end":{"line":2,"column":52}}],"line":2}},"s":{"0":0,"1":0,"2":0,"3":0,"4":0,"5":0,"6":0,"7":0},"f":{"0":0,"1":0},"b":{"0":[0,0],"1":[0,0]}}
,"/Users/adamstack/manylla/src/setupTests.js": {"path":"/Users/adamstack/manylla/src/setupTests.js","statementMap":{"0":{"start":{"line":8,"column":19},"end":{"line":8,"column":49}},"1":{"start":{"line":11,"column":0},"end":{"line":13,"column":3}},"2":{"start":{"line":12,"column":2},"end":{"line":12,"column":18}},"3":{"start":{"line":17,"column":0},"end":{"line":19,"column":3}},"4":{"start":{"line":18,"column":2},"end":{"line":18,"column":25}},"5":{"start":{"line":22,"column":0},"end":{"line":24,"column":3}},"6":{"start":{"line":23,"column":2},"end":{"line":23,"column":17}}},"fnMap":{"0":{"name":"(anonymous_0)","decl":{"start":{"line":11,"column":10},"end":{"line":11,"column":11}},"loc":{"start":{"line":11,"column":16},"end":{"line":13,"column":1}},"line":11},"1":{"name":"(anonymous_1)","decl":{"start":{"line":17,"column":10},"end":{"line":17,"column":11}},"loc":{"start":{"line":17,"column":16},"end":{"line":19,"column":1}},"line":17},"2":{"name":"(anonymous_2)","decl":{"start":{"line":22,"column":9},"end":{"line":22,"column":10}},"loc":{"start":{"line":22,"column":15},"end":{"line":24,"column":1}},"line":22}},"branchMap":{},"s":{"0":0,"1":0,"2":0,"3":0,"4":0,"5":0,"6":0},"f":{"0":0,"1":0,"2":0},"b":{}}
,"/Users/adamstack/manylla/src/components/UnifiedApp.js": {"path":"/Users/adamstack/manylla/src/components/UnifiedApp.js","statementMap":{"0":{"start":{"line":23,"column":21},"end":{"line":23,"column":25}},"1":{"start":{"line":24,"column":0},"end":{"line":34,"column":1}},"2":{"start":{"line":25,"column":2},"end":{"line":33,"column":3}},"3":{"start":{"line":28,"column":4},"end":{"line":30,"column":14}},"4":{"start":{"line":37,"column":22},"end":{"line":55,"column":1}},"5":{"start":{"line":58,"column":25},"end":{"line":257,"column":1}},"6":{"start":{"line":68,"column":23},"end":{"line":68,"column":44}},"7":{"start":{"line":69,"column":28},"end":{"line":69,"column":40}},"8":{"start":{"line":70,"column":40},"end":{"line":70,"column":52}},"9":{"start":{"line":71,"column":50},"end":{"line":71,"column":74}},"10":{"start":{"line":72,"column":26},"end":{"line":72,"column":46}},"11":{"start":{"line":73,"column":46},"end":{"line":73,"column":61}},"12":{"start":{"line":76,"column":24},"end":{"line":76,"column":57}},"13":{"start":{"line":78,"column":2},"end":{"line":91,"column":33}},"14":{"start":{"line":79,"column":4},"end":{"line":90,"column":5}},"15":{"start":{"line":80,"column":6},"end":{"line":80,"column":34}},"16":{"start":{"line":81,"column":6},"end":{"line":81,"column":46}},"17":{"start":{"line":82,"column":6},"end":{"line":82,"column":60}},"18":{"start":{"line":83,"column":6},"end":{"line":83,"column":62}},"19":{"start":{"line":86,"column":6},"end":{"line":86,"column":19}},"20":{"start":{"line":87,"column":6},"end":{"line":87,"column":25}},"21":{"start":{"line":88,"column":6},"end":{"line":88,"column":42}},"22":{"start":{"line":89,"column":6},"end":{"line":89,"column":26}},"23":{"start":{"line":93,"column":23},"end":{"line":110,"column":3}},"24":{"start":{"line":94,"column":4},"end":{"line":97,"column":5}},"25":{"start":{"line":95,"column":6},"end":{"line":95,"column":51}},"26":{"start":{"line":96,"column":6},"end":{"line":96,"column":13}},"27":{"start":{"line":99,"column":4},"end":{"line":104,"column":7}},"28":{"start":{"line":107,"column":4},"end":{"line":107,"column":17}},"29":{"start":{"line":108,"column":4},"end":{"line":108,"column":23}},"30":{"start":{"line":109,"column":4},"end":{"line":109,"column":14}},"31":{"start":{"line":112,"column":24},"end":{"line":244,"column":3}},"32":{"start":{"line":113,"column":4},"end":{"line":243,"column":27}},"33":{"start":{"line":130,"column":14},"end":{"line":154,"column":33}},"34":{"start":{"line":143,"column":31},"end":{"line":143,"column":60}},"35":{"start":{"line":204,"column":27},"end":{"line":204,"column":50}},"36":{"start":{"line":216,"column":16},"end":{"line":216,"column":41}},"37":{"start":{"line":217,"column":16},"end":{"line":219,"column":17}},"38":{"start":{"line":218,"column":18},"end":{"line":218,"column":40}},"39":{"start":{"line":246,"column":2},"end":{"line":256,"column":4}},"40":{"start":{"line":260,"column":31},"end":{"line":399,"column":1}},"41":{"start":{"line":268,"column":23},"end":{"line":268,"column":44}},"42":{"start":{"line":269,"column":26},"end":{"line":269,"column":55}},"43":{"start":{"line":270,"column":44},"end":{"line":272,"column":3}},"44":{"start":{"line":273,"column":40},"end":{"line":275,"column":3}},"45":{"start":{"line":276,"column":46},"end":{"line":276,"column":61}},"46":{"start":{"line":277,"column":28},"end":{"line":277,"column":58}},"47":{"start":{"line":280,"column":24},"end":{"line":280,"column":57}},"48":{"start":{"line":282,"column":23},"end":{"line":295,"column":3}},"49":{"start":{"line":283,"column":4},"end":{"line":286,"column":5}},"50":{"start":{"line":284,"column":6},"end":{"line":284,"column":47}},"51":{"start":{"line":285,"column":6},"end":{"line":285,"column":13}},"52":{"start":{"line":288,"column":4},"end":{"line":293,"column":7}},"53":{"start":{"line":294,"column":4},"end":{"line":294,"column":14}},"54":{"start":{"line":297,"column":24},"end":{"line":386,"column":3}},"55":{"start":{"line":298,"column":4},"end":{"line":385,"column":17}},"56":{"start":{"line":306,"column":45},"end":{"line":306,"column":69}},"57":{"start":{"line":307,"column":31},"end":{"line":307,"column":43}},"58":{"start":{"line":350,"column":25},"end":{"line":350,"column":48}},"59":{"start":{"line":362,"column":14},"end":{"line":362,"column":39}},"60":{"start":{"line":363,"column":14},"end":{"line":365,"column":15}},"61":{"start":{"line":364,"column":16},"end":{"line":364,"column":45}},"62":{"start":{"line":388,"column":2},"end":{"line":398,"column":4}},"63":{"start":{"line":402,"column":28},"end":{"line":582,"column":4}},"64":{"start":{"line":403,"column":2},"end":{"line":582,"column":4}},"65":{"start":{"line":585,"column":15},"end":{"line":585,"column":42}},"66":{"start":{"line":587,"column":29},"end":{"line":592,"column":1}}},"fnMap":{"0":{"name":"(anonymous_0)","decl":{"start":{"line":58,"column":25},"end":{"line":58,"column":26}},"loc":{"start":{"line":66,"column":6},"end":{"line":257,"column":1}},"line":66},"1":{"name":"(anonymous_1)","decl":{"start":{"line":78,"column":12},"end":{"line":78,"column":13}},"loc":{"start":{"line":78,"column":18},"end":{"line":91,"column":3}},"line":78},"2":{"name":"(anonymous_2)","decl":{"start":{"line":93,"column":23},"end":{"line":93,"column":24}},"loc":{"start":{"line":93,"column":29},"end":{"line":110,"column":3}},"line":93},"3":{"name":"(anonymous_3)","decl":{"start":{"line":112,"column":24},"end":{"line":112,"column":25}},"loc":{"start":{"line":113,"column":4},"end":{"line":243,"column":27}},"line":113},"4":{"name":"(anonymous_4)","decl":{"start":{"line":129,"column":28},"end":{"line":129,"column":29}},"loc":{"start":{"line":130,"column":14},"end":{"line":154,"column":33}},"line":130},"5":{"name":"(anonymous_5)","decl":{"start":{"line":143,"column":25},"end":{"line":143,"column":26}},"loc":{"start":{"line":143,"column":31},"end":{"line":143,"column":60}},"line":143},"6":{"name":"(anonymous_6)","decl":{"start":{"line":204,"column":21},"end":{"line":204,"column":22}},"loc":{"start":{"line":204,"column":27},"end":{"line":204,"column":50}},"line":204},"7":{"name":"(anonymous_7)","decl":{"start":{"line":215,"column":24},"end":{"line":215,"column":25}},"loc":{"start":{"line":215,"column":49},"end":{"line":220,"column":15}},"line":215},"8":{"name":"(anonymous_8)","decl":{"start":{"line":260,"column":31},"end":{"line":260,"column":32}},"loc":{"start":{"line":266,"column":6},"end":{"line":399,"column":1}},"line":266},"9":{"name":"(anonymous_9)","decl":{"start":{"line":282,"column":23},"end":{"line":282,"column":24}},"loc":{"start":{"line":282,"column":29},"end":{"line":295,"column":3}},"line":282},"10":{"name":"(anonymous_10)","decl":{"start":{"line":297,"column":24},"end":{"line":297,"column":25}},"loc":{"start":{"line":298,"column":4},"end":{"line":385,"column":17}},"line":298},"11":{"name":"(anonymous_11)","decl":{"start":{"line":306,"column":25},"end":{"line":306,"column":26}},"loc":{"start":{"line":306,"column":45},"end":{"line":306,"column":69}},"line":306},"12":{"name":"(anonymous_12)","decl":{"start":{"line":307,"column":25},"end":{"line":307,"column":26}},"loc":{"start":{"line":307,"column":31},"end":{"line":307,"column":43}},"line":307},"13":{"name":"(anonymous_13)","decl":{"start":{"line":350,"column":19},"end":{"line":350,"column":20}},"loc":{"start":{"line":350,"column":25},"end":{"line":350,"column":48}},"line":350},"14":{"name":"(anonymous_14)","decl":{"start":{"line":361,"column":22},"end":{"line":361,"column":23}},"loc":{"start":{"line":361,"column":47},"end":{"line":366,"column":13}},"line":361},"15":{"name":"(anonymous_15)","decl":{"start":{"line":402,"column":28},"end":{"line":402,"column":29}},"loc":{"start":{"line":403,"column":2},"end":{"line":582,"column":4}},"line":403}},"branchMap":{"0":{"loc":{"start":{"line":24,"column":0},"end":{"line":34,"column":1}},"type":"if","locations":[{"start":{"line":24,"column":0},"end":{"line":34,"column":1}},{"start":{},"end":{}}],"line":24},"1":{"loc":{"start":{"line":64,"column":2},"end":{"line":64,"column":17}},"type":"default-arg","locations":[{"start":{"line":64,"column":15},"end":{"line":64,"column":17}}],"line":64},"2":{"loc":{"start":{"line":68,"column":23},"end":{"line":68,"column":44}},"type":"binary-expr","locations":[{"start":{"line":68,"column":23},"end":{"line":68,"column":34}},{"start":{"line":68,"column":38},"end":{"line":68,"column":44}}],"line":68},"3":{"loc":{"start":{"line":71,"column":59},"end":{"line":71,"column":73}},"type":"binary-expr","locations":[{"start":{"line":71,"column":59},"end":{"line":71,"column":67}},{"start":{"line":71,"column":71},"end":{"line":71,"column":73}}],"line":71},"4":{"loc":{"start":{"line":79,"column":4},"end":{"line":90,"column":5}},"type":"if","locations":[{"start":{"line":79,"column":4},"end":{"line":90,"column":5}},{"start":{"line":84,"column":11},"end":{"line":90,"column":5}}],"line":79},"5":{"loc":{"start":{"line":80,"column":15},"end":{"line":80,"column":32}},"type":"binary-expr","locations":[{"start":{"line":80,"column":15},"end":{"line":80,"column":26}},{"start":{"line":80,"column":30},"end":{"line":80,"column":32}}],"line":80},"6":{"loc":{"start":{"line":81,"column":21},"end":{"line":81,"column":44}},"type":"binary-expr","locations":[{"start":{"line":81,"column":21},"end":{"line":81,"column":38}},{"start":{"line":81,"column":42},"end":{"line":81,"column":44}}],"line":81},"7":{"loc":{"start":{"line":82,"column":26},"end":{"line":82,"column":58}},"type":"binary-expr","locations":[{"start":{"line":82,"column":26},"end":{"line":82,"column":40}},{"start":{"line":82,"column":44},"end":{"line":82,"column":52}},{"start":{"line":82,"column":56},"end":{"line":82,"column":58}}],"line":82},"8":{"loc":{"start":{"line":83,"column":14},"end":{"line":83,"column":60}},"type":"cond-expr","locations":[{"start":{"line":83,"column":27},"end":{"line":83,"column":47}},{"start":{"line":83,"column":50},"end":{"line":83,"column":60}}],"line":83},"9":{"loc":{"start":{"line":88,"column":26},"end":{"line":88,"column":40}},"type":"binary-expr","locations":[{"start":{"line":88,"column":26},"end":{"line":88,"column":34}},{"start":{"line":88,"column":38},"end":{"line":88,"column":40}}],"line":88},"10":{"loc":{"start":{"line":94,"column":4},"end":{"line":97,"column":5}},"type":"if","locations":[{"start":{"line":94,"column":4},"end":{"line":97,"column":5}},{"start":{},"end":{}}],"line":94},"11":{"loc":{"start":{"line":114,"column":16},"end":{"line":114,"column":53}},"type":"cond-expr","locations":[{"start":{"line":114,"column":33},"end":{"line":114,"column":42}},{"start":{"line":114,"column":45},"end":{"line":114,"column":53}}],"line":114},"12":{"loc":{"start":{"line":134,"column":18},"end":{"line":135,"column":52}},"type":"binary-expr","locations":[{"start":{"line":134,"column":18},"end":{"line":134,"column":47}},{"start":{"line":135,"column":20},"end":{"line":135,"column":52}}],"line":134},"13":{"loc":{"start":{"line":138,"column":22},"end":{"line":140,"column":56}},"type":"cond-expr","locations":[{"start":{"line":139,"column":26},"end":{"line":139,"column":35}},{"start":{"line":140,"column":26},"end":{"line":140,"column":56}}],"line":138},"14":{"loc":{"start":{"line":148,"column":20},"end":{"line":149,"column":58}},"type":"binary-expr","locations":[{"start":{"line":148,"column":20},"end":{"line":148,"column":49}},{"start":{"line":149,"column":22},"end":{"line":149,"column":58}}],"line":148},"15":{"loc":{"start":{"line":166,"column":14},"end":{"line":166,"column":56}},"type":"binary-expr","locations":[{"start":{"line":166,"column":14},"end":{"line":166,"column":32}},{"start":{"line":166,"column":36},"end":{"line":166,"column":56}}],"line":166},"16":{"loc":{"start":{"line":172,"column":14},"end":{"line":172,"column":70}},"type":"cond-expr","locations":[{"start":{"line":172,"column":35},"end":{"line":172,"column":41}},{"start":{"line":172,"column":44},"end":{"line":172,"column":70}}],"line":172},"17":{"loc":{"start":{"line":185,"column":14},"end":{"line":185,"column":56}},"type":"binary-expr","locations":[{"start":{"line":185,"column":14},"end":{"line":185,"column":32}},{"start":{"line":185,"column":36},"end":{"line":185,"column":56}}],"line":185},"18":{"loc":{"start":{"line":191,"column":14},"end":{"line":191,"column":70}},"type":"cond-expr","locations":[{"start":{"line":191,"column":35},"end":{"line":191,"column":41}},{"start":{"line":191,"column":44},"end":{"line":191,"column":70}}],"line":191},"19":{"loc":{"start":{"line":210,"column":11},"end":{"line":222,"column":11}},"type":"binary-expr","locations":[{"start":{"line":210,"column":11},"end":{"line":210,"column":25}},{"start":{"line":210,"column":29},"end":{"line":210,"column":44}},{"start":{"line":210,"column":48},"end":{"line":210,"column":62}},{"start":{"line":211,"column":12},"end":{"line":221,"column":14}}],"line":210},"20":{"loc":{"start":{"line":217,"column":16},"end":{"line":219,"column":17}},"type":"if","locations":[{"start":{"line":217,"column":16},"end":{"line":219,"column":17}},{"start":{},"end":{}}],"line":217},"21":{"loc":{"start":{"line":238,"column":15},"end":{"line":238,"column":40}},"type":"cond-expr","locations":[{"start":{"line":238,"column":23},"end":{"line":238,"column":31}},{"start":{"line":238,"column":34},"end":{"line":238,"column":40}}],"line":238},"22":{"loc":{"start":{"line":250,"column":13},"end":{"line":250,"column":47}},"type":"cond-expr","locations":[{"start":{"line":250,"column":21},"end":{"line":250,"column":33}},{"start":{"line":250,"column":36},"end":{"line":250,"column":47}}],"line":250},"23":{"loc":{"start":{"line":268,"column":23},"end":{"line":268,"column":44}},"type":"binary-expr","locations":[{"start":{"line":268,"column":23},"end":{"line":268,"column":34}},{"start":{"line":268,"column":38},"end":{"line":268,"column":44}}],"line":268},"24":{"loc":{"start":{"line":269,"column":35},"end":{"line":269,"column":54}},"type":"binary-expr","locations":[{"start":{"line":269,"column":35},"end":{"line":269,"column":48}},{"start":{"line":269,"column":52},"end":{"line":269,"column":54}}],"line":269},"25":{"loc":{"start":{"line":271,"column":4},"end":{"line":271,"column":32}},"type":"binary-expr","locations":[{"start":{"line":271,"column":4},"end":{"line":271,"column":26}},{"start":{"line":271,"column":30},"end":{"line":271,"column":32}}],"line":271},"26":{"loc":{"start":{"line":274,"column":4},"end":{"line":274,"column":69}},"type":"cond-expr","locations":[{"start":{"line":274,"column":27},"end":{"line":274,"column":56}},{"start":{"line":274,"column":59},"end":{"line":274,"column":69}}],"line":274},"27":{"loc":{"start":{"line":277,"column":37},"end":{"line":277,"column":57}},"type":"binary-expr","locations":[{"start":{"line":277,"column":37},"end":{"line":277,"column":51}},{"start":{"line":277,"column":55},"end":{"line":277,"column":57}}],"line":277},"28":{"loc":{"start":{"line":283,"column":4},"end":{"line":286,"column":5}},"type":"if","locations":[{"start":{"line":283,"column":4},"end":{"line":286,"column":5}},{"start":{},"end":{}}],"line":283},"29":{"loc":{"start":{"line":290,"column":21},"end":{"line":290,"column":56}},"type":"binary-expr","locations":[{"start":{"line":290,"column":21},"end":{"line":290,"column":41}},{"start":{"line":290,"column":45},"end":{"line":290,"column":56}}],"line":290},"30":{"loc":{"start":{"line":318,"column":12},"end":{"line":318,"column":54}},"type":"binary-expr","locations":[{"start":{"line":318,"column":12},"end":{"line":318,"column":30}},{"start":{"line":318,"column":34},"end":{"line":318,"column":54}}],"line":318},"31":{"loc":{"start":{"line":324,"column":12},"end":{"line":324,"column":68}},"type":"cond-expr","locations":[{"start":{"line":324,"column":33},"end":{"line":324,"column":39}},{"start":{"line":324,"column":42},"end":{"line":324,"column":68}}],"line":324},"32":{"loc":{"start":{"line":335,"column":12},"end":{"line":335,"column":54}},"type":"binary-expr","locations":[{"start":{"line":335,"column":12},"end":{"line":335,"column":30}},{"start":{"line":335,"column":34},"end":{"line":335,"column":54}}],"line":335},"33":{"loc":{"start":{"line":341,"column":12},"end":{"line":341,"column":68}},"type":"cond-expr","locations":[{"start":{"line":341,"column":33},"end":{"line":341,"column":39}},{"start":{"line":341,"column":42},"end":{"line":341,"column":68}}],"line":341},"34":{"loc":{"start":{"line":356,"column":9},"end":{"line":368,"column":9}},"type":"binary-expr","locations":[{"start":{"line":356,"column":9},"end":{"line":356,"column":23}},{"start":{"line":356,"column":27},"end":{"line":356,"column":42}},{"start":{"line":356,"column":46},"end":{"line":356,"column":60}},{"start":{"line":357,"column":10},"end":{"line":367,"column":12}}],"line":356},"35":{"loc":{"start":{"line":363,"column":14},"end":{"line":365,"column":15}},"type":"if","locations":[{"start":{"line":363,"column":14},"end":{"line":365,"column":15}},{"start":{},"end":{}}],"line":363},"36":{"loc":{"start":{"line":431,"column":25},"end":{"line":431,"column":48}},"type":"cond-expr","locations":[{"start":{"line":431,"column":42},"end":{"line":431,"column":44}},{"start":{"line":431,"column":47},"end":{"line":431,"column":48}}],"line":431}},"s":{"0":0,"1":0,"2":0,"3":0,"4":0,"5":0,"6":0,"7":0,"8":0,"9":0,"10":0,"11":0,"12":0,"13":0,"14":0,"15":0,"16":0,"17":0,"18":0,"19":0,"20":0,"21":0,"22":0,"23":0,"24":0,"25":0,"26":0,"27":0,"28":0,"29":0,"30":0,"31":0,"32":0,"33":0,"34":0,"35":0,"36":0,"37":0,"38":0,"39":0,"40":0,"41":0,"42":0,"43":0,"44":0,"45":0,"46":0,"47":0,"48":0,"49":0,"50":0,"51":0,"52":0,"53":0,"54":0,"55":0,"56":0,"57":0,"58":0,"59":0,"60":0,"61":0,"62":0,"63":0,"64":0,"65":0,"66":0},"f":{"0":0,"1":0,"2":0,"3":0,"4":0,"5":0,"6":0,"7":0,"8":0,"9":0,"10":0,"11":0,"12":0,"13":0,"14":0,"15":0},"b":{"0":[0,0],"1":[0],"2":[0,0],"3":[0,0],"4":[0,0],"5":[0,0],"6":[0,0],"7":[0,0,0],"8":[0,0],"9":[0,0],"10":[0,0],"11":[0,0],"12":[0,0],"13":[0,0],"14":[0,0],"15":[0,0],"16":[0,0],"17":[0,0],"18":[0,0],"19":[0,0,0,0],"20":[0,0],"21":[0,0],"22":[0,0],"23":[0,0],"24":[0,0],"25":[0,0],"26":[0,0],"27":[0,0],"28":[0,0],"29":[0,0],"30":[0,0],"31":[0,0],"32":[0,0],"33":[0,0],"34":[0,0,0,0],"35":[0,0],"36":[0,0]}}
,"/Users/adamstack/manylla/src/components/BuyMeCoffeeButton/BuyMeCoffeeButton.js": {"path":"/Users/adamstack/manylla/src/components/BuyMeCoffeeButton/BuyMeCoffeeButton.js","statementMap":{"0":{"start":{"line":10,"column":26},"end":{"line":46,"column":1}},"1":{"start":{"line":11,"column":17},"end":{"line":11,"column":31}},"2":{"start":{"line":13,"column":2},"end":{"line":45,"column":3}},"3":{"start":{"line":15,"column":4},"end":{"line":28,"column":6}},"4":{"start":{"line":31,"column":4},"end":{"line":44,"column":6}},"5":{"start":{"line":48,"column":21},"end":{"line":105,"column":1}},"6":{"start":{"line":49,"column":2},"end":{"line":104,"column":5}}},"fnMap":{"0":{"name":"(anonymous_0)","decl":{"start":{"line":10,"column":26},"end":{"line":10,"column":27}},"loc":{"start":{"line":10,"column":68},"end":{"line":46,"column":1}},"line":10},"1":{"name":"(anonymous_1)","decl":{"start":{"line":48,"column":21},"end":{"line":48,"column":22}},"loc":{"start":{"line":48,"column":27},"end":{"line":105,"column":1}},"line":48}},"branchMap":{"0":{"loc":{"start":{"line":10,"column":45},"end":{"line":10,"column":61}},"type":"default-arg","locations":[{"start":{"line":10,"column":56},"end":{"line":10,"column":61}}],"line":10},"1":{"loc":{"start":{"line":13,"column":2},"end":{"line":45,"column":3}},"type":"if","locations":[{"start":{"line":13,"column":2},"end":{"line":45,"column":3}},{"start":{"line":29,"column":9},"end":{"line":45,"column":3}}],"line":13}},"s":{"0":0,"1":0,"2":0,"3":0,"4":0,"5":0,"6":0},"f":{"0":0,"1":0},"b":{"0":[0],"1":[0,0]}}
,"/Users/adamstack/manylla/src/components/Common/IconProvider.js": {"path":"/Users/adamstack/manylla/src/components/Common/IconProvider.js","statementMap":{"0":{"start":{"line":12,"column":20},"end":{"line":12,"column":24}},"1":{"start":{"line":13,"column":0},"end":{"line":17,"column":1}},"2":{"start":{"line":14,"column":2},"end":{"line":16,"column":16}},"3":{"start":{"line":15,"column":4},"end":{"line":15,"column":79}},"4":{"start":{"line":20,"column":15},"end":{"line":20,"column":17}},"5":{"start":{"line":21,"column":0},"end":{"line":144,"column":1}},"6":{"start":{"line":22,"column":2},"end":{"line":143,"column":4}},"7":{"start":{"line":147,"column":20},"end":{"line":226,"column":1}},"8":{"start":{"line":229,"column":13},"end":{"line":251,"column":1}},"9":{"start":{"line":230,"column":2},"end":{"line":235,"column":3}},"10":{"start":{"line":231,"column":26},"end":{"line":231,"column":40}},"11":{"start":{"line":232,"column":4},"end":{"line":234,"column":6}},"12":{"start":{"line":237,"column":2},"end":{"line":247,"column":3}},"13":{"start":{"line":238,"column":4},"end":{"line":246,"column":6}},"14":{"start":{"line":250,"column":2},"end":{"line":250,"column":74}},"15":{"start":{"line":254,"column":29},"end":{"line":270,"column":1}},"16":{"start":{"line":273,"column":24},"end":{"line":273,"column":66}},"17":{"start":{"line":273,"column":35},"end":{"line":273,"column":66}},"18":{"start":{"line":274,"column":25},"end":{"line":274,"column":68}},"19":{"start":{"line":274,"column":36},"end":{"line":274,"column":68}},"20":{"start":{"line":275,"column":26},"end":{"line":275,"column":70}},"21":{"start":{"line":275,"column":37},"end":{"line":275,"column":70}},"22":{"start":{"line":276,"column":23},"end":{"line":276,"column":64}},"23":{"start":{"line":276,"column":34},"end":{"line":276,"column":64}},"24":{"start":{"line":277,"column":24},"end":{"line":277,"column":66}},"25":{"start":{"line":277,"column":35},"end":{"line":277,"column":66}},"26":{"start":{"line":278,"column":26},"end":{"line":278,"column":70}},"27":{"start":{"line":278,"column":37},"end":{"line":278,"column":70}},"28":{"start":{"line":279,"column":25},"end":{"line":279,"column":68}},"29":{"start":{"line":279,"column":36},"end":{"line":279,"column":68}},"30":{"start":{"line":280,"column":25},"end":{"line":280,"column":68}},"31":{"start":{"line":280,"column":36},"end":{"line":280,"column":68}},"32":{"start":{"line":281,"column":26},"end":{"line":281,"column":70}},"33":{"start":{"line":281,"column":37},"end":{"line":281,"column":70}},"34":{"start":{"line":282,"column":24},"end":{"line":282,"column":66}},"35":{"start":{"line":282,"column":35},"end":{"line":282,"column":66}},"36":{"start":{"line":283,"column":28},"end":{"line":283,"column":74}},"37":{"start":{"line":283,"column":39},"end":{"line":283,"column":74}},"38":{"start":{"line":284,"column":25},"end":{"line":284,"column":68}},"39":{"start":{"line":284,"column":36},"end":{"line":284,"column":68}},"40":{"start":{"line":285,"column":25},"end":{"line":285,"column":68}},"41":{"start":{"line":285,"column":36},"end":{"line":285,"column":68}},"42":{"start":{"line":286,"column":26},"end":{"line":286,"column":70}},"43":{"start":{"line":286,"column":37},"end":{"line":286,"column":70}},"44":{"start":{"line":287,"column":30},"end":{"line":287,"column":78}},"45":{"start":{"line":287,"column":41},"end":{"line":287,"column":78}},"46":{"start":{"line":288,"column":28},"end":{"line":288,"column":74}},"47":{"start":{"line":288,"column":39},"end":{"line":288,"column":74}},"48":{"start":{"line":289,"column":29},"end":{"line":289,"column":76}},"49":{"start":{"line":289,"column":40},"end":{"line":289,"column":76}},"50":{"start":{"line":290,"column":27},"end":{"line":290,"column":72}},"51":{"start":{"line":290,"column":38},"end":{"line":290,"column":72}},"52":{"start":{"line":291,"column":27},"end":{"line":291,"column":73}},"53":{"start":{"line":291,"column":38},"end":{"line":291,"column":73}},"54":{"start":{"line":292,"column":29},"end":{"line":292,"column":77}},"55":{"start":{"line":292,"column":40},"end":{"line":292,"column":77}},"56":{"start":{"line":293,"column":31},"end":{"line":293,"column":79}},"57":{"start":{"line":293,"column":42},"end":{"line":293,"column":79}},"58":{"start":{"line":294,"column":29},"end":{"line":294,"column":76}},"59":{"start":{"line":294,"column":40},"end":{"line":294,"column":76}},"60":{"start":{"line":295,"column":31},"end":{"line":297,"column":1}},"61":{"start":{"line":296,"column":2},"end":{"line":296,"column":40}},"62":{"start":{"line":298,"column":35},"end":{"line":300,"column":1}},"63":{"start":{"line":299,"column":2},"end":{"line":299,"column":44}},"64":{"start":{"line":301,"column":28},"end":{"line":301,"column":74}},"65":{"start":{"line":301,"column":39},"end":{"line":301,"column":74}},"66":{"start":{"line":302,"column":31},"end":{"line":304,"column":1}},"67":{"start":{"line":303,"column":2},"end":{"line":303,"column":40}},"68":{"start":{"line":305,"column":31},"end":{"line":307,"column":1}},"69":{"start":{"line":306,"column":2},"end":{"line":306,"column":40}},"70":{"start":{"line":308,"column":24},"end":{"line":308,"column":66}},"71":{"start":{"line":308,"column":35},"end":{"line":308,"column":66}},"72":{"start":{"line":309,"column":24},"end":{"line":309,"column":66}},"73":{"start":{"line":309,"column":35},"end":{"line":309,"column":66}},"74":{"start":{"line":310,"column":26},"end":{"line":310,"column":70}},"75":{"start":{"line":310,"column":37},"end":{"line":310,"column":70}},"76":{"start":{"line":311,"column":33},"end":{"line":313,"column":1}},"77":{"start":{"line":312,"column":2},"end":{"line":312,"column":42}},"78":{"start":{"line":314,"column":24},"end":{"line":314,"column":66}},"79":{"start":{"line":314,"column":35},"end":{"line":314,"column":66}},"80":{"start":{"line":315,"column":26},"end":{"line":315,"column":75}},"81":{"start":{"line":315,"column":37},"end":{"line":315,"column":75}},"82":{"start":{"line":316,"column":31},"end":{"line":318,"column":1}},"83":{"start":{"line":317,"column":2},"end":{"line":317,"column":40}},"84":{"start":{"line":319,"column":33},"end":{"line":321,"column":1}},"85":{"start":{"line":320,"column":2},"end":{"line":320,"column":42}},"86":{"start":{"line":322,"column":29},"end":{"line":322,"column":76}},"87":{"start":{"line":322,"column":40},"end":{"line":322,"column":76}},"88":{"start":{"line":323,"column":29},"end":{"line":323,"column":76}},"89":{"start":{"line":323,"column":40},"end":{"line":323,"column":76}},"90":{"start":{"line":324,"column":36},"end":{"line":326,"column":1}},"91":{"start":{"line":325,"column":2},"end":{"line":325,"column":45}}},"fnMap":{"0":{"name":"(anonymous_0)","decl":{"start":{"line":229,"column":13},"end":{"line":229,"column":14}},"loc":{"start":{"line":229,"column":74},"end":{"line":251,"column":1}},"line":229},"1":{"name":"(anonymous_1)","decl":{"start":{"line":273,"column":24},"end":{"line":273,"column":25}},"loc":{"start":{"line":273,"column":35},"end":{"line":273,"column":66}},"line":273},"2":{"name":"(anonymous_2)","decl":{"start":{"line":274,"column":25},"end":{"line":274,"column":26}},"loc":{"start":{"line":274,"column":36},"end":{"line":274,"column":68}},"line":274},"3":{"name":"(anonymous_3)","decl":{"start":{"line":275,"column":26},"end":{"line":275,"column":27}},"loc":{"start":{"line":275,"column":37},"end":{"line":275,"column":70}},"line":275},"4":{"name":"(anonymous_4)","decl":{"start":{"line":276,"column":23},"end":{"line":276,"column":24}},"loc":{"start":{"line":276,"column":34},"end":{"line":276,"column":64}},"line":276},"5":{"name":"(anonymous_5)","decl":{"start":{"line":277,"column":24},"end":{"line":277,"column":25}},"loc":{"start":{"line":277,"column":35},"end":{"line":277,"column":66}},"line":277},"6":{"name":"(anonymous_6)","decl":{"start":{"line":278,"column":26},"end":{"line":278,"column":27}},"loc":{"start":{"line":278,"column":37},"end":{"line":278,"column":70}},"line":278},"7":{"name":"(anonymous_7)","decl":{"start":{"line":279,"column":25},"end":{"line":279,"column":26}},"loc":{"start":{"line":279,"column":36},"end":{"line":279,"column":68}},"line":279},"8":{"name":"(anonymous_8)","decl":{"start":{"line":280,"column":25},"end":{"line":280,"column":26}},"loc":{"start":{"line":280,"column":36},"end":{"line":280,"column":68}},"line":280},"9":{"name":"(anonymous_9)","decl":{"start":{"line":281,"column":26},"end":{"line":281,"column":27}},"loc":{"start":{"line":281,"column":37},"end":{"line":281,"column":70}},"line":281},"10":{"name":"(anonymous_10)","decl":{"start":{"line":282,"column":24},"end":{"line":282,"column":25}},"loc":{"start":{"line":282,"column":35},"end":{"line":282,"column":66}},"line":282},"11":{"name":"(anonymous_11)","decl":{"start":{"line":283,"column":28},"end":{"line":283,"column":29}},"loc":{"start":{"line":283,"column":39},"end":{"line":283,"column":74}},"line":283},"12":{"name":"(anonymous_12)","decl":{"start":{"line":284,"column":25},"end":{"line":284,"column":26}},"loc":{"start":{"line":284,"column":36},"end":{"line":284,"column":68}},"line":284},"13":{"name":"(anonymous_13)","decl":{"start":{"line":285,"column":25},"end":{"line":285,"column":26}},"loc":{"start":{"line":285,"column":36},"end":{"line":285,"column":68}},"line":285},"14":{"name":"(anonymous_14)","decl":{"start":{"line":286,"column":26},"end":{"line":286,"column":27}},"loc":{"start":{"line":286,"column":37},"end":{"line":286,"column":70}},"line":286},"15":{"name":"(anonymous_15)","decl":{"start":{"line":287,"column":30},"end":{"line":287,"column":31}},"loc":{"start":{"line":287,"column":41},"end":{"line":287,"column":78}},"line":287},"16":{"name":"(anonymous_16)","decl":{"start":{"line":288,"column":28},"end":{"line":288,"column":29}},"loc":{"start":{"line":288,"column":39},"end":{"line":288,"column":74}},"line":288},"17":{"name":"(anonymous_17)","decl":{"start":{"line":289,"column":29},"end":{"line":289,"column":30}},"loc":{"start":{"line":289,"column":40},"end":{"line":289,"column":76}},"line":289},"18":{"name":"(anonymous_18)","decl":{"start":{"line":290,"column":27},"end":{"line":290,"column":28}},"loc":{"start":{"line":290,"column":38},"end":{"line":290,"column":72}},"line":290},"19":{"name":"(anonymous_19)","decl":{"start":{"line":291,"column":27},"end":{"line":291,"column":28}},"loc":{"start":{"line":291,"column":38},"end":{"line":291,"column":73}},"line":291},"20":{"name":"(anonymous_20)","decl":{"start":{"line":292,"column":29},"end":{"line":292,"column":30}},"loc":{"start":{"line":292,"column":40},"end":{"line":292,"column":77}},"line":292},"21":{"name":"(anonymous_21)","decl":{"start":{"line":293,"column":31},"end":{"line":293,"column":32}},"loc":{"start":{"line":293,"column":42},"end":{"line":293,"column":79}},"line":293},"22":{"name":"(anonymous_22)","decl":{"start":{"line":294,"column":29},"end":{"line":294,"column":30}},"loc":{"start":{"line":294,"column":40},"end":{"line":294,"column":76}},"line":294},"23":{"name":"(anonymous_23)","decl":{"start":{"line":295,"column":31},"end":{"line":295,"column":32}},"loc":{"start":{"line":296,"column":2},"end":{"line":296,"column":40}},"line":296},"24":{"name":"(anonymous_24)","decl":{"start":{"line":298,"column":35},"end":{"line":298,"column":36}},"loc":{"start":{"line":299,"column":2},"end":{"line":299,"column":44}},"line":299},"25":{"name":"(anonymous_25)","decl":{"start":{"line":301,"column":28},"end":{"line":301,"column":29}},"loc":{"start":{"line":301,"column":39},"end":{"line":301,"column":74}},"line":301},"26":{"name":"(anonymous_26)","decl":{"start":{"line":302,"column":31},"end":{"line":302,"column":32}},"loc":{"start":{"line":303,"column":2},"end":{"line":303,"column":40}},"line":303},"27":{"name":"(anonymous_27)","decl":{"start":{"line":305,"column":31},"end":{"line":305,"column":32}},"loc":{"start":{"line":306,"column":2},"end":{"line":306,"column":40}},"line":306},"28":{"name":"(anonymous_28)","decl":{"start":{"line":308,"column":24},"end":{"line":308,"column":25}},"loc":{"start":{"line":308,"column":35},"end":{"line":308,"column":66}},"line":308},"29":{"name":"(anonymous_29)","decl":{"start":{"line":309,"column":24},"end":{"line":309,"column":25}},"loc":{"start":{"line":309,"column":35},"end":{"line":309,"column":66}},"line":309},"30":{"name":"(anonymous_30)","decl":{"start":{"line":310,"column":26},"end":{"line":310,"column":27}},"loc":{"start":{"line":310,"column":37},"end":{"line":310,"column":70}},"line":310},"31":{"name":"(anonymous_31)","decl":{"start":{"line":311,"column":33},"end":{"line":311,"column":34}},"loc":{"start":{"line":312,"column":2},"end":{"line":312,"column":42}},"line":312},"32":{"name":"(anonymous_32)","decl":{"start":{"line":314,"column":24},"end":{"line":314,"column":25}},"loc":{"start":{"line":314,"column":35},"end":{"line":314,"column":66}},"line":314},"33":{"name":"(anonymous_33)","decl":{"start":{"line":315,"column":26},"end":{"line":315,"column":27}},"loc":{"start":{"line":315,"column":37},"end":{"line":315,"column":75}},"line":315},"34":{"name":"(anonymous_34)","decl":{"start":{"line":316,"column":31},"end":{"line":316,"column":32}},"loc":{"start":{"line":317,"column":2},"end":{"line":317,"column":40}},"line":317},"35":{"name":"(anonymous_35)","decl":{"start":{"line":319,"column":33},"end":{"line":319,"column":34}},"loc":{"start":{"line":320,"column":2},"end":{"line":320,"column":42}},"line":320},"36":{"name":"(anonymous_36)","decl":{"start":{"line":322,"column":29},"end":{"line":322,"column":30}},"loc":{"start":{"line":322,"column":40},"end":{"line":322,"column":76}},"line":322},"37":{"name":"(anonymous_37)","decl":{"start":{"line":323,"column":29},"end":{"line":323,"column":30}},"loc":{"start":{"line":323,"column":40},"end":{"line":323,"column":76}},"line":323},"38":{"name":"(anonymous_38)","decl":{"start":{"line":324,"column":36},"end":{"line":324,"column":37}},"loc":{"start":{"line":325,"column":2},"end":{"line":325,"column":45}},"line":325}},"branchMap":{"0":{"loc":{"start":{"line":13,"column":0},"end":{"line":17,"column":1}},"type":"if","locations":[{"start":{"line":13,"column":0},"end":{"line":17,"column":1}},{"start":{},"end":{}}],"line":13},"1":{"loc":{"start":{"line":21,"column":0},"end":{"line":144,"column":1}},"type":"if","locations":[{"start":{"line":21,"column":0},"end":{"line":144,"column":1}},{"start":{},"end":{}}],"line":21},"2":{"loc":{"start":{"line":229,"column":22},"end":{"line":229,"column":31}},"type":"default-arg","locations":[{"start":{"line":229,"column":29},"end":{"line":229,"column":31}}],"line":229},"3":{"loc":{"start":{"line":229,"column":33},"end":{"line":229,"column":50}},"type":"default-arg","locations":[{"start":{"line":229,"column":41},"end":{"line":229,"column":50}}],"line":229},"4":{"loc":{"start":{"line":230,"column":2},"end":{"line":235,"column":3}},"type":"if","locations":[{"start":{"line":230,"column":2},"end":{"line":235,"column":3}},{"start":{},"end":{}}],"line":230},"5":{"loc":{"start":{"line":230,"column":6},"end":{"line":230,"column":38}},"type":"binary-expr","locations":[{"start":{"line":230,"column":6},"end":{"line":230,"column":20}},{"start":{"line":230,"column":24},"end":{"line":230,"column":38}}],"line":230},"6":{"loc":{"start":{"line":237,"column":2},"end":{"line":247,"column":3}},"type":"if","locations":[{"start":{"line":237,"column":2},"end":{"line":247,"column":3}},{"start":{},"end":{}}],"line":237},"7":{"loc":{"start":{"line":237,"column":6},"end":{"line":237,"column":59}},"type":"binary-expr","locations":[{"start":{"line":237,"column":6},"end":{"line":237,"column":21}},{"start":{"line":237,"column":25},"end":{"line":237,"column":38}},{"start":{"line":237,"column":42},"end":{"line":237,"column":59}}],"line":237}},"s":{"0":0,"1":0,"2":0,"3":0,"4":0,"5":0,"6":0,"7":0,"8":0,"9":0,"10":0,"11":0,"12":0,"13":0,"14":0,"15":0,"16":0,"17":0,"18":0,"19":0,"20":0,"21":0,"22":0,"23":0,"24":0,"25":0,"26":0,"27":0,"28":0,"29":0,"30":0,"31":0,"32":0,"33":0,"34":0,"35":0,"36":0,"37":0,"38":0,"39":0,"40":0,"41":0,"42":0,"43":0,"44":0,"45":0,"46":0,"47":0,"48":0,"49":0,"50":0,"51":0,"52":0,"53":0,"54":0,"55":0,"56":0,"57":0,"58":0,"59":0,"60":0,"61":0,"62":0,"63":0,"64":0,"65":0,"66":0,"67":0,"68":0,"69":0,"70":0,"71":0,"72":0,"73":0,"74":0,"75":0,"76":0,"77":0,"78":0,"79":0,"80":0,"81":0,"82":0,"83":0,"84":0,"85":0,"86":0,"87":0,"88":0,"89":0,"90":0,"91":0},"f":{"0":0,"1":0,"2":0,"3":0,"4":0,"5":0,"6":0,"7":0,"8":0,"9":0,"10":0,"11":0,"12":0,"13":0,"14":0,"15":0,"16":0,"17":0,"18":0,"19":0,"20":0,"21":0,"22":0,"23":0,"24":0,"25":0,"26":0,"27":0,"28":0,"29":0,"30":0,"31":0,"32":0,"33":0,"34":0,"35":0,"36":0,"37":0,"38":0},"b":{"0":[0,0],"1":[0,0],"2":[0],"3":[0],"4":[0,0],"5":[0,0],"6":[0,0],"7":[0,0,0]}}
,"/Users/adamstack/manylla/src/components/Common/ImagePicker.js": {"path":"/Users/adamstack/manylla/src/components/Common/ImagePicker.js","statementMap":{"0":{"start":{"line":10,"column":24},"end":{"line":10,"column":28}},"1":{"start":{"line":11,"column":29},"end":{"line":31,"column":1}},"2":{"start":{"line":12,"column":2},"end":{"line":14,"column":3}},"3":{"start":{"line":13,"column":4},"end":{"line":13,"column":16}},"4":{"start":{"line":17,"column":2},"end":{"line":28,"column":3}},"5":{"start":{"line":18,"column":4},"end":{"line":27,"column":5}},"6":{"start":{"line":21,"column":21},"end":{"line":21,"column":57}},"7":{"start":{"line":22,"column":6},"end":{"line":24,"column":7}},"8":{"start":{"line":23,"column":8},"end":{"line":23,"column":35}},"9":{"start":{"line":26,"column":6},"end":{"line":26,"column":32}},"10":{"start":{"line":30,"column":2},"end":{"line":30,"column":35}},"11":{"start":{"line":34,"column":22},"end":{"line":50,"column":1}},"12":{"start":{"line":62,"column":4},"end":{"line":66,"column":5}},"13":{"start":{"line":63,"column":6},"end":{"line":63,"column":50}},"14":{"start":{"line":65,"column":6},"end":{"line":65,"column":64}},"15":{"start":{"line":75,"column":4},"end":{"line":79,"column":5}},"16":{"start":{"line":76,"column":6},"end":{"line":78,"column":8}},"17":{"start":{"line":81,"column":4},"end":{"line":81,"column":61}},"18":{"start":{"line":90,"column":4},"end":{"line":94,"column":5}},"19":{"start":{"line":91,"column":6},"end":{"line":91,"column":50}},"20":{"start":{"line":93,"column":6},"end":{"line":93,"column":52}},"21":{"start":{"line":102,"column":4},"end":{"line":154,"column":7}},"22":{"start":{"line":103,"column":6},"end":{"line":153,"column":7}},"23":{"start":{"line":104,"column":22},"end":{"line":104,"column":53}},"24":{"start":{"line":105,"column":8},"end":{"line":105,"column":28}},"25":{"start":{"line":106,"column":8},"end":{"line":106,"column":66}},"26":{"start":{"line":107,"column":8},"end":{"line":107,"column":72}},"27":{"start":{"line":109,"column":8},"end":{"line":143,"column":10}},"28":{"start":{"line":110,"column":23},"end":{"line":110,"column":44}},"29":{"start":{"line":112,"column":10},"end":{"line":115,"column":11}},"30":{"start":{"line":113,"column":12},"end":{"line":113,"column":41}},"31":{"start":{"line":114,"column":12},"end":{"line":114,"column":19}},"32":{"start":{"line":118,"column":29},"end":{"line":118,"column":48}},"33":{"start":{"line":119,"column":10},"end":{"line":122,"column":11}},"34":{"start":{"line":120,"column":12},"end":{"line":120,"column":48}},"35":{"start":{"line":121,"column":12},"end":{"line":121,"column":19}},"36":{"start":{"line":125,"column":25},"end":{"line":125,"column":41}},"37":{"start":{"line":126,"column":10},"end":{"line":136,"column":12}},"38":{"start":{"line":127,"column":12},"end":{"line":135,"column":15}},"39":{"start":{"line":138,"column":10},"end":{"line":140,"column":12}},"40":{"start":{"line":139,"column":12},"end":{"line":139,"column":62}},"41":{"start":{"line":142,"column":10},"end":{"line":142,"column":37}},"42":{"start":{"line":145,"column":8},"end":{"line":147,"column":10}},"43":{"start":{"line":146,"column":10},"end":{"line":146,"column":39}},"44":{"start":{"line":150,"column":8},"end":{"line":150,"column":22}},"45":{"start":{"line":152,"column":8},"end":{"line":152,"column":70}},"46":{"start":{"line":162,"column":19},"end":{"line":162,"column":41}},"47":{"start":{"line":164,"column":4},"end":{"line":168,"column":5}},"48":{"start":{"line":165,"column":6},"end":{"line":167,"column":8}},"49":{"start":{"line":170,"column":4},"end":{"line":228,"column":7}},"50":{"start":{"line":171,"column":28},"end":{"line":174,"column":7}},"51":{"start":{"line":176,"column":23},"end":{"line":217,"column":7}},"52":{"start":{"line":177,"column":8},"end":{"line":180,"column":9}},"53":{"start":{"line":178,"column":10},"end":{"line":178,"column":39}},"54":{"start":{"line":179,"column":10},"end":{"line":179,"column":17}},"55":{"start":{"line":182,"column":8},"end":{"line":185,"column":9}},"56":{"start":{"line":183,"column":10},"end":{"line":183,"column":79}},"57":{"start":{"line":184,"column":10},"end":{"line":184,"column":17}},"58":{"start":{"line":187,"column":22},"end":{"line":187,"column":59}},"59":{"start":{"line":188,"column":8},"end":{"line":191,"column":9}},"60":{"start":{"line":189,"column":10},"end":{"line":189,"column":49}},"61":{"start":{"line":190,"column":10},"end":{"line":190,"column":17}},"62":{"start":{"line":194,"column":27},"end":{"line":197,"column":10}},"63":{"start":{"line":199,"column":8},"end":{"line":202,"column":9}},"64":{"start":{"line":200,"column":10},"end":{"line":200,"column":46}},"65":{"start":{"line":201,"column":10},"end":{"line":201,"column":17}},"66":{"start":{"line":205,"column":8},"end":{"line":216,"column":11}},"67":{"start":{"line":219,"column":6},"end":{"line":227,"column":7}},"68":{"start":{"line":220,"column":8},"end":{"line":224,"column":9}},"69":{"start":{"line":221,"column":10},"end":{"line":221,"column":55}},"70":{"start":{"line":223,"column":10},"end":{"line":223,"column":61}},"71":{"start":{"line":226,"column":8},"end":{"line":226,"column":73}},"72":{"start":{"line":236,"column":4},"end":{"line":265,"column":7}},"73":{"start":{"line":237,"column":6},"end":{"line":264,"column":8}},"74":{"start":{"line":244,"column":27},"end":{"line":244,"column":55}},"75":{"start":{"line":249,"column":14},"end":{"line":251,"column":31}},"76":{"start":{"line":257,"column":14},"end":{"line":259,"column":31}},"77":{"start":{"line":263,"column":45},"end":{"line":263,"column":73}},"78":{"start":{"line":273,"column":4},"end":{"line":275,"column":5}},"79":{"start":{"line":274,"column":6},"end":{"line":274,"column":19}},"80":{"start":{"line":278,"column":4},"end":{"line":278,"column":16}},"81":{"start":{"line":286,"column":4},"end":{"line":286,"column":16}},"82":{"start":{"line":294,"column":4},"end":{"line":296,"column":5}},"83":{"start":{"line":295,"column":6},"end":{"line":295,"column":19}},"84":{"start":{"line":299,"column":4},"end":{"line":299,"column":16}},"85":{"start":{"line":307,"column":4},"end":{"line":309,"column":5}},"86":{"start":{"line":308,"column":6},"end":{"line":308,"column":18}},"87":{"start":{"line":312,"column":4},"end":{"line":312,"column":16}},"88":{"start":{"line":320,"column":4},"end":{"line":329,"column":6}},"89":{"start":{"line":338,"column":4},"end":{"line":340,"column":5}},"90":{"start":{"line":339,"column":6},"end":{"line":339,"column":60}},"91":{"start":{"line":342,"column":4},"end":{"line":344,"column":5}},"92":{"start":{"line":343,"column":6},"end":{"line":343,"column":63}},"93":{"start":{"line":347,"column":4},"end":{"line":352,"column":5}},"94":{"start":{"line":348,"column":6},"end":{"line":351,"column":8}},"95":{"start":{"line":355,"column":4},"end":{"line":363,"column":5}},"96":{"start":{"line":359,"column":6},"end":{"line":362,"column":8}},"97":{"start":{"line":365,"column":4},"end":{"line":365,"column":29}},"98":{"start":{"line":375,"column":20},"end":{"line":375,"column":52}},"99":{"start":{"line":378,"column":4},"end":{"line":380,"column":5}},"100":{"start":{"line":379,"column":6},"end":{"line":379,"column":84}},"101":{"start":{"line":382,"column":4},"end":{"line":384,"column":5}},"102":{"start":{"line":383,"column":6},"end":{"line":383,"column":40}},"103":{"start":{"line":386,"column":4},"end":{"line":388,"column":5}},"104":{"start":{"line":387,"column":6},"end":{"line":387,"column":79}},"105":{"start":{"line":390,"column":4},"end":{"line":392,"column":5}},"106":{"start":{"line":391,"column":6},"end":{"line":391,"column":71}},"107":{"start":{"line":394,"column":4},"end":{"line":396,"column":5}},"108":{"start":{"line":395,"column":6},"end":{"line":395,"column":83}},"109":{"start":{"line":399,"column":4},"end":{"line":399,"column":48}}},"fnMap":{"0":{"name":"(anonymous_0)","decl":{"start":{"line":11,"column":29},"end":{"line":11,"column":30}},"loc":{"start":{"line":11,"column":35},"end":{"line":31,"column":1}},"line":11},"1":{"name":"(anonymous_1)","decl":{"start":{"line":61,"column":2},"end":{"line":61,"column":3}},"loc":{"start":{"line":61,"column":35},"end":{"line":67,"column":3}},"line":61},"2":{"name":"(anonymous_2)","decl":{"start":{"line":74,"column":2},"end":{"line":74,"column":3}},"loc":{"start":{"line":74,"column":36},"end":{"line":82,"column":3}},"line":74},"3":{"name":"(anonymous_3)","decl":{"start":{"line":89,"column":2},"end":{"line":89,"column":3}},"loc":{"start":{"line":89,"column":39},"end":{"line":95,"column":3}},"line":89},"4":{"name":"(anonymous_4)","decl":{"start":{"line":101,"column":2},"end":{"line":101,"column":3}},"loc":{"start":{"line":101,"column":34},"end":{"line":155,"column":3}},"line":101},"5":{"name":"(anonymous_5)","decl":{"start":{"line":102,"column":23},"end":{"line":102,"column":24}},"loc":{"start":{"line":102,"column":44},"end":{"line":154,"column":5}},"line":102},"6":{"name":"(anonymous_6)","decl":{"start":{"line":109,"column":25},"end":{"line":109,"column":26}},"loc":{"start":{"line":109,"column":36},"end":{"line":143,"column":9}},"line":109},"7":{"name":"(anonymous_7)","decl":{"start":{"line":126,"column":29},"end":{"line":126,"column":30}},"loc":{"start":{"line":126,"column":35},"end":{"line":136,"column":11}},"line":126},"8":{"name":"(anonymous_8)","decl":{"start":{"line":138,"column":27},"end":{"line":138,"column":28}},"loc":{"start":{"line":138,"column":33},"end":{"line":140,"column":11}},"line":138},"9":{"name":"(anonymous_9)","decl":{"start":{"line":145,"column":25},"end":{"line":145,"column":26}},"loc":{"start":{"line":145,"column":31},"end":{"line":147,"column":9}},"line":145},"10":{"name":"(anonymous_10)","decl":{"start":{"line":161,"column":2},"end":{"line":161,"column":3}},"loc":{"start":{"line":161,"column":45},"end":{"line":229,"column":3}},"line":161},"11":{"name":"(anonymous_11)","decl":{"start":{"line":170,"column":23},"end":{"line":170,"column":24}},"loc":{"start":{"line":170,"column":44},"end":{"line":228,"column":5}},"line":170},"12":{"name":"(anonymous_12)","decl":{"start":{"line":176,"column":23},"end":{"line":176,"column":24}},"loc":{"start":{"line":176,"column":37},"end":{"line":217,"column":7}},"line":176},"13":{"name":"(anonymous_13)","decl":{"start":{"line":235,"column":2},"end":{"line":235,"column":3}},"loc":{"start":{"line":235,"column":36},"end":{"line":266,"column":3}},"line":235},"14":{"name":"(anonymous_14)","decl":{"start":{"line":236,"column":23},"end":{"line":236,"column":24}},"loc":{"start":{"line":236,"column":44},"end":{"line":265,"column":5}},"line":236},"15":{"name":"(anonymous_15)","decl":{"start":{"line":244,"column":21},"end":{"line":244,"column":22}},"loc":{"start":{"line":244,"column":27},"end":{"line":244,"column":55}},"line":244},"16":{"name":"(anonymous_16)","decl":{"start":{"line":248,"column":21},"end":{"line":248,"column":22}},"loc":{"start":{"line":248,"column":27},"end":{"line":252,"column":13}},"line":248},"17":{"name":"(anonymous_17)","decl":{"start":{"line":256,"column":21},"end":{"line":256,"column":22}},"loc":{"start":{"line":256,"column":27},"end":{"line":260,"column":13}},"line":256},"18":{"name":"(anonymous_18)","decl":{"start":{"line":263,"column":39},"end":{"line":263,"column":40}},"loc":{"start":{"line":263,"column":45},"end":{"line":263,"column":73}},"line":263},"19":{"name":"(anonymous_19)","decl":{"start":{"line":272,"column":2},"end":{"line":272,"column":3}},"loc":{"start":{"line":272,"column":29},"end":{"line":279,"column":3}},"line":272},"20":{"name":"(anonymous_20)","decl":{"start":{"line":285,"column":2},"end":{"line":285,"column":3}},"loc":{"start":{"line":285,"column":30},"end":{"line":287,"column":3}},"line":285},"21":{"name":"(anonymous_21)","decl":{"start":{"line":293,"column":2},"end":{"line":293,"column":3}},"loc":{"start":{"line":293,"column":41},"end":{"line":300,"column":3}},"line":293},"22":{"name":"(anonymous_22)","decl":{"start":{"line":306,"column":2},"end":{"line":306,"column":3}},"loc":{"start":{"line":306,"column":42},"end":{"line":313,"column":3}},"line":306},"23":{"name":"(anonymous_23)","decl":{"start":{"line":319,"column":2},"end":{"line":319,"column":3}},"loc":{"start":{"line":319,"column":31},"end":{"line":330,"column":3}},"line":319},"24":{"name":"(anonymous_24)","decl":{"start":{"line":337,"column":2},"end":{"line":337,"column":3}},"loc":{"start":{"line":337,"column":32},"end":{"line":366,"column":3}},"line":337},"25":{"name":"(anonymous_25)","decl":{"start":{"line":374,"column":2},"end":{"line":374,"column":3}},"loc":{"start":{"line":374,"column":60},"end":{"line":400,"column":3}},"line":374}},"branchMap":{"0":{"loc":{"start":{"line":12,"column":2},"end":{"line":14,"column":3}},"type":"if","locations":[{"start":{"line":12,"column":2},"end":{"line":14,"column":3}},{"start":{},"end":{}}],"line":12},"1":{"loc":{"start":{"line":17,"column":2},"end":{"line":28,"column":3}},"type":"if","locations":[{"start":{"line":17,"column":2},"end":{"line":28,"column":3}},{"start":{},"end":{}}],"line":17},"2":{"loc":{"start":{"line":17,"column":6},"end":{"line":17,"column":51}},"type":"binary-expr","locations":[{"start":{"line":17,"column":6},"end":{"line":17,"column":32}},{"start":{"line":17,"column":36},"end":{"line":17,"column":51}}],"line":17},"3":{"loc":{"start":{"line":22,"column":6},"end":{"line":24,"column":7}},"type":"if","locations":[{"start":{"line":22,"column":6},"end":{"line":24,"column":7}},{"start":{},"end":{}}],"line":22},"4":{"loc":{"start":{"line":30,"column":9},"end":{"line":30,"column":34}},"type":"binary-expr","locations":[{"start":{"line":30,"column":9},"end":{"line":30,"column":26}},{"start":{"line":30,"column":30},"end":{"line":30,"column":34}}],"line":30},"5":{"loc":{"start":{"line":61,"column":21},"end":{"line":61,"column":33}},"type":"default-arg","locations":[{"start":{"line":61,"column":31},"end":{"line":61,"column":33}}],"line":61},"6":{"loc":{"start":{"line":62,"column":4},"end":{"line":66,"column":5}},"type":"if","locations":[{"start":{"line":62,"column":4},"end":{"line":66,"column":5}},{"start":{"line":64,"column":11},"end":{"line":66,"column":5}}],"line":62},"7":{"loc":{"start":{"line":74,"column":22},"end":{"line":74,"column":34}},"type":"default-arg","locations":[{"start":{"line":74,"column":32},"end":{"line":74,"column":34}}],"line":74},"8":{"loc":{"start":{"line":75,"column":4},"end":{"line":79,"column":5}},"type":"if","locations":[{"start":{"line":75,"column":4},"end":{"line":79,"column":5}},{"start":{},"end":{}}],"line":75},"9":{"loc":{"start":{"line":89,"column":25},"end":{"line":89,"column":37}},"type":"default-arg","locations":[{"start":{"line":89,"column":35},"end":{"line":89,"column":37}}],"line":89},"10":{"loc":{"start":{"line":90,"column":4},"end":{"line":94,"column":5}},"type":"if","locations":[{"start":{"line":90,"column":4},"end":{"line":94,"column":5}},{"start":{"line":92,"column":11},"end":{"line":94,"column":5}}],"line":90},"11":{"loc":{"start":{"line":106,"column":23},"end":{"line":106,"column":65}},"type":"binary-expr","locations":[{"start":{"line":106,"column":23},"end":{"line":106,"column":37}},{"start":{"line":106,"column":41},"end":{"line":106,"column":65}}],"line":106},"12":{"loc":{"start":{"line":107,"column":25},"end":{"line":107,"column":71}},"type":"binary-expr","locations":[{"start":{"line":107,"column":25},"end":{"line":107,"column":41}},{"start":{"line":107,"column":45},"end":{"line":107,"column":71}}],"line":107},"13":{"loc":{"start":{"line":112,"column":10},"end":{"line":115,"column":11}},"type":"if","locations":[{"start":{"line":112,"column":10},"end":{"line":115,"column":11}},{"start":{},"end":{}}],"line":112},"14":{"loc":{"start":{"line":119,"column":10},"end":{"line":122,"column":11}},"type":"if","locations":[{"start":{"line":119,"column":10},"end":{"line":122,"column":11}},{"start":{},"end":{}}],"line":119},"15":{"loc":{"start":{"line":164,"column":4},"end":{"line":168,"column":5}},"type":"if","locations":[{"start":{"line":164,"column":4},"end":{"line":168,"column":5}},{"start":{},"end":{}}],"line":164},"16":{"loc":{"start":{"line":177,"column":8},"end":{"line":180,"column":9}},"type":"if","locations":[{"start":{"line":177,"column":8},"end":{"line":180,"column":9}},{"start":{},"end":{}}],"line":177},"17":{"loc":{"start":{"line":182,"column":8},"end":{"line":185,"column":9}},"type":"if","locations":[{"start":{"line":182,"column":8},"end":{"line":185,"column":9}},{"start":{},"end":{}}],"line":182},"18":{"loc":{"start":{"line":182,"column":12},"end":{"line":182,"column":55}},"type":"binary-expr","locations":[{"start":{"line":182,"column":12},"end":{"line":182,"column":30}},{"start":{"line":182,"column":34},"end":{"line":182,"column":55}}],"line":182},"19":{"loc":{"start":{"line":183,"column":27},"end":{"line":183,"column":76}},"type":"binary-expr","locations":[{"start":{"line":183,"column":27},"end":{"line":183,"column":48}},{"start":{"line":183,"column":52},"end":{"line":183,"column":76}}],"line":183},"20":{"loc":{"start":{"line":187,"column":22},"end":{"line":187,"column":59}},"type":"binary-expr","locations":[{"start":{"line":187,"column":22},"end":{"line":187,"column":37}},{"start":{"line":187,"column":41},"end":{"line":187,"column":59}}],"line":187},"21":{"loc":{"start":{"line":188,"column":8},"end":{"line":191,"column":9}},"type":"if","locations":[{"start":{"line":188,"column":8},"end":{"line":191,"column":9}},{"start":{},"end":{}}],"line":188},"22":{"loc":{"start":{"line":199,"column":8},"end":{"line":202,"column":9}},"type":"if","locations":[{"start":{"line":199,"column":8},"end":{"line":202,"column":9}},{"start":{},"end":{}}],"line":199},"23":{"loc":{"start":{"line":220,"column":8},"end":{"line":224,"column":9}},"type":"if","locations":[{"start":{"line":220,"column":8},"end":{"line":224,"column":9}},{"start":{"line":222,"column":15},"end":{"line":224,"column":9}}],"line":220},"24":{"loc":{"start":{"line":273,"column":4},"end":{"line":275,"column":5}},"type":"if","locations":[{"start":{"line":273,"column":4},"end":{"line":275,"column":5}},{"start":{},"end":{}}],"line":273},"25":{"loc":{"start":{"line":294,"column":4},"end":{"line":296,"column":5}},"type":"if","locations":[{"start":{"line":294,"column":4},"end":{"line":296,"column":5}},{"start":{},"end":{}}],"line":294},"26":{"loc":{"start":{"line":307,"column":4},"end":{"line":309,"column":5}},"type":"if","locations":[{"start":{"line":307,"column":4},"end":{"line":309,"column":5}},{"start":{},"end":{}}],"line":307},"27":{"loc":{"start":{"line":338,"column":4},"end":{"line":340,"column":5}},"type":"if","locations":[{"start":{"line":338,"column":4},"end":{"line":340,"column":5}},{"start":{},"end":{}}],"line":338},"28":{"loc":{"start":{"line":338,"column":8},"end":{"line":338,"column":35}},"type":"binary-expr","locations":[{"start":{"line":338,"column":8},"end":{"line":338,"column":15}},{"start":{"line":338,"column":19},"end":{"line":338,"column":35}}],"line":338},"29":{"loc":{"start":{"line":342,"column":4},"end":{"line":344,"column":5}},"type":"if","locations":[{"start":{"line":342,"column":4},"end":{"line":344,"column":5}},{"start":{},"end":{}}],"line":342},"30":{"loc":{"start":{"line":342,"column":8},"end":{"line":342,"column":38}},"type":"binary-expr","locations":[{"start":{"line":342,"column":8},"end":{"line":342,"column":23}},{"start":{"line":342,"column":27},"end":{"line":342,"column":38}}],"line":342},"31":{"loc":{"start":{"line":347,"column":4},"end":{"line":352,"column":5}},"type":"if","locations":[{"start":{"line":347,"column":4},"end":{"line":352,"column":5}},{"start":{},"end":{}}],"line":347},"32":{"loc":{"start":{"line":347,"column":8},"end":{"line":347,"column":63}},"type":"binary-expr","locations":[{"start":{"line":347,"column":8},"end":{"line":347,"column":19}},{"start":{"line":347,"column":23},"end":{"line":347,"column":63}}],"line":347},"33":{"loc":{"start":{"line":355,"column":4},"end":{"line":363,"column":5}},"type":"if","locations":[{"start":{"line":355,"column":4},"end":{"line":363,"column":5}},{"start":{},"end":{}}],"line":355},"34":{"loc":{"start":{"line":356,"column":6},"end":{"line":357,"column":69}},"type":"binary-expr","locations":[{"start":{"line":356,"column":6},"end":{"line":356,"column":17}},{"start":{"line":357,"column":6},"end":{"line":357,"column":69}}],"line":356},"35":{"loc":{"start":{"line":374,"column":32},"end":{"line":374,"column":58}},"type":"default-arg","locations":[{"start":{"line":374,"column":44},"end":{"line":374,"column":58}}],"line":374},"36":{"loc":{"start":{"line":375,"column":20},"end":{"line":375,"column":52}},"type":"binary-expr","locations":[{"start":{"line":375,"column":20},"end":{"line":375,"column":33}},{"start":{"line":375,"column":37},"end":{"line":375,"column":52}}],"line":375},"37":{"loc":{"start":{"line":378,"column":4},"end":{"line":380,"column":5}},"type":"if","locations":[{"start":{"line":378,"column":4},"end":{"line":380,"column":5}},{"start":{},"end":{}}],"line":378},"38":{"loc":{"start":{"line":382,"column":4},"end":{"line":384,"column":5}},"type":"if","locations":[{"start":{"line":382,"column":4},"end":{"line":384,"column":5}},{"start":{},"end":{}}],"line":382},"39":{"loc":{"start":{"line":382,"column":8},"end":{"line":382,"column":69}},"type":"binary-expr","locations":[{"start":{"line":382,"column":8},"end":{"line":382,"column":37}},{"start":{"line":382,"column":41},"end":{"line":382,"column":69}}],"line":382},"40":{"loc":{"start":{"line":386,"column":4},"end":{"line":388,"column":5}},"type":"if","locations":[{"start":{"line":386,"column":4},"end":{"line":388,"column":5}},{"start":{},"end":{}}],"line":386},"41":{"loc":{"start":{"line":390,"column":4},"end":{"line":392,"column":5}},"type":"if","locations":[{"start":{"line":390,"column":4},"end":{"line":392,"column":5}},{"start":{},"end":{}}],"line":390},"42":{"loc":{"start":{"line":390,"column":8},"end":{"line":390,"column":62}},"type":"binary-expr","locations":[{"start":{"line":390,"column":8},"end":{"line":390,"column":32}},{"start":{"line":390,"column":36},"end":{"line":390,"column":62}}],"line":390},"43":{"loc":{"start":{"line":394,"column":4},"end":{"line":396,"column":5}},"type":"if","locations":[{"start":{"line":394,"column":4},"end":{"line":396,"column":5}},{"start":{},"end":{}}],"line":394}},"s":{"0":0,"1":0,"2":0,"3":0,"4":0,"5":0,"6":0,"7":0,"8":0,"9":0,"10":0,"11":0,"12":0,"13":0,"14":0,"15":0,"16":0,"17":0,"18":0,"19":0,"20":0,"21":0,"22":0,"23":0,"24":0,"25":0,"26":0,"27":0,"28":0,"29":0,"30":0,"31":0,"32":0,"33":0,"34":0,"35":0,"36":0,"37":0,"38":0,"39":0,"40":0,"41":0,"42":0,"43":0,"44":0,"45":0,"46":0,"47":0,"48":0,"49":0,"50":0,"51":0,"52":0,"53":0,"54":0,"55":0,"56":0,"57":0,"58":0,"59":0,"60":0,"61":0,"62":0,"63":0,"64":0,"65":0,"66":0,"67":0,"68":0,"69":0,"70":0,"71":0,"72":0,"73":0,"74":0,"75":0,"76":0,"77":0,"78":0,"79":0,"80":0,"81":0,"82":0,"83":0,"84":0,"85":0,"86":0,"87":0,"88":0,"89":0,"90":0,"91":0,"92":0,"93":0,"94":0,"95":0,"96":0,"97":0,"98":0,"99":0,"100":0,"101":0,"102":0,"103":0,"104":0,"105":0,"106":0,"107":0,"108":0,"109":0},"f":{"0":0,"1":0,"2":0,"3":0,"4":0,"5":0,"6":0,"7":0,"8":0,"9":0,"10":0,"11":0,"12":0,"13":0,"14":0,"15":0,"16":0,"17":0,"18":0,"19":0,"20":0,"21":0,"22":0,"23":0,"24":0,"25":0},"b":{"0":[0,0],"1":[0,0],"2":[0,0],"3":[0,0],"4":[0,0],"5":[0],"6":[0,0],"7":[0],"8":[0,0],"9":[0],"10":[0,0],"11":[0,0],"12":[0,0],"13":[0,0],"14":[0,0],"15":[0,0],"16":[0,0],"17":[0,0],"18":[0,0],"19":[0,0],"20":[0,0],"21":[0,0],"22":[0,0],"23":[0,0],"24":[0,0],"25":[0,0],"26":[0,0],"27":[0,0],"28":[0,0],"29":[0,0],"30":[0,0],"31":[0,0],"32":[0,0],"33":[0,0],"34":[0,0],"35":[0],"36":[0,0],"37":[0,0],"38":[0,0],"39":[0,0],"40":[0,0],"41":[0,0],"42":[0,0],"43":[0,0]}}
,"/Users/adamstack/manylla/src/components/Common/ThemeSwitcher.js": {"path":"/Users/adamstack/manylla/src/components/Common/ThemeSwitcher.js","statementMap":{"0":{"start":{"line":13,"column":29},"end":{"line":53,"column":1}},"1":{"start":{"line":14,"column":45},"end":{"line":14,"column":55}},"2":{"start":{"line":15,"column":17},"end":{"line":15,"column":37}},"3":{"start":{"line":17,"column":18},"end":{"line":28,"column":3}},"4":{"start":{"line":18,"column":4},"end":{"line":27,"column":5}},"5":{"start":{"line":20,"column":8},"end":{"line":20,"column":71}},"6":{"start":{"line":22,"column":8},"end":{"line":22,"column":70}},"7":{"start":{"line":24,"column":8},"end":{"line":24,"column":69}},"8":{"start":{"line":26,"column":8},"end":{"line":26,"column":69}},"9":{"start":{"line":30,"column":19},"end":{"line":41,"column":3}},"10":{"start":{"line":31,"column":4},"end":{"line":40,"column":5}},"11":{"start":{"line":33,"column":8},"end":{"line":33,"column":23}},"12":{"start":{"line":35,"column":8},"end":{"line":35,"column":22}},"13":{"start":{"line":37,"column":8},"end":{"line":37,"column":25}},"14":{"start":{"line":39,"column":8},"end":{"line":39,"column":23}},"15":{"start":{"line":43,"column":2},"end":{"line":52,"column":4}},"16":{"start":{"line":56,"column":33},"end":{"line":83,"column":1}},"17":{"start":{"line":57,"column":45},"end":{"line":57,"column":55}},"18":{"start":{"line":58,"column":20},"end":{"line":58,"column":48}},"19":{"start":{"line":60,"column":18},"end":{"line":71,"column":3}},"20":{"start":{"line":61,"column":4},"end":{"line":70,"column":5}},"21":{"start":{"line":63,"column":8},"end":{"line":63,"column":63}},"22":{"start":{"line":65,"column":8},"end":{"line":65,"column":62}},"23":{"start":{"line":67,"column":8},"end":{"line":67,"column":61}},"24":{"start":{"line":69,"column":8},"end":{"line":69,"column":61}},"25":{"start":{"line":73,"column":2},"end":{"line":82,"column":4}},"26":{"start":{"line":85,"column":21},"end":{"line":108,"column":4}},"27":{"start":{"line":86,"column":2},"end":{"line":108,"column":4}}},"fnMap":{"0":{"name":"(anonymous_0)","decl":{"start":{"line":13,"column":29},"end":{"line":13,"column":30}},"loc":{"start":{"line":13,"column":44},"end":{"line":53,"column":1}},"line":13},"1":{"name":"(anonymous_1)","decl":{"start":{"line":17,"column":18},"end":{"line":17,"column":19}},"loc":{"start":{"line":17,"column":24},"end":{"line":28,"column":3}},"line":17},"2":{"name":"(anonymous_2)","decl":{"start":{"line":30,"column":19},"end":{"line":30,"column":20}},"loc":{"start":{"line":30,"column":25},"end":{"line":41,"column":3}},"line":30},"3":{"name":"(anonymous_3)","decl":{"start":{"line":56,"column":33},"end":{"line":56,"column":34}},"loc":{"start":{"line":56,"column":66},"end":{"line":83,"column":1}},"line":56},"4":{"name":"(anonymous_4)","decl":{"start":{"line":60,"column":18},"end":{"line":60,"column":19}},"loc":{"start":{"line":60,"column":24},"end":{"line":71,"column":3}},"line":60},"5":{"name":"(anonymous_5)","decl":{"start":{"line":85,"column":21},"end":{"line":85,"column":22}},"loc":{"start":{"line":86,"column":2},"end":{"line":108,"column":4}},"line":86}},"branchMap":{"0":{"loc":{"start":{"line":18,"column":4},"end":{"line":27,"column":5}},"type":"switch","locations":[{"start":{"line":19,"column":6},"end":{"line":20,"column":71}},{"start":{"line":21,"column":6},"end":{"line":22,"column":70}},{"start":{"line":23,"column":6},"end":{"line":24,"column":69}},{"start":{"line":25,"column":6},"end":{"line":26,"column":69}}],"line":18},"1":{"loc":{"start":{"line":31,"column":4},"end":{"line":40,"column":5}},"type":"switch","locations":[{"start":{"line":32,"column":6},"end":{"line":33,"column":23}},{"start":{"line":34,"column":6},"end":{"line":35,"column":22}},{"start":{"line":36,"column":6},"end":{"line":37,"column":25}},{"start":{"line":38,"column":6},"end":{"line":39,"column":23}}],"line":31},"2":{"loc":{"start":{"line":50,"column":7},"end":{"line":50,"column":71}},"type":"binary-expr","locations":[{"start":{"line":50,"column":7},"end":{"line":50,"column":21}},{"start":{"line":50,"column":25},"end":{"line":50,"column":71}}],"line":50},"3":{"loc":{"start":{"line":56,"column":36},"end":{"line":56,"column":45}},"type":"default-arg","locations":[{"start":{"line":56,"column":43},"end":{"line":56,"column":45}}],"line":56},"4":{"loc":{"start":{"line":58,"column":20},"end":{"line":58,"column":48}},"type":"binary-expr","locations":[{"start":{"line":58,"column":20},"end":{"line":58,"column":25}},{"start":{"line":58,"column":29},"end":{"line":58,"column":48}}],"line":58},"5":{"loc":{"start":{"line":61,"column":4},"end":{"line":70,"column":5}},"type":"switch","locations":[{"start":{"line":62,"column":6},"end":{"line":63,"column":63}},{"start":{"line":64,"column":6},"end":{"line":65,"column":62}},{"start":{"line":66,"column":6},"end":{"line":67,"column":61}},{"start":{"line":68,"column":6},"end":{"line":69,"column":61}}],"line":61},"6":{"loc":{"start":{"line":93,"column":23},"end":{"line":93,"column":59}},"type":"binary-expr","locations":[{"start":{"line":93,"column":23},"end":{"line":93,"column":46}},{"start":{"line":93,"column":50},"end":{"line":93,"column":59}}],"line":93},"7":{"loc":{"start":{"line":95,"column":19},"end":{"line":95,"column":45}},"type":"binary-expr","locations":[{"start":{"line":95,"column":19},"end":{"line":95,"column":32}},{"start":{"line":95,"column":36},"end":{"line":95,"column":45}}],"line":95},"8":{"loc":{"start":{"line":98,"column":19},"end":{"line":98,"column":41}},"type":"cond-expr","locations":[{"start":{"line":98,"column":36},"end":{"line":98,"column":37}},{"start":{"line":98,"column":40},"end":{"line":98,"column":41}}],"line":98},"9":{"loc":{"start":{"line":103,"column":13},"end":{"line":103,"column":45}},"type":"binary-expr","locations":[{"start":{"line":103,"column":13},"end":{"line":103,"column":32}},{"start":{"line":103,"column":36},"end":{"line":103,"column":45}}],"line":103},"10":{"loc":{"start":{"line":104,"column":18},"end":{"line":106,"column":19}},"type":"cond-expr","locations":[{"start":{"line":105,"column":10},"end":{"line":105,"column":62}},{"start":{"line":106,"column":10},"end":{"line":106,"column":19}}],"line":104}},"s":{"0":0,"1":0,"2":0,"3":0,"4":0,"5":0,"6":0,"7":0,"8":0,"9":0,"10":0,"11":0,"12":0,"13":0,"14":0,"15":0,"16":0,"17":0,"18":0,"19":0,"20":0,"21":0,"22":0,"23":0,"24":0,"25":0,"26":0,"27":0},"f":{"0":0,"1":0,"2":0,"3":0,"4":0,"5":0},"b":{"0":[0,0,0,0],"1":[0,0,0,0],"2":[0,0],"3":[0],"4":[0,0],"5":[0,0,0,0],"6":[0,0],"7":[0,0],"8":[0,0],"9":[0,0],"10":[0,0]}}
,"/Users/adamstack/manylla/src/components/Common/ThemedModal.js": {"path":"/Users/adamstack/manylla/src/components/Common/ThemedModal.js","statementMap":{"0":{"start":{"line":26,"column":27},"end":{"line":109,"column":1}},"1":{"start":{"line":35,"column":28},"end":{"line":35,"column":38}},"2":{"start":{"line":39,"column":4},"end":{"line":39,"column":59}},"3":{"start":{"line":40,"column":26},"end":{"line":40,"column":77}},"4":{"start":{"line":41,"column":20},"end":{"line":41,"column":79}},"5":{"start":{"line":42,"column":22},"end":{"line":42,"column":66}},"6":{"start":{"line":44,"column":4},"end":{"line":44,"column":64}},"7":{"start":{"line":46,"column":17},"end":{"line":54,"column":3}},"8":{"start":{"line":56,"column":2},"end":{"line":108,"column":4}},"9":{"start":{"line":111,"column":18},"end":{"line":191,"column":1}},"10":{"start":{"line":120,"column":2},"end":{"line":190,"column":5}}},"fnMap":{"0":{"name":"(anonymous_0)","decl":{"start":{"line":26,"column":27},"end":{"line":26,"column":28}},"loc":{"start":{"line":34,"column":6},"end":{"line":109,"column":1}},"line":34},"1":{"name":"(anonymous_1)","decl":{"start":{"line":111,"column":18},"end":{"line":111,"column":19}},"loc":{"start":{"line":119,"column":5},"end":{"line":191,"column":1}},"line":119}},"branchMap":{"0":{"loc":{"start":{"line":31,"column":2},"end":{"line":31,"column":33}},"type":"default-arg","locations":[{"start":{"line":31,"column":22},"end":{"line":31,"column":33}}],"line":31},"1":{"loc":{"start":{"line":32,"column":2},"end":{"line":32,"column":24}},"type":"default-arg","locations":[{"start":{"line":32,"column":20},"end":{"line":32,"column":24}}],"line":32},"2":{"loc":{"start":{"line":39,"column":4},"end":{"line":39,"column":59}},"type":"binary-expr","locations":[{"start":{"line":39,"column":4},"end":{"line":39,"column":28}},{"start":{"line":39,"column":32},"end":{"line":39,"column":46}},{"start":{"line":39,"column":50},"end":{"line":39,"column":59}}],"line":39},"3":{"loc":{"start":{"line":40,"column":26},"end":{"line":40,"column":77}},"type":"binary-expr","locations":[{"start":{"line":40,"column":26},"end":{"line":40,"column":46}},{"start":{"line":40,"column":50},"end":{"line":40,"column":64}},{"start":{"line":40,"column":68},"end":{"line":40,"column":77}}],"line":40},"4":{"loc":{"start":{"line":41,"column":20},"end":{"line":41,"column":79}},"type":"binary-expr","locations":[{"start":{"line":41,"column":20},"end":{"line":41,"column":42}},{"start":{"line":41,"column":46},"end":{"line":41,"column":66}},{"start":{"line":41,"column":70},"end":{"line":41,"column":79}}],"line":41},"5":{"loc":{"start":{"line":42,"column":22},"end":{"line":42,"column":66}},"type":"binary-expr","locations":[{"start":{"line":42,"column":22},"end":{"line":42,"column":36}},{"start":{"line":42,"column":40},"end":{"line":42,"column":53}},{"start":{"line":42,"column":57},"end":{"line":42,"column":66}}],"line":42},"6":{"loc":{"start":{"line":44,"column":4},"end":{"line":44,"column":64}},"type":"binary-expr","locations":[{"start":{"line":44,"column":4},"end":{"line":44,"column":30}},{"start":{"line":44,"column":34},"end":{"line":44,"column":51}},{"start":{"line":44,"column":55},"end":{"line":44,"column":64}}],"line":44},"7":{"loc":{"start":{"line":88,"column":11},"end":{"line":101,"column":11}},"type":"cond-expr","locations":[{"start":{"line":89,"column":12},"end":{"line":98,"column":31}},{"start":{"line":100,"column":12},"end":{"line":100,"column":48}}],"line":88},"8":{"loc":{"start":{"line":178,"column":29},"end":{"line":178,"column":71}},"type":"binary-expr","locations":[{"start":{"line":178,"column":29},"end":{"line":178,"column":49}},{"start":{"line":178,"column":53},"end":{"line":178,"column":71}}],"line":178}},"s":{"0":0,"1":0,"2":0,"3":0,"4":0,"5":0,"6":0,"7":0,"8":0,"9":0,"10":0},"f":{"0":0,"1":0},"b":{"0":[0],"1":[0],"2":[0,0,0],"3":[0,0,0],"4":[0,0,0],"5":[0,0,0],"6":[0,0,0],"7":[0,0],"8":[0,0]}}
,"/Users/adamstack/manylla/src/components/Common/index.js": {"path":"/Users/adamstack/manylla/src/components/Common/index.js","statementMap":{"0":{"start":{"line":63,"column":29},"end":{"line":63,"column":55}},"1":{"start":{"line":63,"column":47},"end":{"line":63,"column":55}},"2":{"start":{"line":64,"column":31},"end":{"line":64,"column":60}},"3":{"start":{"line":64,"column":56},"end":{"line":64,"column":60}}},"fnMap":{"0":{"name":"(anonymous_0)","decl":{"start":{"line":63,"column":29},"end":{"line":63,"column":30}},"loc":{"start":{"line":63,"column":47},"end":{"line":63,"column":55}},"line":63},"1":{"name":"(anonymous_1)","decl":{"start":{"line":64,"column":31},"end":{"line":64,"column":32}},"loc":{"start":{"line":64,"column":56},"end":{"line":64,"column":60}},"line":64}},"branchMap":{},"s":{"0":0,"1":0,"2":0,"3":0},"f":{"0":0,"1":0},"b":{}}
,"/Users/adamstack/manylla/src/components/DatePicker/DatePicker.js": {"path":"/Users/adamstack/manylla/src/components/DatePicker/DatePicker.js","statementMap":{"0":{"start":{"line":6,"column":19},"end":{"line":50,"column":1}},"1":{"start":{"line":7,"column":2},"end":{"line":49,"column":3}},"2":{"start":{"line":9,"column":4},"end":{"line":24,"column":6}},"3":{"start":{"line":13,"column":25},"end":{"line":13,"column":49}},"4":{"start":{"line":28,"column":4},"end":{"line":48,"column":6}}},"fnMap":{"0":{"name":"(anonymous_0)","decl":{"start":{"line":6,"column":19},"end":{"line":6,"column":20}},"loc":{"start":{"line":6,"column":61},"end":{"line":50,"column":1}},"line":6},"1":{"name":"(anonymous_1)","decl":{"start":{"line":13,"column":18},"end":{"line":13,"column":19}},"loc":{"start":{"line":13,"column":25},"end":{"line":13,"column":49}},"line":13}},"branchMap":{"0":{"loc":{"start":{"line":7,"column":2},"end":{"line":49,"column":3}},"type":"if","locations":[{"start":{"line":7,"column":2},"end":{"line":49,"column":3}},{"start":{"line":25,"column":9},"end":{"line":49,"column":3}}],"line":7},"1":{"loc":{"start":{"line":33,"column":30},"end":{"line":33,"column":69}},"type":"cond-expr","locations":[{"start":{"line":33,"column":51},"end":{"line":33,"column":57}},{"start":{"line":33,"column":60},"end":{"line":33,"column":69}}],"line":33},"2":{"loc":{"start":{"line":44,"column":10},"end":{"line":44,"column":52}},"type":"binary-expr","locations":[{"start":{"line":44,"column":10},"end":{"line":44,"column":28}},{"start":{"line":44,"column":32},"end":{"line":44,"column":52}}],"line":44}},"s":{"0":0,"1":0,"2":0,"3":0,"4":0},"f":{"0":0,"1":0},"b":{"0":[0,0],"1":[0,0],"2":[0,0]}}
,"/Users/adamstack/manylla/src/components/DatePicker/index.js": {"path":"/Users/adamstack/manylla/src/components/DatePicker/index.js","statementMap":{"0":{"start":{"line":5,"column":0},"end":{"line":9,"column":1}},"1":{"start":{"line":6,"column":2},"end":{"line":6,"column":51}},"2":{"start":{"line":8,"column":2},"end":{"line":8,"column":54}}},"fnMap":{},"branchMap":{"0":{"loc":{"start":{"line":5,"column":0},"end":{"line":9,"column":1}},"type":"if","locations":[{"start":{"line":5,"column":0},"end":{"line":9,"column":1}},{"start":{"line":7,"column":7},"end":{"line":9,"column":1}}],"line":5}},"s":{"0":0,"1":0,"2":0},"f":{},"b":{"0":[0,0]}}
,"/Users/adamstack/manylla/src/components/Dialogs/UnifiedAddDialog.js": {"path":"/Users/adamstack/manylla/src/components/Dialogs/UnifiedAddDialog.js","statementMap":{"0":{"start":{"line":17,"column":35},"end":{"line":31,"column":1}},"1":{"start":{"line":33,"column":22},"end":{"line":46,"column":1}},"2":{"start":{"line":48,"column":32},"end":{"line":486,"column":1}},"3":{"start":{"line":55,"column":20},"end":{"line":55,"column":30}},"4":{"start":{"line":56,"column":16},"end":{"line":56,"column":30}},"5":{"start":{"line":59,"column":46},"end":{"line":59,"column":58}},"6":{"start":{"line":60,"column":38},"end":{"line":60,"column":50}},"7":{"start":{"line":61,"column":28},"end":{"line":61,"column":40}},"8":{"start":{"line":62,"column":42},"end":{"line":62,"column":57}},"9":{"start":{"line":65,"column":42},"end":{"line":65,"column":54}},"10":{"start":{"line":66,"column":44},"end":{"line":66,"column":63}},"11":{"start":{"line":67,"column":48},"end":{"line":67,"column":63}},"12":{"start":{"line":69,"column":22},"end":{"line":77,"column":3}},"13":{"start":{"line":70,"column":4},"end":{"line":70,"column":26}},"14":{"start":{"line":71,"column":4},"end":{"line":71,"column":22}},"15":{"start":{"line":72,"column":4},"end":{"line":72,"column":17}},"16":{"start":{"line":73,"column":4},"end":{"line":73,"column":27}},"17":{"start":{"line":74,"column":4},"end":{"line":74,"column":24}},"18":{"start":{"line":75,"column":4},"end":{"line":75,"column":32}},"19":{"start":{"line":76,"column":4},"end":{"line":76,"column":30}},"20":{"start":{"line":79,"column":22},"end":{"line":82,"column":3}},"21":{"start":{"line":80,"column":4},"end":{"line":80,"column":18}},"22":{"start":{"line":81,"column":4},"end":{"line":81,"column":14}},"23":{"start":{"line":84,"column":20},"end":{"line":116,"column":3}},"24":{"start":{"line":85,"column":4},"end":{"line":115,"column":5}},"25":{"start":{"line":87,"column":8},"end":{"line":87,"column":68}},"26":{"start":{"line":88,"column":19},"end":{"line":88,"column":65}},"27":{"start":{"line":90,"column":6},"end":{"line":101,"column":7}},"28":{"start":{"line":91,"column":8},"end":{"line":99,"column":11}},"29":{"start":{"line":100,"column":8},"end":{"line":100,"column":22}},"30":{"start":{"line":103,"column":6},"end":{"line":114,"column":7}},"31":{"start":{"line":104,"column":8},"end":{"line":112,"column":11}},"32":{"start":{"line":113,"column":8},"end":{"line":113,"column":22}},"33":{"start":{"line":119,"column":4},"end":{"line":123,"column":37}},"34":{"start":{"line":125,"column":24},"end":{"line":125,"column":76}},"35":{"start":{"line":127,"column":17},"end":{"line":289,"column":4}},"36":{"start":{"line":291,"column":2},"end":{"line":485,"column":4}},"37":{"start":{"line":329,"column":24},"end":{"line":333,"column":26}},"38":{"start":{"line":367,"column":20},"end":{"line":384,"column":39}},"39":{"start":{"line":373,"column":37},"end":{"line":373,"column":59}},"40":{"start":{"line":406,"column":20},"end":{"line":414,"column":22}},"41":{"start":{"line":413,"column":37},"end":{"line":413,"column":60}},"42":{"start":{"line":418,"column":35},"end":{"line":418,"column":71}},"43":{"start":{"line":430,"column":41},"end":{"line":430,"column":73}}},"fnMap":{"0":{"name":"(anonymous_0)","decl":{"start":{"line":48,"column":32},"end":{"line":48,"column":33}},"loc":{"start":{"line":54,"column":6},"end":{"line":486,"column":1}},"line":54},"1":{"name":"(anonymous_1)","decl":{"start":{"line":69,"column":22},"end":{"line":69,"column":23}},"loc":{"start":{"line":69,"column":28},"end":{"line":77,"column":3}},"line":69},"2":{"name":"(anonymous_2)","decl":{"start":{"l
[...]
,"/Users/adamstack/manylla/src/utils/validation.js": {"path":"/Users/adamstack/manylla/src/utils/validation.js","statementMap":{"0":{"start":{"line":6,"column":19},"end":{"line":6,"column":21}},"1":{"start":{"line":9,"column":4},"end":{"line":11,"column":5}},"2":{"start":{"line":10,"column":6},"end":{"line":10,"column":64}},"3":{"start":{"line":14,"column":4},"end":{"line":16,"column":5}},"4":{"start":{"line":15,"column":6},"end":{"line":15,"column":44}},"5":{"start":{"line":18,"column":4},"end":{"line":24,"column":5}},"6":{"start":{"line":23,"column":6},"end":{"line":23,"column":44}},"7":{"start":{"line":27,"column":4},"end":{"line":41,"column":5}},"8":{"start":{"line":28,"column":6},"end":{"line":38,"column":7}},"9":{"start":{"line":29,"column":8},"end":{"line":29,"column":49}},"10":{"start":{"line":31,"column":20},"end":{"line":31,"column":46}},"11":{"start":{"line":32,"column":8},"end":{"line":34,"column":9}},"12":{"start":{"line":33,"column":10},"end":{"line":33,"column":47}},"13":{"start":{"line":35,"column":8},"end":{"line":37,"column":9}},"14":{"start":{"line":36,"column":10},"end":{"line":36,"column":63}},"15":{"start":{"line":40,"column":6},"end":{"line":40,"column":50}},"16":{"start":{"line":44,"column":4},"end":{"line":53,"column":5}},"17":{"start":{"line":45,"column":6},"end":{"line":45,"column":46}},"18":{"start":{"line":47,"column":6},"end":{"line":52,"column":9}},"19":{"start":{"line":48,"column":28},"end":{"line":48,"column":53}},"20":{"start":{"line":49,"column":8},"end":{"line":51,"column":9}},"21":{"start":{"line":50,"column":10},"end":{"line":50,"column":71}},"22":{"start":{"line":56,"column":4},"end":{"line":65,"column":5}},"23":{"start":{"line":57,"column":6},"end":{"line":57,"column":49}},"24":{"start":{"line":59,"column":6},"end":{"line":64,"column":9}},"25":{"start":{"line":60,"column":26},"end":{"line":60,"column":52}},"26":{"start":{"line":61,"column":8},"end":{"line":63,"column":9}},"27":{"start":{"line":62,"column":10},"end":{"line":62,"column":72}},"28":{"start":{"line":67,"column":4},"end":{"line":70,"column":6}},"29":{"start":{"line":77,"column":19},"end":{"line":77,"column":21}},"30":{"start":{"line":79,"column":4},"end":{"line":81,"column":5}},"31":{"start":{"line":80,"column":6},"end":{"line":80,"column":33}},"32":{"start":{"line":83,"column":4},"end":{"line":85,"column":5}},"33":{"start":{"line":84,"column":6},"end":{"line":84,"column":39}},"34":{"start":{"line":87,"column":4},"end":{"line":93,"column":5}},"35":{"start":{"line":92,"column":6},"end":{"line":92,"column":36}},"36":{"start":{"line":95,"column":4},"end":{"line":97,"column":5}},"37":{"start":{"line":96,"column":6},"end":{"line":96,"column":42}},"38":{"start":{"line":100,"column":4},"end":{"line":111,"column":5}},"39":{"start":{"line":101,"column":6},"end":{"line":110,"column":7}},"40":{"start":{"line":102,"column":8},"end":{"line":102,"column":51}},"41":{"start":{"line":104,"column":32},"end":{"line":104,"column":77}},"42":{"start":{"line":105,"column":8},"end":{"line":109,"column":11}},"43":{"start":{"line":106,"column":10},"end":{"line":108,"column":11}},"44":{"start":{"line":107,"column":12},"end":{"line":107,"column":52}},"45":{"start":{"line":114,"column":4},"end":{"line":121,"column":5}},"46":{"start":{"line":115,"column":19},"end":{"line":115,"column":39}},"47":{"start":{"line":116,"column":6},"end":{"line":118,"column":7}},"48":{"start":{"line":117,"column":8},"end":{"line":117,"column":36}},"49":{"start":{"line":120,"column":6},"end":{"line":120,"column":41}},"50":{"start":{"line":123,"column":4},"end":{"line":123,"column":18}},"51":{"start":{"line":130,"column":19},"end":{"line":130,"column":21}},"52":{"start":{"line":132,"column":4},"end":{"line":134,"column":5}},"53":{"start":{"line":133,"column":6},"end":{"line":133,"column":33}},"54":{"start":{"line":136,"column":4},"end":{"line":138,"column":5}},"55":{"start":{"line":137,"column":6},"end":{"line":137,"column":35}},"56":{"start":{"line":140,"column":4},"end":{"line":142,"column":5}},"57":{"start":{"line":141,"column":6},"end":{"line":141,"column":43}},"58":{"start":{"line":144,"column":4},"end":{"line":146,"column":5}},"59":{"start":{"line":145,"column":6},"end":{"line":145,"column":46}},"60":{"start":{"line":148,"column":4},"end":{"line":150,"column":5}},"61":{"start":{"line":149,"column":6},"end":{"line":149,"column":44}},"62":{"start":{"line":152,"column":4},"end":{"line":154,"column":5}},"63":{"start":{"line":153,"column":6},"end":{"line":153,"column":47}},"64":{"start":{"line":156,"column":4},"end":{"line":156,"column":18}},"65":{"start":{"line":163,"column":4},"end":{"line":177,"column":6}},"66":{"start":{"line":167,"column":47},"end":{"line":175,"column":7}},"67":{"start":{"line":185,"column":18},"end":{"line":188,"column":5}},"68":{"start":{"line":191,"column":4},"end":{"line":191,"column":69}},"69":{"start":{"line":194,"column":4},"end":{"line":194,"column":51}},"70":{"start":{"line":196,"column":4},"end":{"line":196,"column":19}},"71":{"start":{"line":203,"column":4},"end":{"line":230,"column":5}},"72":{"start":{"line":205,"column":6},"end":{"line":205,"column":52}},"73":{"start":{"line":205,"column":20},"end":{"line":205,"column":52}},"74":{"start":{"line":206,"column":6},"end":{"line":206,"column":34}},"75":{"start":{"line":206,"column":22},"end":{"line":206,"column":34}},"76":{"start":{"line":209,"column":6},"end":{"line":209,"column":58}},"77":{"start":{"line":209,"column":40},"end":{"line":209,"column":58}},"78":{"start":{"line":210,"column":6},"end":{"line":210,"column":64}},"79":{"start":{"line":210,"column":43},"end":{"line":210,"column":64}},"80":{"start":{"line":213,"column":6},"end":{"line":213,"column":66}},"81":{"start":{"line":214,"column":6},"end":{"line":214,"column":62}},"82":{"start":{"line":215,"column":6},"end":{"line":215,"column":62}},"83":{"start":{"line":218,"column":6},"end":{"line":225,"column":10}},"84":{"start":{"line":218,"column":50},"end":{"line":225,"column":7}},"85":{"start":{"line":227,"column":6},"end":{"line":227,"column":18}},"86":{"start":{"line":229,"column":6},"end":{"line":229,"column":18}}},"fnMap":{"0":{"name":"(anonymous_0)","decl":{"start":{"line":5,"column":2},"end":{"line":5,"column":3}},"loc":{"start":{"line":5,"column":31},"end":{"line":71,"column":3}},"line":5},"1":{"name":"(anonymous_1)","decl":{"start":{"line":47,"column":27},"end":{"line":47,"column":28}},"loc":{"start":{"line":47,"column":45},"end":{"line":52,"column":7}},"line":47},"2":{"name":"(anonymous_2)","decl":{"start":{"line":59,"column":30},"end":{"line":59,"column":31}},"loc":{"start":{"line":59,"column":46},"end":{"line":64,"column":7}},"line":59},"3":{"name":"(anonymous_3)","decl":{"start":{"line":76,"column":2},"end":{"line":76,"column":3}},"loc":{"start":{"line":76,"column":30},"end":{"line":124,"column":3}},"line":76},"4":{"name":"(anonymous_4)","decl":{"start":{"line":105,"column":33},"end":{"line":105,"column":34}},"loc":{"start":{"line":105,"column":40},"end":{"line":109,"column":9}},"line":105},"5":{"name":"(anonymous_5)","decl":{"start":{"line":129,"column":2},"end":{"line":129,"column":3}},"loc":{"start":{"line":129,"column":36},"end":{"line":157,"column":3}},"line":129},"6":{"name":"(anonymous_6)","decl":{"start":{"line":162,"column":2},"end":{"line":162,"column":3}},"loc":{"start":{"line":162,"column":34},"end":{"line":178,"column":3}},"line":162},"7":{"name":"(anonymous_7)","decl":{"start":{"line":167,"column":35},"end":{"line":167,"column":36}},"loc":{"start":{"line":167,"column":47},"end":{"line":175,"column":7}},"line":167},"8":{"name":"(anonymous_8)","decl":{"start":{"line":183,"column":2},"end":{"line":183,"column":3}},"loc":{"start":{"line":183,"column":28},"end":{"line":197,"column":3}},"line":183},"9":{"name":"(anonymous_9)","decl":{"start":{"line":202,"column":2},"end":{"line":202,"column":3}},"loc":{"start":{"line":202,"column":29},"end":{"line":231,"column":3}},"line":202},"10":{"name":"(anonymous_10)","decl":{"start":{"line":218,"column":38},"end":{"line":218,"column":39}},"loc":{"start":{"line":218,"column":50},"end":{"line":225,"column":7}},"line":218}},"branchMap":{"0":{"loc":{"start":{"line":9,"column":4},"end":{"line":11,"column":5}},"type":"if","locations":[{"start":{"line":9,"column":4},"end":{"line":11,"column":5}},{"start":{},"end":{}}],"line":9},"1":{"loc":{"start":{"line":9,"column":8},"end":{"line":9,"column":41}},"type":"binary-expr","locations":[{"start":{"line":9,"column":8},"end":{"line":9,"column":13}},{"start":{"line":9,"column":17},"end":{"line":9,"column":41}}],"line":9},"2":{"loc":{"start":{"line":14,"column":4},"end":{"line":16,"column":5}},"type":"if","locations":[{"start":{"line":14,"column":4},"end":{"line":16,"column":5}},{"start":{},"end":{}}],"line":14},"3":{"loc":{"start":{"line":14,"column":8},"end":{"line":14,"column":47}},"type":"binary-expr","locations":[{"start":{"line":14,"column":8},"end":{"line":14,"column":16}},{"start":{"line":14,"column":20},"end":{"line":14,"column":47}}],"line":14},"4":{"loc":{"start":{"line":18,"column":4},"end":{"line":24,"column":5}},"type":"if","locations":[{"start":{"line":18,"column":4},"end":{"line":24,"column":5}},{"start":{},"end":{}}],"line":18},"5":{"loc":{"start":{"line":19,"column":6},"end":{"line":21,"column":35}},"type":"binary-expr","locations":[{"start":{"line":19,"column":6},"end":{"line":19,"column":16}},{"start":{"line":20,"column":6},"end":{"line":20,"column":35}},{"start":{"line":21,"column":6},"end":{"line":21,"column":35}}],"line":19},"6":{"loc":{"start":{"line":28,"column":6},"end":{"line":38,"column":7}},"type":"if","locations":[{"start":{"line":28,"column":6},"end":{"line":38,"column":7}},{"start":{"line":30,"column":13},"end":{"line":38,"column":7}}],"line":28},"7":{"loc":{"start":{"line":32,"column":8},"end":{"line":34,"column":9}},"type":"if","locations":[{"start":{"line":32,"column":8},"end":{"line":34,"column":9}},{"start":{},"end":{}}],"line":32},"8":{"loc":{"start":{"line":35,"column":8},"end":{"line":37,"column":9}},"type":"if","locations":[{"start":{"line":35,"column":8},"end":{"line":37,"column":9}},{"start":{},"end":{}}],"line":35},"9":{"loc":{"start":{"line":44,"column":4},"end":{"line":53,"column":5}},"type":"if","locations":[{"start":{"line":44,"column":4},"end":{"line":53,"column":5}},{"start":{"line":46,"column":11},"end":{"line":53,"column":5}}],"line":44},"10":{"loc":{"start":{"line":49,"column":8},"end":{"line":51,"column":9}},"type":"if","locations":[{"start":{"line":49,"column":8},"end":{"line":51,"column":9}},{"start":{},"end":{}}],"line":49},"11":{"loc":{"start":{"line":56,"column":4},"end":{"line":65,"column":5}},"type":"if","locations":[{"start":{"line":56,"column":4},"end":{"line":65,"column":5}},{"start":{"line":58,"column":11},"end":{"line":65,"column":5}}],"line":56},"12":{"loc":{"start":{"line":61,"column":8},"end":{"line":63,"column":9}},"type":"if","locations":[{"start":{"line":61,"column":8},"end":{"line":63,"column":9}},{"start":{},"end":{}}],"line":61},"13":{"loc":{"start":{"line":79,"column":4},"end":{"line":81,"column":5}},"type":"if","locations":[{"start":{"line":79,"column":4},"end":{"line":81,"column":5}},{"start":{},"end":{}}],"line":79},"14":{"loc":{"start":{"line":83,"column":4},"end":{"line":85,"column":5}},"type":"if","locations":[{"start":{"line":83,"column":4},"end":{"line":85,"column":5}},{"start":{},"end":{}}],"line":83},"15":{"loc":{"start":{"line":83,"column":8},"end":{"line":83,"column":61}},"type":"binary-expr","locations":[{"start":{"line":83,"column":8},"end":{"line":83,"column":23}},{"start":{"line":83,"column":27},"end":{"line":83,"column":61}}],"line":83},"16":{"loc":{"start":{"line":87,"column":4},"end":{"line":93,"column":5}},"type":"if","locations":[{"start":{"line":87,"column":4},"end":{"line":93,"column":5}},{"start":{},"end":{}}],"line":87},"17":{"loc":{"start":{"line":88,"column":6},"end":{"line":90,"column":37}},"type":"binary-expr","locations":[{"start":{"line":88,"column":6},"end":{"line":88,"column":18}},{"start":{"line":89,"column":6},"end":{"line":89,"column":37}},{"start":{"line":90,"column":6},"end":{"line":90,"column":37}}],"line":88},"18":{"loc":{"start":{"line":95,"column":4},"end":{"line":97,"column":5}},"type":"if","locations":[{"start":{"line":95,"column":4},"end":{"line":97,"column":5}},{"start":{},"end":{}}],"line":95},"19":{"loc":{"start":{"line":95,"column":8},"end":{"line":95,"column":67}},"type":"binary-expr","locations":[{"start":{"line":95,"column":8},"end":{"line":95,"column":26}},{"start":{"line":95,"column":30},"end":{"line":95,"column":67}}],"line":95},"20":{"loc":{"start":{"line":100,"column":4},"end":{"line":111,"column":5}},"type":"if","locations":[{"start":{"line":100,"column":4},"end":{"line":111,"column":5}},{"start":{},"end":{}}],"line":100},"21":{"loc":{"start":{"line":101,"column":6},"end":{"line":110,"column":7}},"type":"if","locations":[{"start":{"line":101,"column":6},"end":{"line":110,"column":7}},{"start":{"line":103,"column":13},"end":{"line":110,"column":7}}],"line":101},"22":{"loc":{"start":{"line":106,"column":10},"end":{"line":108,"column":11}},"type":"if","locations":[{"start":{"line":106,"column":10},"end":{"line":108,"column":11}},{"start":{},"end":{}}],"line":106},"23":{"loc":{"start":{"line":116,"column":6},"end":{"line":118,"column":7}},"type":"if","locations":[{"start":{"line":116,"column":6},"end":{"line":118,"column":7}},{"start":{},"end":{}}],"line":116},"24":{"loc":{"start":{"line":132,"column":4},"end":{"line":134,"column":5}},"type":"if","locations":[{"start":{"line":132,"column":4},"end":{"line":134,"column":5}},{"start":{},"end":{}}],"line":132},"25":{"loc":{"start":{"line":132,"column":8},"end":{"line":132,"column":55}},"type":"binary-expr","locations":[{"start":{"line":132,"column":8},"end":{"line":132,"column":20}},{"start":{"line":132,"column":24},"end":{"line":132,"column":55}}],"line":132},"26":{"loc":{"start":{"line":136,"column":4},"end":{"line":138,"column":5}},"type":"if","locations":[{"start":{"line":136,"column":4},"end":{"line":138,"column":5}},{"start":{},"end":{}}],"line":136},"27":{"loc":{"start":{"line":136,"column":8},"end":{"line":136,"column":59}},"type":"binary-expr","locations":[{"start":{"line":136,"column":8},"end":{"line":136,"column":22}},{"start":{"line":136,"column":26},"end":{"line":136,"column":59}}],"line":136},"28":{"loc":{"start":{"line":140,"column":4},"end":{"line":142,"column":5}},"type":"if","locations":[{"start":{"line":140,"column":4},"end":{"line":142,"column":5}},{"start":{},"end":{}}],"line":140},"29":{"loc":{"start":{"line":140,"column":8},"end":{"line":140,"column":73}},"type":"binary-expr","locations":[{"start":{"line":140,"column":8},"end":{"line":140,"column":29}},{"start":{"line":140,"column":33},"end":{"line":140,"column":73}}],"line":140},"30":{"loc":{"start":{"line":144,"column":4},"end":{"line":146,"column":5}},"type":"if","locations":[{"start":{"line":144,"column":4},"end":{"line":146,"column":5}},{"start":{},"end":{}}],"line":144},"31":{"loc":{"start":{"line":144,"column":8},"end":{"line":144,"column":66}},"type":"binary-expr","locations":[{"start":{"line":144,"column":8},"end":{"line":144,"column":23}},{"start":{"line":144,"column":27},"end":{"line":144,"column":66}}],"line":144},"32":{"loc":{"start":{"line":148,"column":4},"end":{"line":150,"column":5}},"type":"if","locations":[{"start":{"line":148,"column":4},"end":{"line":150,"column":5}},{"start":{},"end":{}}],"line":148},"33":{"loc":{"start":{"line":152,"column":4},"end":{"line":154,"column":5}},"type":"if","locations":[{"start":{"line":152,"column":4},"end":{"line":154,"column":5}},{"start":{},"end":{}}],"line":152},"34":{"loc":{"start":{"line":172,"column":10},"end":{"line":174,"column":25}},"type":"cond-expr","locations":[{"start":{"line":173,"column":14},"end":{"line":173,"column":30}},{"start":{"line":174,"column":14},"end":{"line":174,"column":25}}],"line":172},"35":{"loc":{"start":{"line":172,"column":10},"end":{"line":172,"column":61}},"type":"binary-expr","locations":[{"start":{"line":172,"column":10},"end":{"line":172,"column":26}},{"start":{"line":172,"column":30},"end":{"line":172,"column":61}}],"line":172},"36":{"loc":{"start":{"line":205,"column":6},"end":{"line":205,"column":52}},"type":"if","locations":[{"start":{"line":205,"column":6},"end":{"line":205,"column":52}},{"start":{},"end":{}}],"line":205},"37":{"loc":{"start":{"line":206,"column":6},"end":{"line":206,"column":34}},"type":"if","locations":[{"start":{"line":206,"column":6},"end":{"line":206,"column":34}},{"start":{},"end":{}}],"line":206},"38":{"loc":{"start":{"line":209,"column":6},"end":{"line":209,"column":58}},"type":"if","locations":[{"start":{"line":209,"column":6},"end":{"line":209,"column":58}},{"start":{},"end":{}}],"line":209},"39":{"loc":{"start":{"line":210,"column":6},"end":{"line":210,"column":64}},"type":"if","locations":[{"start":{"line":210,"column":6},"end":{"line":210,"column":64}},{"start":{},"end":{}}],"line":210},"40":{"loc":{"start":{"line":213,"column":34},"end":{"line":213,"column":64}},"type":"binary-expr","locations":[{"start":{"line":213,"column":34},"end":{"line":213,"column":50}},{"start":{"line":213,"column":54},"end":{"line":213,"column":64}}],"line":213},"41":{"loc":{"start":{"line":214,"column":32},"end":{"line":214,"column":60}},"type":"binary-expr","locations":[{"start":{"line":214,"column":32},"end":{"line":214,"column":46}},{"start":{"line":214,"column":50},"end":{"line":214,"column":60}}],"line":214},"42":{"loc":{"start":{"line":215,"column":32},"end":{"line":215,"column":60}},"type":"binary-expr","locations":[{"start":{"line":215,"column":32},"end":{"line":215,"column":46}},{"start":{"line":215,"column":50},"end":{"line":215,"column":60}}],"line":215},"43":{"loc":{"start":{"line":220,"column":12},"end":{"line":220,"column":45}},"type":"binary-expr","locations":[{"start":{"line":220,"column":12},"end":{"line":220,"column":20}},{"start":{"line":220,"column":24},"end":{"line":220,"column":45}}],"line":220},"44":{"loc":{"start":{"line":221,"column":23},"end":{"line":221,"column":47}},"type":"binary-expr","locations":[{"start":{"line":221,"column":23},"end":{"line":221,"column":33}},{"start":{"line":221,"column":37},"end":{"line":221,"column":47}}],"line":221},"45":{"loc":{"start":{"line":222,"column":20},"end":{"line":224,"column":23}},"type":"cond-expr","locations":[{"start":{"line":223,"column":12},"end":{"line":223,"column":28}},{"start":{"line":224,"column":12},"end":{"line":224,"column":23}}],"line":222}},"s":{"0":0,"1":0,"2":0,"3":0,"4":0,"5":0,"6":0,"7":0,"8":0,"9":0,"10":0,"11":0,"12":0,"13":0,"14":0,"15":0,"16":0,"17":0,"18":0,"19":0,"20":0,"21":0,"22":0,"23":0,"24":0,"25":0,"26":0,"27":0,"28":0,"29":0,"30":0,"31":0,"32":0,"33":0,"34":0,"35":0,"36":0,"37":0,"38":0,"39":0,"40":0,"41":0,"42":0,"43":0,"44":0,"45":0,"46":0,"47":0,"48":0,"49":0,"50":0,"51":0,"52":0,"53":0,"54":0,"55":0,"56":0,"57":0,"58":0,"59":0,"60":0,"61":0,"62":0,"63":0,"64":0,"65":0,"66":0,"67":0,"68":0,"69":0,"70":0,"71":0,"72":0,"73":0,"74":0,"75":0,"76":0,"77":0,"78":0,"79":0,"80":0,"81":0,"82":0,"83":0,"84":0,"85":0,"86":0},"f":{"0":0,"1":0,"2":0,"3":0,"4":0,"5":0,"6":0,"7":0,"8":0,"9":0,"10":0},"b":{"0":[0,0],"1":[0,0],"2":[0,0],"3":[0,0],"4":[0,0],"5":[0,0,0],"6":[0,0],"7":[0,0],"8":[0,0],"9":[0,0],"10":[0,0],"11":[0,0],"12":[0,0],"13":[0,0],"14":[0,0],"15":[0,0],"16":[0,0],"17":[0,0,0],"18":[0,0],"19":[0,0],"20":[0,0],"21":[0,0],"22":[0,0],"23":[0,0],"24":[0,0],"25":[0,0],"26":[0,0],"27":[0,0],"28":[0,0],"29":[0,0],"30":[0,0],"31":[0,0],"32":[0,0],"33":[0,0],"34":[0,0],"35":[0,0],"36":[0,0],"37":[0,0],"38":[0,0],"39":[0,0],"40":[0,0],"41":[0,0],"42":[0,0],"43":[0,0],"44":[0,0],"45":[0,0]}}
}
