TN:
SF:src/reportWebVitals.js
FN:1,(anonymous_0)
FN:3,(anonymous_1)
FNF:2
FNH:0
FNDA:0,(anonymous_0)
FNDA:0,(anonymous_1)
DA:1,0
DA:2,0
DA:3,0
DA:4,0
DA:5,0
DA:6,0
DA:7,0
DA:8,0
LF:8
LH:0
BRDA:2,0,0,0
BRDA:2,0,1,0
BRDA:2,1,0,0
BRDA:2,1,1,0
BRF:4
BRH:0
end_of_record
TN:
SF:src/setupTests.js
FN:11,(anonymous_0)
FN:17,(anonymous_1)
FN:22,(anonymous_2)
FNF:3
FNH:0
FNDA:0,(anonymous_0)
FNDA:0,(anonymous_1)
FNDA:0,(anonymous_2)
DA:8,0
DA:11,0
DA:12,0
DA:17,0
DA:18,0
DA:22,0
DA:23,0
LF:7
LH:0
BRF:0
BRH:0
end_of_record
TN:
SF:src/components/UnifiedApp.js
FN:58,(anonymous_0)
FN:78,(anonymous_1)
FN:93,(anonymous_2)
FN:112,(anonymous_3)
FN:129,(anonymous_4)
FN:143,(anonymous_5)
FN:204,(anonymous_6)
FN:215,(anonymous_7)
FN:260,(anonymous_8)
FN:282,(anonymous_9)
FN:297,(anonymous_10)
FN:306,(anonymous_11)
FN:307,(anonymous_12)
FN:350,(anonymous_13)
FN:361,(anonymous_14)
FN:402,(anonymous_15)
FNF:16
FNH:0
FNDA:0,(anonymous_0)
FNDA:0,(anonymous_1)
FNDA:0,(anonymous_2)
FNDA:0,(anonymous_3)
FNDA:0,(anonymous_4)
FNDA:0,(anonymous_5)
FNDA:0,(anonymous_6)
FNDA:0,(anonymous_7)
FNDA:0,(anonymous_8)
FNDA:0,(anonymous_9)
FNDA:0,(anonymous_10)
FNDA:0,(anonymous_11)
FNDA:0,(anonymous_12)
FNDA:0,(anonymous_13)
FNDA:0,(anonymous_14)
FNDA:0,(anonymous_15)
DA:23,0
DA:24,0
DA:25,0
DA:28,0
DA:37,0
DA:58,0
DA:68,0
DA:69,0
DA:70,0
DA:71,0
DA:72,0
DA:73,0
DA:76,0
DA:78,0
DA:79,0
DA:80,0
DA:81,0
DA:82,0
DA:83,0
DA:86,0
DA:87,0
DA:88,0
DA:89,0
DA:93,0
DA:94,0
DA:95,0
DA:96,0
DA:99,0
DA:107,0
DA:108,0
DA:109,0
DA:112,0
DA:113,0
DA:130,0
DA:143,0
DA:204,0
DA:216,0
DA:217,0
DA:218,0
DA:246,0
DA:260,0
DA:268,0
DA:269,0
DA:270,0
DA:273,0
DA:276,0
DA:277,0
DA:280,0
DA:282,0
DA:283,0
DA:284,0
DA:285,0
DA:288,0
DA:294,0
DA:297,0
DA:298,0
DA:306,0
DA:307,0
DA:350,0
DA:362,0
DA:363,0
DA:364,0
DA:388,0
DA:402,0
DA:403,0
DA:585,0
DA:587,0
LF:67
LH:0
BRDA:24,0,0,0
BRDA:24,0,1,0
BRDA:64,1,0,0
BRDA:68,2,0,0
BRDA:68,2,1,0
BRDA:71,3,0,0
BRDA:71,3,1,0
BRDA:79,4,0,0
BRDA:79,4,1,0
BRDA:80,5,0,0
BRDA:80,5,1,0
BRDA:81,6,0,0
BRDA:81,6,1,0
BRDA:82,7,0,0
BRDA:82,7,1,0
BRDA:82,7,2,0
BRDA:83,8,0,0
BRDA:83,8,1,0
BRDA:88,9,0,0
BRDA:88,9,1,0
BRDA:94,10,0,0
BRDA:94,10,1,0
BRDA:114,11,0,0
BRDA:114,11,1,0
BRDA:134,12,0,0
BRDA:134,12,1,0
BRDA:138,13,0,0
BRDA:138,13,1,0
BRDA:148,14,0,0
BRDA:148,14,1,0
BRDA:166,15,0,0
BRDA:166,15,1,0
BRDA:172,16,0,0
BRDA:172,16,1,0
BRDA:185,17,0,0
BRDA:185,17,1,0
BRDA:191,18,0,0
BRDA:191,18,1,0
BRDA:210,19,0,0
BRDA:210,19,1,0
BRDA:210,19,2,0
BRDA:210,19,3,0
BRDA:217,20,0,0
BRDA:217,20,1,0
BRDA:238,21,0,0
BRDA:238,21,1,0
BRDA:250,22,0,0
BRDA:250,22,1,0
BRDA:268,23,0,0
BRDA:268,23,1,0
BRDA:269,24,0,0
BRDA:269,24,1,0
BRDA:271,25,0,0
BRDA:271,25,1,0
BRDA:274,26,0,0
BRDA:274,26,1,0
BRDA:277,27,0,0
BRDA:277,27,1,0
BRDA:283,28,0,0
BRDA:283,28,1,0
BRDA:290,29,0,0
BRDA:290,29,1,0
BRDA:318,30,0,0
BRDA:318,30,1,0
BRDA:324,31,0,0
BRDA:324,31,1,0
BRDA:335,32,0,0
BRDA:335,32,1,0
BRDA:341,33,0,0
BRDA:341,33,1,0
BRDA:356,34,0,0
BRDA:356,34,1,0
BRDA:356,34,2,0
BRDA:356,34,3,0
BRDA:363,35,0,0
BRDA:363,35,1,0
BRDA:431,36,0,0
BRDA:431,36,1,0
BRF:78
BRH:0
end_of_record
TN:
SF:src/components/BuyMeCoffeeButton/BuyMeCoffeeButton.js
FN:10,(anonymous_0)
FN:48,(anonymous_1)
FNF:2
FNH:0
FNDA:0,(anonymous_0)
FNDA:0,(anonymous_1)
DA:10,0
DA:11,0
DA:13,0
DA:15,0
DA:31,0
DA:48,0
DA:49,0
LF:7
LH:0
BRDA:10,0,0,0
BRDA:13,1,0,0
BRDA:13,1,1,0
BRF:3
BRH:0
end_of_record
TN:
SF:src/components/Common/IconProvider.js
FN:229,(anonymous_0)
FN:273,(anonymous_1)
FN:274,(anonymous_2)
FN:275,(anonymous_3)
FN:276,(anonymous_4)
FN:277,(anonymous_5)
FN:278,(anonymous_6)
FN:279,(anonymous_7)
FN:280,(anonymous_8)
FN:281,(anonymous_9)
FN:282,(anonymous_10)
FN:283,(anonymous_11)
FN:284,(anonymous_12)
FN:285,(anonymous_13)
FN:286,(anonymous_14)
FN:287,(anonymous_15)
FN:288,(anonymous_16)
FN:289,(anonymous_17)
FN:290,(anonymous_18)
FN:291,(anonymous_19)
FN:292,(anonymous_20)
FN:293,(anonymous_21)
FN:294,(anonymous_22)
FN:295,(anonymous_23)
FN:298,(anonymous_24)
FN:301,(anonymous_25)
FN:302,(anonymous_26)
FN:305,(anonymous_27)
FN:308,(anonymous_28)
FN:309,(anonymous_29)
FN:310,(anonymous_30)
FN:311,(anonymous_31)
FN:314,(anonymous_32)
FN:315,(anonymous_33)
FN:316,(anonymous_34)
FN:319,(anonymous_35)
FN:322,(anonymous_36)
FN:323,(anonymous_37)
FN:324,(anonymous_38)
FNF:39
FNH:0
FNDA:0,(anonymous_0)
FNDA:0,(anonymous_1)
FNDA:0,(anonymous_2)
FNDA:0,(anonymous_3)
FNDA:0,(anonymous_4)
FNDA:0,(anonymous_5)
FNDA:0,(anonymous_6)
FNDA:0,(anonymous_7)
FNDA:0,(anonymous_8)
FNDA:0,(anonymous_9)
FNDA:0,(anonymous_10)
FNDA:0,(anonymous_11)
FNDA:0,(anonymous_12)
FNDA:0,(anonymous_13)
FNDA:0,(anonymous_14)
FNDA:0,(anonymous_15)
FNDA:0,(anonymous_16)
FNDA:0,(anonymous_17)
FNDA:0,(anonymous_18)
FNDA:0,(anonymous_19)
FNDA:0,(anonymous_20)
FNDA:0,(anonymous_21)
FNDA:0,(anonymous_22)
FNDA:0,(anonymous_23)
FNDA:0,(anonymous_24)
FNDA:0,(anonymous_25)
FNDA:0,(anonymous_26)
FNDA:0,(anonymous_27)
FNDA:0,(anonymous_28)
FNDA:0,(anonymous_29)
FNDA:0,(anonymous_30)
FNDA:0,(anonymous_31)
FNDA:0,(anonymous_32)
FNDA:0,(anonymous_33)
FNDA:0,(anonymous_34)
FNDA:0,(anonymous_35)
FNDA:0,(anonymous_36)
FNDA:0,(anonymous_37)
FNDA:0,(anonymous_38)
DA:12,0
DA:13,0
DA:14,0
DA:15,0
DA:20,0
DA:21,0
DA:22,0
DA:147,0
DA:229,0
DA:230,0
DA:231,0
DA:232,0
DA:237,0
DA:238,0
DA:250,0
DA:254,0
DA:273,0
DA:274,0
DA:275,0
DA:276,0
DA:277,0
DA:278,0
DA:279,0
DA:280,0
DA:281,0
DA:282,0
DA:283,0
DA:284,0
DA:285,0
DA:286,0
DA:287,0
DA:288,0
DA:289,0
DA:290,0
DA:291,0
DA:292,0
DA:293,0
DA:294,0
DA:295,0
DA:296,0
DA:298,0
DA:299,0
DA:301,0
DA:302,0
DA:303,0
DA:305,0
DA:306,0
DA:308,0
DA:309,0
DA:310,0
DA:311,0
DA:312,0
DA:314,0
DA:315,0
DA:316,0
DA:317,0
DA:319,0
DA:320,0
DA:322,0
DA:323,0
DA:324,0
DA:325,0
LF:62
LH:0
BRDA:13,0,0,0
BRDA:13,0,1,0
BRDA:21,1,0,0
BRDA:21,1,1,0
BRDA:229,2,0,0
BRDA:229,3,0,0
BRDA:230,4,0,0
BRDA:230,4,1,0
BRDA:230,5,0,0
BRDA:230,5,1,0
BRDA:237,6,0,0
BRDA:237,6,1,0
BRDA:237,7,0,0
BRDA:237,7,1,0
BRDA:237,7,2,0
BRF:15
BRH:0
end_of_record
TN:
SF:src/components/Common/ImagePicker.js
FN:11,(anonymous_0)
FN:61,(anonymous_1)
FN:74,(anonymous_2)
FN:89,(anonymous_3)
FN:101,(anonymous_4)
FN:102,(anonymous_5)
FN:109,(anonymous_6)
FN:126,(anonymous_7)
FN:138,(anonymous_8)
FN:145,(anonymous_9)
FN:161,(anonymous_10)
FN:170,(anonymous_11)
FN:176,(anonymous_12)
FN:235,(anonymous_13)
FN:236,(anonymous_14)
FN:244,(anonymous_15)
FN:248,(anonymous_16)
FN:256,(anonymous_17)
FN:263,(anonymous_18)
FN:272,(anonymous_19)
FN:285,(anonymous_20)
FN:293,(anonymous_21)
FN:306,(anonymous_22)
FN:319,(anonymous_23)
FN:337,(anonymous_24)
FN:374,(anonymous_25)
FNF:26
FNH:0
FNDA:0,(anonymous_0)
FNDA:0,(anonymous_1)
FNDA:0,(anonymous_2)
FNDA:0,(anonymous_3)
FNDA:0,(anonymous_4)
FNDA:0,(anonymous_5)
FNDA:0,(anonymous_6)
FNDA:0,(anonymous_7)
FNDA:0,(anonymous_8)
FNDA:0,(anonymous_9)
FNDA:0,(anonymous_10)
FNDA:0,(anonymous_11)
FNDA:0,(anonymous_12)
FNDA:0,(anonymous_13)
FNDA:0,(anonymous_14)
FNDA:0,(anonymous_15)
FNDA:0,(anonymous_16)
FNDA:0,(anonymous_17)
FNDA:0,(anonymous_18)
FNDA:0,(anonymous_19)
FNDA:0,(anonymous_20)
FNDA:0,(anonymous_21)
FNDA:0,(anonymous_22)
FNDA:0,(anonymous_23)
FNDA:0,(anonymous_24)
FNDA:0,(anonymous_25)
DA:10,0
DA:11,0
DA:12,0
DA:13,0
DA:17,0
DA:18,0
DA:21,0
DA:22,0
DA:23,0
DA:26,0
DA:30,0
DA:34,0
DA:62,0
DA:63,0
DA:65,0
DA:75,0
DA:76,0
DA:81,0
DA:90,0
DA:91,0
DA:93,0
DA:102,0
DA:103,0
DA:104,0
DA:105,0
DA:106,0
DA:107,0
DA:109,0
DA:110,0
DA:112,0
DA:113,0
DA:114,0
DA:118,0
DA:119,0
DA:120,0
DA:121,0
DA:125,0
DA:126,0
DA:127,0
DA:138,0
DA:139,0
DA:142,0
DA:145,0
DA:146,0
DA:150,0
DA:152,0
DA:162,0
DA:164,0
DA:165,0
DA:170,0
DA:171,0
DA:176,0
DA:177,0
DA:178,0
DA:179,0
DA:182,0
DA:183,0
DA:184,0
DA:187,0
DA:188,0
DA:189,0
DA:190,0
DA:194,0
DA:199,0
DA:200,0
DA:201,0
DA:205,0
DA:219,0
DA:220,0
DA:221,0
DA:223,0
DA:226,0
DA:236,0
DA:237,0
DA:244,0
DA:249,0
DA:257,0
DA:263,0
DA:273,0
DA:274,0
DA:278,0
DA:286,0
DA:294,0
DA:295,0
DA:299,0
DA:307,0
DA:308,0
DA:312,0
DA:320,0
DA:338,0
DA:339,0
DA:342,0
DA:343,0
DA:347,0
DA:348,0
DA:355,0
DA:359,0
DA:365,0
DA:375,0
DA:378,0
DA:379,0
DA:382,0
DA:383,0
DA:386,0
DA:387,0
DA:390,0
DA:391,0
DA:394,0
DA:395,0
DA:399,0
LF:110
LH:0
BRDA:12,0,0,0
BRDA:12,0,1,0
BRDA:17,1,0,0
BRDA:17,1,1,0
BRDA:17,2,0,0
BRDA:17,2,1,0
BRDA:22,3,0,0
BRDA:22,3,1,0
BRDA:30,4,0,0
BRDA:30,4,1,0
BRDA:61,5,0,0
BRDA:62,6,0,0
BRDA:62,6,1,0
BRDA:74,7,0,0
BRDA:75,8,0,0
BRDA:75,8,1,0
BRDA:89,9,0,0
BRDA:90,10,0,0
BRDA:90,10,1,0
BRDA:106,11,0,0
BRDA:106,11,1,0
BRDA:107,12,0,0
BRDA:107,12,1,0
BRDA:112,13,0,0
BRDA:112,13,1,0
BRDA:119,14,0,0
BRDA:119,14,1,0
BRDA:164,15,0,0
BRDA:164,15,1,0
BRDA:177,16,0,0
BRDA:177,16,1,0
BRDA:182,17,0,0
BRDA:182,17,1,0
BRDA:182,18,0,0
BRDA:182,18,1,0
BRDA:183,19,0,0
BRDA:183,19,1,0
BRDA:187,20,0,0
BRDA:187,20,1,0
BRDA:188,21,0,0
BRDA:188,21,1,0
BRDA:199,22,0,0
BRDA:199,22,1,0
BRDA:220,23,0,0
BRDA:220,23,1,0
BRDA:273,24,0,0
BRDA:273,24,1,0
BRDA:294,25,0,0
BRDA:294,25,1,0
BRDA:307,26,0,0
BRDA:307,26,1,0
BRDA:338,27,0,0
BRDA:338,27,1,0
BRDA:338,28,0,0
BRDA:338,28,1,0
BRDA:342,29,0,0
BRDA:342,29,1,0
BRDA:342,30,0,0
BRDA:342,30,1,0
BRDA:347,31,0,0
BRDA:347,31,1,0
BRDA:347,32,0,0
BRDA:347,32,1,0
BRDA:355,33,0,0
BRDA:355,33,1,0
BRDA:356,34,0,0
BRDA:356,34,1,0
BRDA:374,35,0,0
BRDA:375,36,0,0
BRDA:375,36,1,0
BRDA:378,37,0,0
BRDA:378,37,1,0
BRDA:382,38,0,0
BRDA:382,38,1,0
BRDA:382,39,0,0
BRDA:382,39,1,0
BRDA:386,40,0,0
BRDA:386,40,1,0
BRDA:390,41,0,0
BRDA:390,41,1,0
BRDA:390,42,0,0
BRDA:390,42,1,0
BRDA:394,43,0,0
BRDA:394,43,1,0
BRF:84
BRH:0
end_of_record
TN:
SF:src/components/Common/ThemeSwitcher.js
FN:13,(anonymous_0)
FN:17,(anonymous_1)
FN:30,(anonymous_2)
FN:56,(anonymous_3)
FN:60,(anonymous_4)
FN:85,(anonymous_5)
FNF:6
FNH:0
FNDA:0,(anonymous_0)
FNDA:0,(anonymous_1)
FNDA:0,(anonymous_2)
FNDA:0,(anonymous_3)
FNDA:0,(anonymous_4)
FNDA:0,(anonymous_5)
DA:13,0
DA:14,0
DA:15,0
DA:17,0
DA:18,0
DA:20,0
DA:22,0
DA:24,0
DA:26,0
DA:30,0
DA:31,0
DA:33,0
DA:35,0
DA:37,0
DA:39,0
DA:43,0
DA:56,0
DA:57,0
DA:58,0
DA:60,0
DA:61,0
DA:63,0
DA:65,0
DA:67,0
DA:69,0
DA:73,0
DA:85,0
DA:86,0
LF:28
LH:0
BRDA:18,0,0,0
BRDA:18,0,1,0
BRDA:18,0,2,0
BRDA:18,0,3,0
BRDA:31,1,0,0
BRDA:31,1,1,0
BRDA:31,1,2,0
BRDA:31,1,3,0
BRDA:50,2,0,0
BRDA:50,2,1,0
BRDA:56,3,0,0
BRDA:58,4,0,0
BRDA:58,4,1,0
BRDA:61,5,0,0
BRDA:61,5,1,0
BRDA:61,5,2,0
BRDA:61,5,3,0
BRDA:93,6,0,0
BRDA:93,6,1,0
BRDA:95,7,0,0
BRDA:95,7,1,0
BRDA:98,8,0,0
BRDA:98,8,1,0
BRDA:103,9,0,0
BRDA:103,9,1,0
BRDA:104,10,0,0
BRDA:104,10,1,0
BRF:27
BRH:0
end_of_record
TN:
SF:src/components/Common/ThemedModal.js
FN:26,(anonymous_0)
FN:111,(anonymous_1)
FNF:2
FNH:0
FNDA:0,(anonymous_0)
FNDA:0,(anonymous_1)
DA:26,0
DA:35,0
DA:39,0
DA:40,0
DA:41,0
DA:42,0
DA:44,0
DA:46,0
DA:56,0
DA:111,0
DA:120,0
LF:11
LH:0
BRDA:31,0,0,0
BRDA:32,1,0,0
BRDA:39,2,0,0
BRDA:39,2,1,0
BRDA:39,2,2,0
BRDA:40,3,0,0
BRDA:40,3,1,0
BRDA:40,3,2,0
BRDA:41,4,0,0
BRDA:41,4,1,0
BRDA:41,4,2,0
BRDA:42,5,0,0
BRDA:42,5,1,0
BRDA:42,5,2,0
BRDA:44,6,0,0
BRDA:44,6,1,0
BRDA:44,6,2,0
BRDA:88,7,0,0
BRDA:88,7,1,0
BRDA:178,8,0,0
BRDA:178,8,1,0
BRF:21
BRH:0
end_of_record
TN:
SF:src/components/Common/index.js
FN:63,(anonymous_0)
FN:64,(anonymous_1)
FNF:2
FNH:0
FNDA:0,(anonymous_0)
FNDA:0,(anonymous_1)
DA:63,0
DA:64,0
LF:2
LH:0
BRF:0
BRH:0
end_of_record
TN:
SF:src/components/DatePicker/DatePicker.js
FN:6,(anonymous_0)
FN:13,(anonymous_1)
FNF:2
FNH:0
FNDA:0,(anonymous_0)
FNDA:0,(anonymous_1)
DA:6,0
DA:7,0
DA:9,0
DA:13,0
DA:28,0
LF:5
LH:0
BRDA:7,0,0,0
BRDA:7,0,1,0
BRDA:33,1,0,0
BRDA:33,1,1,0
BRDA:44,2,0,0
BRDA:44,2,1,0
BRF:6
BRH:0
end_of_record
TN:
SF:src/components/DatePicker/index.js
FNF:0
FNH:0
DA:5,0
DA:6,0
DA:8,0
LF:3
LH:0
BRDA:5,0,0,0
BRDA:5,0,1,0
BRF:2
BRH:0
end_of_record
TN:
SF:src/components/Dialogs/UnifiedAddDialog.js
FN:48,(anonymous_0)
FN:69,(anonymous_1)
FN:79,(anonymous_2)
FN:84,(anonymous_3)
FN:328,(anonymous_4)
FN:366,(anonymous_5)
FN:373,(anonymous_6)
FN:405,(anonymous_7)
FN:413,(anonymous_8)
FN:418,(anonymous_9)
FN:430,(anonymous_10)
FNF:11
FNH:0
FNDA:0,(anonymous_0)
FNDA:0,(anonymous_1)
FNDA:0,(anonymous_2)
FNDA:0,(anonymous_3)
FNDA:0,(anonymous_4)
FNDA:0,(anonymous_5)
FNDA:0,(anonymous_6)
FNDA:0,(anonymous_7)
FNDA:0,(anonymous_8)
FNDA:0,(anonymous_9)
FNDA:0,(anonymous_10)
DA:17,0
DA:33,0
DA:48,0
DA:55,0
DA:56,0
DA:59,0
DA:60,0
DA:61,0
DA:62,0
DA:65,0
DA:66,0
DA:67,0
DA:69,0
DA:70,0
DA:71,0
DA:72,0
DA:73,0
DA:74,0
DA:75,0
DA:76,0
DA:79,0
DA:80,0
DA:81,0
DA:84,0
DA:85,0
DA:87,0
DA:88,0
DA:90,0
DA:91,0
DA:100,0
DA:103,0
DA:104,0
DA:113,0
DA:119,0
DA:125,0
DA:127,0
DA:291,0
DA:329,0
DA:367,0
DA:373,0
DA:406,0
DA:413,0
DA:418,0
DA:430,0
LF:44
LH:0
BRDA:53,0,0,0
BRDA:85,1,0,0
BRDA:85,1,1,0
BRDA:87,2,0,0
BRDA:87,2,1,0
BRDA:90,3,0,0
BRDA:90,3,1,0
BRDA:90,4,0,0
BRDA:90,4,1,0
BRDA:103,5,0,0
BRDA:103,5,1,0
BRDA:103,6,0,0
BRDA:103,6,1,0
BRDA:119,7,0,0
BRDA:119,7,1,0
BRDA:120,8,0,0
BRDA:120,8,1,0
BRDA:120,8,2,0
BRDA:120,8,3,0
BRDA:123,9,0,0
BRDA:123,9,1,0
BRDA:296,10,0,0
BRDA:296,10,1,0
BRDA:301,11,0,0
BRDA:301,11,1,0
BRDA:309,12,0,0
BRDA:309,12,1,0
BRDA:313,13,0,0
BRDA:313,13,1,0
BRDA:340,14,0,0
BRDA:340,14,1,0
BRDA:371,15,0,0
BRDA:371,15,1,0
BRDA:378,16,0,0
BRDA:378,16,1,0
BRDA:411,17,0,0
BRDA:411,17,1,0
BRDA:424,18,0,0
BRDA:424,18,1,0
BRDA:426,19,0,0
BRDA:426,19,1,0
BRDA:454,20,0,0
BRDA:454,20,1,0
BRDA:473,21,0,0
BRDA:473,21,1,0
BRDA:479,22,0,0
BRDA:479,22,1,0
BRF:47
BRH:0
end_of_record
TN:
SF:src/components/Dialogs/index.js
FNF:0
FNH:0
DA:3,0
LF:1
LH:0
BRDA:3,0,0,0
BRDA:3,0,1,0
BRF:2
BRH:0
end_of_record
TN:
SF:src/components/ErrorBoundary/ErrorBoundary.js
FN:11,(anonymous_0)
FN:22,(anonymous_1)
FN:26,(anonymous_2)
FN:48,(anonymous_3)
FN:50,(anonymous_4)
FN:58,(anonymous_5)
FN:103,(anonymous_6)
FN:112,(anonymous_7)
FN:119,(anonymous_8)
FN:120,(anonymous_9)
FN:140,(anonymous_10)
FN:162,(anonymous_11)
FN:185,ErrorBoundaryWithFallback
FNF:13
FNH:0
FNDA:0,(anonymous_0)
FNDA:0,(anonymous_1)
FNDA:0,(anonymous_2)
FNDA:0,(anonymous_3)
FNDA:0,(anonymous_4)
FNDA:0,(anonymous_5)
FNDA:0,(anonymous_6)
FNDA:0,(anonymous_7)
FNDA:0,(anonymous_8)
FNDA:0,(anonymous_9)
FNDA:0,(anonymous_10)
FNDA:0,(anonymous_11)
FNDA:0,ErrorBoundaryWithFallback
DA:12,0
DA:13,0
DA:23,0
DA:28,0
DA:31,0
DA:38,0
DA:41,0
DA:48,0
DA:50,0
DA:59,0
DA:61,0
DA:62,0
DA:70,0
DA:71,0
DA:98,0
DA:103,0
DA:108,0
DA:109,0
DA:111,0
DA:113,0
DA:118,0
DA:120,0
DA:121,0
DA:122,0
DA:123,0
DA:126,0
DA:141,0
DA:142,0
DA:143,0
DA:145,0
DA:162,0
DA:177,0
DA:186,0
LF:33
LH:0
BRDA:44,0,0,0
BRDA:44,0,1,0
BRDA:54,1,0,0
BRDA:54,1,1,0
BRDA:59,2,0,0
BRDA:59,2,1,0
BRDA:61,3,0,0
BRDA:61,3,1,0
BRDA:105,4,0,0
BRDA:106,5,0,0
BRDA:137,6,0,0
BRDA:137,6,1,0
BRDA:137,6,2,0
BRDA:145,7,0,0
BRDA:145,7,1,0
BRDA:153,8,0,0
BRDA:153,8,1,0
BRDA:153,8,2,0
BRDA:153,8,3,0
BRF:19
BRH:0
end_of_record
TN:
SF:src/components/ErrorBoundary/ErrorFallback.js
FN:14,(anonymous_0)
FN:60,(anonymous_1)
FN:138,(anonymous_2)
FNF:3
FNH:0
FNDA:0,(anonymous_0)
FNDA:0,(anonymous_1)
FNDA:0,(anonymous_2)
DA:14,0
DA:22,0
DA:24,0
DA:27,0
DA:30,0
DA:32,0
DA:61,0
DA:62,0
DA:138,0
DA:139,0
LF:10
LH:0
BRDA:27,0,0,0
BRDA:27,0,1,0
BRDA:27,0,2,0
BRDA:27,0,3,0
BRDA:41,1,0,0
BRDA:41,1,1,0
BRDA:57,2,0,0
BRDA:57,2,1,0
BRDA:61,3,0,0
BRDA:61,3,1,0
BRDA:61,4,0,0
BRDA:61,4,1,0
BRDA:70,5,0,0
BRDA:70,5,1,0
BRDA:70,5,2,0
BRDA:76,6,0,0
BRDA:76,6,1,0
BRDA:82,7,0,0
BRDA:82,7,1,0
BRDA:84,8,0,0
BRDA:84,8,1,0
BRDA:91,9,0,0
BRDA:91,9,1,0
BRDA:91,9,2,0
BRDA:98,10,0,0
BRDA:98,10,1,0
BRDA:98,10,2,0
BRDA:109,11,0,0
BRDA:109,11,1,0
BRDA:109,11,2,0
BRDA:120,12,0,0
BRDA:120,12,1,0
BRDA:128,13,0,0
BRDA:128,13,1,0
BRDA:157,14,0,0
BRDA:157,14,1,0
BRDA:164,15,0,0
BRDA:164,15,1,0
BRDA:189,16,0,0
BRDA:189,16,1,0
BRDA:196,17,0,0
BRDA:196,17,1,0
BRDA:215,18,0,0
BRDA:215,18,1,0
BRDA:220,19,0,0
BRDA:220,19,1,0
BRDA:228,20,0,0
BRDA:228,20,1,0
BRDA:237,21,0,0
BRDA:237,21,1,0
BRDA:242,22,0,0
BRDA:242,22,1,0
BRDA:259,23,0,0
BRDA:259,23,1,0
BRDA:264,24,0,0
BRDA:264,24,1,0
BRDA:278,25,0,0
BRDA:278,25,1,0
BRDA:287,26,0,0
BRDA:287,26,1,0
BRDA:293,27,0,0
BRDA:293,27,1,0
BRF:62
BRH:0
end_of_record
TN:
SF:src/components/ErrorBoundary/ErrorRecovery.js
FN:13,(anonymous_0)
FN:24,(anonymous_1)
FN:35,(anonymous_2)
FN:51,(anonymous_3)
FN:55,(anonymous_4)
FN:94,(anonymous_5)
FN:120,(anonymous_6)
FN:127,(anonymous_7)
FN:168,(anonymous_8)
FNF:9
FNH:0
FNDA:0,(anonymous_0)
FNDA:0,(anonymous_1)
FNDA:0,(anonymous_2)
FNDA:0,(anonymous_3)
FNDA:0,(anonymous_4)
FNDA:0,(anonymous_5)
FNDA:0,(anonymous_6)
FNDA:0,(anonymous_7)
FNDA:0,(anonymous_8)
DA:13,0
DA:14,0
DA:15,0
DA:18,0
DA:20,0
DA:24,0
DA:25,0
DA:26,0
DA:29,0
DA:31,0
DA:35,0
DA:36,0
DA:38,0
DA:41,0
DA:45,0
DA:47,0
DA:51,0
DA:52,0
DA:53,0
DA:55,0
DA:56,0
DA:59,0
DA:63,0
DA:72,0
DA:73,0
DA:83,0
DA:91,0
DA:94,0
DA:95,0
DA:96,0
DA:100,0
DA:102,0
DA:103,0
DA:114,0
DA:121,0
DA:127,0
DA:168,0
DA:169,0
LF:38
LH:0
BRDA:18,0,0,0
BRDA:18,0,1,0
BRDA:29,1,0,0
BRDA:29,1,1,0
BRDA:45,2,0,0
BRDA:45,2,1,0
BRDA:59,3,0,0
BRDA:59,3,1,0
BRDA:60,4,0,0
BRDA:60,4,1,0
BRDA:72,5,0,0
BRDA:72,5,1,0
BRDA:72,6,0,0
BRDA:72,6,1,0
BRDA:95,7,0,0
BRDA:95,7,1,0
BRDA:102,8,0,0
BRDA:102,8,1,0
BRDA:107,9,0,0
BRDA:107,9,1,0
BRDA:125,10,0,0
BRDA:125,10,1,0
BRDA:134,11,0,0
BRDA:134,11,1,0
BRDA:147,12,0,0
BRDA:147,12,1,0
BRDA:154,13,0,0
BRDA:154,13,1,0
BRDA:202,14,0,0
BRDA:202,14,1,0
BRDA:210,15,0,0
BRDA:210,15,1,0
BRDA:211,16,0,0
BRDA:211,16,1,0
BRDA:227,17,0,0
BRDA:227,17,1,0
BRDA:235,18,0,0
BRDA:235,18,1,0
BRDA:243,19,0,0
BRDA:243,19,1,0
BRDA:251,20,0,0
BRDA:251,20,1,0
BRDA:255,21,0,0
BRDA:255,21,1,0
BRF:44
BRH:0
end_of_record
TN:
SF:src/components/Forms/HighlightedText.js
FN:61,(anonymous_0)
FN:67,(anonymous_1)
FN:69,(anonymous_2)
FN:75,(anonymous_3)
FN:79,(anonymous_4)
FN:81,(anonymous_5)
FNF:6
FNH:0
FNDA:0,(anonymous_0)
FNDA:0,(anonymous_1)
FNDA:0,(anonymous_2)
FNDA:0,(anonymous_3)
FNDA:0,(anonymous_4)
FNDA:0,(anonymous_5)
DA:4,0
DA:20,0
DA:61,0
DA:67,0
DA:68,0
DA:69,0
DA:71,0
DA:75,0
DA:76,0
DA:77,0
DA:79,0
DA:80,0
DA:81,0
DA:84,0
DA:85,0
DA:103,0
DA:107,0
LF:17
LH:0
BRDA:63,0,0,0
BRDA:64,1,0,0
BRDA:84,2,0,0
BRDA:84,2,1,0
BRDA:110,3,0,0
BRDA:110,3,1,0
BRF:6
BRH:0
end_of_record
TN:
SF:src/components/Forms/HtmlRenderer.js
FN:19,(anonymous_0)
FNF:1
FNH:0
FNDA:0,(anonymous_0)
DA:5,0
DA:19,0
DA:21,0
DA:23,0
DA:25,0
DA:40,0
DA:91,0
LF:7
LH:0
BRDA:19,0,0,0
BRDA:23,1,0,0
BRDA:23,1,1,0
BRDA:28,2,0,0
BRDA:28,2,1,0
BRDA:48,3,0,0
BRDA:48,3,1,0
BRF:7
BRH:0
end_of_record
TN:
SF:src/components/Forms/MarkdownField.js
FN:35,(anonymous_0)
FN:59,(anonymous_1)
FN:83,(anonymous_2)
FN:107,(anonymous_3)
FN:136,(anonymous_4)
FN:165,(anonymous_5)
FN:183,(anonymous_6)
FN:206,(anonymous_7)
FN:220,(anonymous_8)
FN:225,(anonymous_9)
FN:233,(anonymous_10)
FN:263,(anonymous_11)
FN:274,(anonymous_12)
FN:293,(anonymous_13)
FN:297,(anonymous_14)
FN:321,(anonymous_15)
FN:322,(anonymous_16)
FNF:17
FNH:0
FNDA:0,(anonymous_0)
FNDA:0,(anonymous_1)
FNDA:0,(anonymous_2)
FNDA:0,(anonymous_3)
FNDA:0,(anonymous_4)
FNDA:0,(anonymous_5)
FNDA:0,(anonymous_6)
FNDA:0,(anonymous_7)
FNDA:0,(anonymous_8)
FNDA:0,(anonymous_9)
FNDA:0,(anonymous_10)
FNDA:0,(anonymous_11)
FNDA:0,(anonymous_12)
FNDA:0,(anonymous_13)
FNDA:0,(anonymous_14)
FNDA:0,(anonymous_15)
FNDA:0,(anonymous_16)
DA:17,0
DA:31,0
DA:36,0
DA:37,0
DA:38,0
DA:39,0
DA:40,0
DA:41,0
DA:46,0
DA:47,0
DA:48,0
DA:49,0
DA:60,0
DA:61,0
DA:62,0
DA:63,0
DA:64,0
DA:65,0
DA:70,0
DA:71,0
DA:72,0
DA:73,0
DA:84,0
DA:85,0
DA:86,0
DA:87,0
DA:88,0
DA:89,0
DA:94,0
DA:95,0
DA:96,0
DA:97,0
DA:108,0
DA:109,0
DA:110,0
DA:113,0
DA:114,0
DA:115,0
DA:116,0
DA:118,0
DA:122,0
DA:123,0
DA:126,0
DA:127,0
DA:137,0
DA:138,0
DA:139,0
DA:142,0
DA:143,0
DA:144,0
DA:145,0
DA:147,0
DA:151,0
DA:152,0
DA:155,0
DA:156,0
DA:166,0
DA:167,0
DA:168,0
DA:169,0
DA:170,0
DA:171,0
DA:184,0
DA:185,0
DA:186,0
DA:187,0
DA:188,0
DA:189,0
DA:194,0
DA:195,0
DA:196,0
DA:197,0
DA:206,0
DA:215,0
DA:216,0
DA:217,0
DA:218,0
DA:220,0
DA:221,0
DA:222,0
DA:225,0
DA:226,0
DA:227,0
DA:228,0
DA:229,0
DA:233,0
DA:234,0
DA:237,0
DA:247,0
DA:263,0
DA:274,0
DA:294,0
DA:297,0
DA:321,0
DA:322,0
DA:368,0
LF:96
LH:0
BRDA:37,0,0,0
BRDA:37,0,1,0
BRDA:61,1,0,0
BRDA:61,1,1,0
BRDA:85,2,0,0
BRDA:85,2,1,0
BRDA:114,3,0,0
BRDA:114,3,1,0
BRDA:122,4,0,0
BRDA:122,4,1,0
BRDA:143,5,0,0
BRDA:143,5,1,0
BRDA:151,6,0,0
BRDA:151,6,1,0
BRDA:167,7,0,0
BRDA:167,7,1,0
BRDA:185,8,0,0
BRDA:185,8,1,0
BRDA:210,9,0,0
BRDA:213,10,0,0
BRDA:234,11,0,0
BRDA:234,11,1,0
BRDA:253,12,0,0
BRDA:253,12,1,0
BRDA:257,13,0,0
BRDA:257,13,1,0
BRDA:262,14,0,0
BRDA:262,14,1,0
BRDA:268,15,0,0
BRDA:268,15,1,0
BRDA:273,16,0,0
BRDA:273,16,1,0
BRDA:279,17,0,0
BRDA:279,17,1,0
BRDA:286,18,0,0
BRDA:286,18,1,0
BRDA:312,19,0,0
BRDA:312,19,1,0
BRDA:313,20,0,0
BRDA:313,20,1,0
BRDA:323,21,0,0
BRDA:323,21,1,0
BRDA:332,22,0,0
BRDA:332,22,1,0
BRDA:342,23,0,0
BRDA:342,23,1,0
BRF:46
BRH:0
end_of_record
TN:
SF:src/components/Forms/MarkdownRenderer.js
FN:19,(anonymous_0)
FN:21,(anonymous_1)
FN:28,(anonymous_2)
FN:97,(anonymous_3)
FNF:4
FNH:0
FNDA:0,(anonymous_0)
FNDA:0,(anonymous_1)
FNDA:0,(anonymous_2)
FNDA:0,(anonymous_3)
DA:4,0
DA:19,0
DA:21,0
DA:22,0
DA:24,0
DA:25,0
DA:26,0
DA:28,0
DA:29,0
DA:30,0
DA:31,0
DA:35,0
DA:36,0
DA:49,0
DA:52,0
DA:53,0
DA:66,0
DA:70,0
DA:71,0
DA:72,0
DA:86,0
DA:90,0
DA:91,0
DA:94,0
DA:97,0
DA:98,0
DA:99,0
DA:102,0
DA:104,0
DA:106,0
DA:108,0
DA:109,0
DA:124,0
DA:138,0
DA:142,0
DA:143,0
DA:157,0
DA:158,0
DA:173,0
DA:180,0
LF:40
LH:0
BRDA:19,0,0,0
BRDA:22,1,0,0
BRDA:22,1,1,0
BRDA:29,2,0,0
BRDA:29,2,1,0
BRDA:35,3,0,0
BRDA:35,3,1,0
BRDA:52,4,0,0
BRDA:52,4,1,0
BRDA:70,5,0,0
BRDA:70,5,1,0
BRDA:70,6,0,0
BRDA:70,6,1,0
BRDA:76,7,0,0
BRDA:76,7,1,0
BRDA:108,8,0,0
BRDA:108,8,1,0
BRDA:113,9,0,0
BRDA:113,9,1,0
BRDA:128,10,0,0
BRDA:128,10,1,0
BRDA:142,11,0,0
BRDA:142,11,1,0
BRDA:147,12,0,0
BRDA:147,12,1,0
BRDA:157,13,0,0
BRDA:157,13,1,0
BRDA:162,14,0,0
BRDA:162,14,1,0
BRF:29
BRH:0
end_of_record
TN:
SF:src/components/Forms/RichTextInput.js
FN:30,(anonymous_0)
FN:50,(anonymous_1)
FN:55,(anonymous_2)
FN:61,(anonymous_3)
FN:64,(anonymous_4)
FN:101,(anonymous_5)
FN:114,(anonymous_6)
FN:127,(anonymous_7)
FN:133,(anonymous_8)
FN:162,(anonymous_9)
FN:166,(anonymous_10)
FNF:11
FNH:0
FNDA:0,(anonymous_0)
FNDA:0,(anonymous_1)
FNDA:0,(anonymous_2)
FNDA:0,(anonymous_3)
FNDA:0,(anonymous_4)
FNDA:0,(anonymous_5)
FNDA:0,(anonymous_6)
FNDA:0,(anonymous_7)
FNDA:0,(anonymous_8)
FNDA:0,(anonymous_9)
FNDA:0,(anonymous_10)
DA:14,0
DA:30,0
DA:41,0
DA:42,0
DA:43,0
DA:50,0
DA:51,0
DA:55,0
DA:61,0
DA:64,0
DA:69,0
DA:70,0
DA:76,0
DA:78,0
DA:101,0
DA:114,0
DA:127,0
DA:133,0
DA:163,0
DA:164,0
DA:166,0
DA:183,0
LF:22
LH:0
BRDA:36,0,0,0
BRDA:37,1,0,0
BRDA:38,2,0,0
BRDA:39,3,0,0
BRDA:69,4,0,0
BRDA:69,4,1,0
BRDA:76,5,0,0
BRDA:76,5,1,0
BRDA:83,6,0,0
BRDA:83,6,1,0
BRDA:87,7,0,0
BRDA:87,7,1,0
BRDA:96,8,0,0
BRDA:96,8,1,0
BRDA:109,9,0,0
BRDA:109,9,1,0
BRDA:122,10,0,0
BRDA:122,10,1,0
BRDA:143,11,0,0
BRDA:143,11,1,0
BRDA:154,12,0,0
BRDA:154,12,1,0
BRDA:155,13,0,0
BRDA:155,13,1,0
BRDA:158,14,0,0
BRDA:158,14,1,0
BRDA:169,15,0,0
BRDA:169,15,1,0
BRDA:172,16,0,0
BRDA:172,16,1,0
BRDA:178,17,0,0
BRDA:178,17,1,0
BRF:32
BRH:0
end_of_record
TN:
SF:src/components/Forms/SmartTextInput.js
FN:61,(anonymous_0)
FN:81,(anonymous_1)
FN:86,(anonymous_2)
FN:97,(anonymous_3)
FN:104,(anonymous_4)
FN:119,(anonymous_5)
FN:143,(anonymous_6)
FN:199,(anonymous_7)
FN:200,(anonymous_8)
FN:213,(anonymous_9)
FN:235,(anonymous_10)
FN:239,(anonymous_11)
FN:248,(anonymous_12)
FN:252,(anonymous_13)
FN:261,(anonymous_14)
FNF:15
FNH:0
FNDA:0,(anonymous_0)
FNDA:0,(anonymous_1)
FNDA:0,(anonymous_2)
FNDA:0,(anonymous_3)
FNDA:0,(anonymous_4)
FNDA:0,(anonymous_5)
FNDA:0,(anonymous_6)
FNDA:0,(anonymous_7)
FNDA:0,(anonymous_8)
FNDA:0,(anonymous_9)
FNDA:0,(anonymous_10)
FNDA:0,(anonymous_11)
FNDA:0,(anonymous_12)
FNDA:0,(anonymous_13)
FNDA:0,(anonymous_14)
DA:19,0
DA:47,0
DA:61,0
DA:73,0
DA:74,0
DA:75,0
DA:76,0
DA:77,0
DA:78,0
DA:81,0
DA:82,0
DA:83,0
DA:86,0
DA:88,0
DA:90,0
DA:91,0
DA:93,0
DA:97,0
DA:98,0
DA:99,0
DA:100,0
DA:104,0
DA:105,0
DA:107,0
DA:108,0
DA:109,0
DA:111,0
DA:112,0
DA:113,0
DA:115,0
DA:116,0
DA:119,0
DA:120,0
DA:121,0
DA:122,0
DA:127,0
DA:129,0
DA:130,0
DA:131,0
DA:134,0
DA:136,0
DA:139,0
DA:143,0
DA:144,0
DA:147,0
DA:154,0
DA:155,0
DA:157,0
DA:199,0
DA:200,0
DA:213,0
DA:235,0
DA:239,0
DA:249,0
DA:252,0
DA:261,0
DA:272,0
LF:57
LH:0
BRDA:67,0,0,0
BRDA:68,1,0,0
BRDA:69,2,0,0
BRDA:70,3,0,0
BRDA:71,4,0,0
BRDA:83,5,0,0
BRDA:83,5,1,0
BRDA:88,6,0,0
BRDA:88,6,1,0
BRDA:105,7,0,0
BRDA:105,7,1,0
BRDA:111,8,0,0
BRDA:111,8,1,0
BRDA:120,9,0,0
BRDA:120,9,1,0
BRDA:127,10,0,0
BRDA:127,10,1,0
BRDA:131,11,0,0
BRDA:131,11,1,0
BRDA:144,12,0,0
BRDA:144,12,1,0
BRDA:154,13,0,0
BRDA:154,13,1,0
BRDA:155,14,0,0
BRDA:155,14,1,0
BRDA:162,15,0,0
BRDA:162,15,1,0
BRDA:166,16,0,0
BRDA:166,16,1,0
BRDA:170,17,0,0
BRDA:170,17,1,0
BRDA:181,18,0,0
BRDA:181,18,1,0
BRDA:190,19,0,0
BRDA:190,19,1,0
BRDA:191,20,0,0
BRDA:191,20,1,0
BRDA:194,21,0,0
BRDA:194,21,1,0
BRDA:202,22,0,0
BRDA:202,22,1,0
BRDA:204,23,0,0
BRDA:204,23,1,0
BRDA:210,24,0,0
BRDA:210,24,1,0
BRDA:210,24,2,0
BRDA:221,25,0,0
BRDA:221,25,1,0
BRDA:224,26,0,0
BRDA:224,26,1,0
BRDA:224,26,2,0
BRF:51
BRH:0
end_of_record
TN:
SF:src/components/Forms/index.js
FNF:0
FNH:0
LF:0
LH:0
BRF:0
BRH:0
end_of_record
TN:
SF:src/components/Layout/Header.js
FN:15,(anonymous_0)
FN:95,(anonymous_1)
FNF:2
FNH:0
FNDA:0,(anonymous_0)
FNDA:0,(anonymous_1)
DA:7,0
DA:8,0
DA:15,0
DA:16,0
DA:19,0
DA:37,0
DA:95,0
DA:96,0
LF:8
LH:0
BRDA:55,0,0,0
BRDA:55,0,1,0
BRDA:62,1,0,0
BRDA:62,1,1,0
BRDA:64,2,0,0
BRDA:64,2,1,0
BRDA:64,3,0,0
BRDA:64,3,1,0
BRDA:68,4,0,0
BRDA:68,4,1,0
BRDA:68,5,0,0
BRDA:68,5,1,0
BRDA:139,6,0,0
BRDA:139,6,1,0
BRDA:153,7,0,0
BRDA:153,7,1,0
BRDA:164,8,0,0
BRDA:164,8,1,0
BRDA:183,9,0,0
BRDA:183,9,1,0
BRDA:199,10,0,0
BRDA:199,10,1,0
BRDA:217,11,0,0
BRDA:217,11,1,0
BRF:24
BRH:0
end_of_record
TN:
SF:src/components/Layout/index.js
FNF:0
FNH:0
LF:0
LH:0
BRF:0
BRH:0
end_of_record
TN:
SF:src/components/Loading/LoadingOverlay.js
FN:15,(anonymous_0)
FNF:1
FNH:0
FNDA:0,(anonymous_0)
DA:4,0
DA:15,0
DA:16,0
DA:32,0
LF:4
LH:0
BRDA:15,0,0,0
BRDA:25,1,0,0
BRDA:25,1,1,0
BRF:3
BRH:0
end_of_record
TN:
SF:src/components/Loading/LoadingSpinner.js
FN:15,(anonymous_0)
FNF:1
FNH:0
FNDA:0,(anonymous_0)
DA:4,0
DA:15,0
DA:21,0
DA:31,0
DA:32,0
DA:35,0
DA:38,0
LF:7
LH:0
BRDA:16,0,0,0
BRDA:17,1,0,0
BRDA:18,2,0,0
BRDA:27,3,0,0
BRDA:27,3,1,0
BRDA:31,4,0,0
BRDA:31,4,1,0
BRF:7
BRH:0
end_of_record
TN:
SF:src/components/Loading/index.js
FNF:0
FNH:0
LF:0
LH:0
BRF:0
BRH:0
end_of_record
TN:
SF:src/components/Modals/PrivacyModal/PrivacyModal.js
FN:7,(anonymous_0)
FN:84,(anonymous_1)
FN:104,(anonymous_2)
FN:112,(anonymous_3)
FN:124,(anonymous_4)
FNF:5
FNH:0
FNDA:0,(anonymous_0)
FNDA:0,(anonymous_1)
FNDA:0,(anonymous_2)
FNDA:0,(anonymous_3)
FNDA:0,(anonymous_4)
DA:7,0
DA:13,0
DA:16,0
DA:19,0
DA:33,0
DA:34,0
DA:35,0
DA:84,0
DA:85,0
DA:87,0
DA:89,0
DA:91,0
DA:98,0
DA:100,0
DA:104,0
DA:106,0
DA:108,0
DA:112,0
DA:119,0
DA:125,0
DA:132,0
LF:21
LH:0
BRDA:11,0,0,0
BRDA:16,1,0,0
BRDA:16,1,1,0
BRDA:33,2,0,0
BRDA:33,2,1,0
BRDA:85,3,0,0
BRDA:85,3,1,0
BRDA:85,3,2,0
BRDA:85,3,3,0
BRDA:85,3,4,0
BRDA:106,4,0,0
BRDA:106,4,1,0
BRF:12
BRH:0
end_of_record
TN:
SF:src/components/Modals/PrivacyModal/index.js
FNF:0
FNH:0
LF:0
LH:0
BRF:0
BRH:0
end_of_record
TN:
SF:src/components/Modals/PrivacyModal/styles.js
FN:3,(anonymous_0)
FNF:1
FNH:0
FNDA:0,(anonymous_0)
DA:3,0
DA:4,0
LF:2
LH:0
BRDA:8,0,0,0
BRDA:8,0,1,0
BRDA:8,0,2,0
BRDA:17,1,0,0
BRDA:17,1,1,0
BRDA:19,2,0,0
BRDA:19,2,1,0
BRDA:19,2,2,0
BRDA:19,2,3,0
BRDA:33,3,0,0
BRDA:33,3,1,0
BRDA:48,4,0,0
BRDA:48,4,1,0
BRDA:53,5,0,0
BRDA:53,5,1,0
BRDA:53,5,2,0
BRDA:69,6,0,0
BRDA:69,6,1,0
BRDA:69,6,2,0
BRDA:86,7,0,0
BRDA:86,7,1,0
BRDA:86,7,2,0
BRDA:102,8,0,0
BRDA:102,8,1,0
BRDA:102,8,2,0
BRDA:109,9,0,0
BRDA:109,9,1,0
BRDA:117,10,0,0
BRDA:117,10,1,0
BRDA:117,10,2,0
BRDA:121,11,0,0
BRDA:121,11,1,0
BRDA:126,12,0,0
BRDA:126,12,1,0
BRDA:126,12,2,0
BRDA:132,13,0,0
BRDA:132,13,1,0
BRDA:132,13,2,0
BRDA:137,14,0,0
BRDA:137,14,1,0
BRDA:137,14,2,0
BRDA:143,15,0,0
BRDA:143,15,1,0
BRDA:145,16,0,0
BRDA:145,16,1,0
BRDA:145,16,2,0
BRF:46
BRH:0
end_of_record
TN:
SF:src/components/Modals/SupportModal/SupportModal.js
FN:17,(anonymous_0)
FN:46,(anonymous_1)
FN:50,(anonymous_2)
FN:130,(anonymous_3)
FN:176,(anonymous_4)
FN:202,(anonymous_5)
FN:239,(anonymous_6)
FN:247,(anonymous_7)
FN:259,(anonymous_8)
FNF:9
FNH:0
FNDA:0,(anonymous_0)
FNDA:0,(anonymous_1)
FNDA:0,(anonymous_2)
FNDA:0,(anonymous_3)
FNDA:0,(anonymous_4)
FNDA:0,(anonymous_5)
FNDA:0,(anonymous_6)
FNDA:0,(anonymous_7)
FNDA:0,(anonymous_8)
DA:17,0
DA:23,0
DA:26,0
DA:29,0
DA:43,0
DA:44,0
DA:46,0
DA:47,0
DA:50,0
DA:51,0
DA:54,0
DA:130,0
DA:131,0
DA:133,0
DA:135,0
DA:137,0
DA:144,0
DA:172,0
DA:177,0
DA:188,0
DA:198,0
DA:203,0
DA:220,0
DA:233,0
DA:235,0
DA:239,0
DA:241,0
DA:243,0
DA:247,0
DA:254,0
DA:260,0
DA:267,0
LF:32
LH:0
BRDA:21,0,0,0
BRDA:26,1,0,0
BRDA:26,1,1,0
BRDA:43,2,0,0
BRDA:43,2,1,0
BRDA:131,3,0,0
BRDA:131,3,1,0
BRDA:131,3,2,0
BRDA:131,3,3,0
BRDA:131,3,4,0
BRDA:131,3,5,0
BRDA:131,3,6,0
BRDA:131,3,7,0
BRDA:131,3,8,0
BRDA:131,3,9,0
BRDA:148,4,0,0
BRDA:148,4,1,0
BRDA:241,5,0,0
BRDA:241,5,1,0
BRF:19
BRH:0
end_of_record
TN:
SF:src/components/Modals/SupportModal/index.js
FNF:0
FNH:0
LF:0
LH:0
BRF:0
BRH:0
end_of_record
TN:
SF:src/components/Modals/SupportModal/styles.js
FN:3,(anonymous_0)
FNF:1
FNH:0
FNDA:0,(anonymous_0)
DA:3,0
DA:4,0
LF:2
LH:0
BRDA:8,0,0,0
BRDA:8,0,1,0
BRDA:8,0,2,0
BRDA:17,1,0,0
BRDA:17,1,1,0
BRDA:19,2,0,0
BRDA:19,2,1,0
BRDA:19,2,2,0
BRDA:19,2,3,0
BRDA:33,3,0,0
BRDA:33,3,1,0
BRDA:48,4,0,0
BRDA:48,4,1,0
BRDA:53,5,0,0
BRDA:53,5,1,0
BRDA:53,5,2,0
BRDA:67,6,0,0
BRDA:67,6,1,0
BRDA:67,6,2,0
BRDA:84,7,0,0
BRDA:84,7,1,0
BRDA:84,7,2,0
BRDA:100,8,0,0
BRDA:100,8,1,0
BRDA:100,8,2,0
BRDA:107,9,0,0
BRDA:107,9,1,0
BRDA:115,10,0,0
BRDA:115,10,1,0
BRDA:115,10,2,0
BRDA:119,11,0,0
BRDA:119,11,1,0
BRDA:125,12,0,0
BRDA:125,12,1,0
BRDA:131,13,0,0
BRDA:131,13,1,0
BRDA:138,14,0,0
BRDA:138,14,1,0
BRDA:138,14,2,0
BRDA:142,15,0,0
BRDA:142,15,1,0
BRDA:147,16,0,0
BRDA:147,16,1,0
BRDA:147,16,2,0
BRDA:153,17,0,0
BRDA:153,17,1,0
BRDA:171,18,0,0
BRDA:171,18,1,0
BRDA:174,19,0,0
BRDA:174,19,1,0
BRDA:181,20,0,0
BRDA:181,20,1,0
BRDA:187,21,0,0
BRDA:187,21,1,0
BRDA:193,22,0,0
BRDA:193,22,1,0
BRDA:197,23,0,0
BRDA:197,23,1,0
BRDA:202,24,0,0
BRDA:202,24,1,0
BRDA:207,25,0,0
BRDA:207,25,1,0
BRDA:221,26,0,0
BRDA:221,26,1,0
BRDA:225,27,0,0
BRDA:225,27,1,0
BRDA:244,28,0,0
BRDA:244,28,1,0
BRDA:250,29,0,0
BRDA:250,29,1,0
BRDA:257,30,0,0
BRDA:257,30,1,0
BRDA:262,31,0,0
BRDA:262,31,1,0
BRDA:279,32,0,0
BRDA:279,32,1,0
BRDA:286,33,0,0
BRDA:286,33,1,0
BRDA:286,33,2,0
BRDA:292,34,0,0
BRDA:292,34,1,0
BRDA:294,35,0,0
BRDA:294,35,1,0
BRDA:294,35,2,0
BRF:84
BRH:0
end_of_record
TN:
SF:src/components/Navigation/BottomSheetMenu.js
FN:33,(anonymous_0)
FN:51,(anonymous_1)
FN:69,(anonymous_2)
FN:90,(anonymous_3)
FN:93,(anonymous_4)
FN:133,(anonymous_5)
FN:147,(anonymous_6)
FN:150,(anonymous_7)
FN:159,(anonymous_8)
FN:163,(anonymous_9)
FN:203,(anonymous_10)
FN:221,(anonymous_11)
FN:228,(anonymous_12)
FN:386,(anonymous_13)
FN:392,(anonymous_14)
FN:444,(anonymous_15)
FN:453,(anonymous_16)
FN:502,(anonymous_17)
FNF:18
FNH:0
FNDA:0,(anonymous_0)
FNDA:0,(anonymous_1)
FNDA:0,(anonymous_2)
FNDA:0,(anonymous_3)
FNDA:0,(anonymous_4)
FNDA:0,(anonymous_5)
FNDA:0,(anonymous_6)
FNDA:0,(anonymous_7)
FNDA:0,(anonymous_8)
FNDA:0,(anonymous_9)
FNDA:0,(anonymous_10)
FNDA:0,(anonymous_11)
FNDA:0,(anonymous_12)
FNDA:0,(anonymous_13)
FNDA:0,(anonymous_14)
FNDA:0,(anonymous_15)
FNDA:0,(anonymous_16)
FNDA:0,(anonymous_17)
DA:33,0
DA:34,0
DA:35,0
DA:36,0
DA:39,0
DA:40,0
DA:51,0
DA:52,0
DA:53,0
DA:54,0
DA:57,0
DA:58,0
DA:69,0
DA:84,0
DA:85,0
DA:86,0
DA:87,0
DA:90,0
DA:91,0
DA:93,0
DA:94,0
DA:96,0
DA:97,0
DA:99,0
DA:100,0
DA:101,0
DA:103,0
DA:104,0
DA:105,0
DA:107,0
DA:108,0
DA:109,0
DA:111,0
DA:112,0
DA:113,0
DA:115,0
DA:116,0
DA:117,0
DA:119,0
DA:120,0
DA:121,0
DA:123,0
DA:124,0
DA:125,0
DA:128,0
DA:132,0
DA:133,0
DA:147,0
DA:148,0
DA:150,0
DA:151,0
DA:152,0
DA:155,0
DA:159,0
DA:163,0
DA:164,0
DA:166,0
DA:180,0
DA:193,0
DA:194,0
DA:203,0
DA:204,0
DA:205,0
DA:208,0
DA:209,0
DA:213,0
DA:221,0
DA:222,0
DA:223,0
DA:228,0
DA:229,0
DA:230,0
DA:231,0
DA:234,0
DA:236,0
DA:237,0
DA:238,0
DA:243,0
DA:245,0
DA:246,0
DA:249,0
DA:277,0
DA:313,0
DA:324,0
DA:335,0
DA:342,0
DA:344,0
DA:387,0
DA:388,0
DA:392,0
DA:445,0
DA:446,0
DA:453,0
DA:502,0
DA:503,0
LF:95
LH:0
BRDA:33,0,0,0
BRDA:33,1,0,0
BRDA:34,2,0,0
BRDA:34,2,1,0
BRDA:51,3,0,0
BRDA:51,4,0,0
BRDA:52,5,0,0
BRDA:52,5,1,0
BRDA:91,6,0,0
BRDA:91,6,1,0
BRDA:91,7,0,0
BRDA:91,7,1,0
BRDA:94,8,0,0
BRDA:94,8,1,0
BRDA:94,8,2,0
BRDA:94,8,3,0
BRDA:94,8,4,0
BRDA:94,8,5,0
BRDA:94,8,6,0
BRDA:94,8,7,0
BRDA:94,8,8,0
BRDA:148,9,0,0
BRDA:148,9,1,0
BRDA:148,10,0,0
BRDA:148,10,1,0
BRDA:164,11,0,0
BRDA:164,11,1,0
BRDA:208,12,0,0
BRDA:208,12,1,0
BRDA:214,13,0,0
BRDA:214,13,1,0
BRDA:222,14,0,0
BRDA:222,14,1,0
BRDA:234,15,0,0
BRDA:234,15,1,0
BRDA:236,16,0,0
BRDA:236,16,1,0
BRDA:236,17,0,0
BRDA:236,17,1,0
BRDA:237,18,0,0
BRDA:237,18,1,0
BRDA:246,19,0,0
BRDA:246,19,1,0
BRDA:342,20,0,0
BRDA:342,20,1,0
BRDA:396,21,0,0
BRDA:396,21,1,0
BRDA:409,22,0,0
BRDA:409,22,1,0
BRDA:425,23,0,0
BRDA:425,23,1,0
BRDA:432,24,0,0
BRDA:432,24,1,0
BRDA:441,25,0,0
BRDA:441,25,1,0
BRDA:451,26,0,0
BRDA:451,26,1,0
BRDA:457,27,0,0
BRDA:457,27,1,0
BRDA:466,28,0,0
BRDA:466,28,1,0
BRDA:467,29,0,0
BRDA:467,29,1,0
BRDA:476,30,0,0
BRDA:476,30,1,0
BRDA:481,31,0,0
BRDA:481,31,1,0
BRDA:494,32,0,0
BRDA:494,32,1,0
BRDA:520,33,0,0
BRDA:520,33,1,0
BRDA:561,34,0,0
BRDA:561,34,1,0
BRDA:586,35,0,0
BRDA:586,35,1,0
BRDA:610,36,0,0
BRDA:610,36,1,0
BRDA:610,36,2,0
BRDA:633,37,0,0
BRDA:633,37,1,0
BRDA:641,38,0,0
BRDA:641,38,1,0
BRDA:662,39,0,0
BRDA:662,39,1,0
BRF:84
BRH:0
end_of_record
TN:
SF:src/components/Navigation/BottomToolbar.js
FN:26,(anonymous_0)
FN:49,(anonymous_1)
FN:50,(anonymous_2)
FN:56,(anonymous_3)
FN:60,(anonymous_4)
FN:72,(anonymous_5)
FN:116,(anonymous_6)
FN:132,(anonymous_7)
FN:146,(anonymous_8)
FN:177,(anonymous_9)
FN:204,(anonymous_10)
FN:246,(anonymous_11)
FN:251,(anonymous_12)
FN:278,(anonymous_13)
FN:291,(anonymous_14)
FN:295,(anonymous_15)
FN:302,(anonymous_16)
FN:313,(anonymous_17)
FN:326,(anonymous_18)
FN:341,(anonymous_19)
FN:345,(anonymous_20)
FN:356,(anonymous_21)
FN:380,(anonymous_22)
FN:384,(anonymous_23)
FN:392,(anonymous_24)
FN:414,(anonymous_25)
FN:436,(anonymous_26)
FN:462,(anonymous_27)
FN:475,(anonymous_28)
FN:480,(anonymous_29)
FN:505,(anonymous_30)
FN:530,(anonymous_31)
FN:566,(anonymous_32)
FNF:33
FNH:0
FNDA:0,(anonymous_0)
FNDA:0,(anonymous_1)
FNDA:0,(anonymous_2)
FNDA:0,(anonymous_3)
FNDA:0,(anonymous_4)
FNDA:0,(anonymous_5)
FNDA:0,(anonymous_6)
FNDA:0,(anonymous_7)
FNDA:0,(anonymous_8)
FNDA:0,(anonymous_9)
FNDA:0,(anonymous_10)
FNDA:0,(anonymous_11)
FNDA:0,(anonymous_12)
FNDA:0,(anonymous_13)
FNDA:0,(anonymous_14)
FNDA:0,(anonymous_15)
FNDA:0,(anonymous_16)
FNDA:0,(anonymous_17)
FNDA:0,(anonymous_18)
FNDA:0,(anonymous_19)
FNDA:0,(anonymous_20)
FNDA:0,(anonymous_21)
FNDA:0,(anonymous_22)
FNDA:0,(anonymous_23)
FNDA:0,(anonymous_24)
FNDA:0,(anonymous_25)
FNDA:0,(anonymous_26)
FNDA:0,(anonymous_27)
FNDA:0,(anonymous_28)
FNDA:0,(anonymous_29)
FNDA:0,(anonymous_30)
FNDA:0,(anonymous_31)
FNDA:0,(anonymous_32)
DA:26,0
DA:40,0
DA:43,0
DA:44,0
DA:47,0
DA:49,0
DA:50,0
DA:51,0
DA:53,0
DA:56,0
DA:60,0
DA:61,0
DA:62,0
DA:63,0
DA:64,0
DA:65,0
DA:66,0
DA:72,0
DA:73,0
DA:76,0
DA:77,0
DA:78,0
DA:80,0
DA:85,0
DA:87,0
DA:92,0
DA:93,0
DA:95,0
DA:100,0
DA:102,0
DA:106,0
DA:107,0
DA:108,0
DA:110,0
DA:112,0
DA:115,0
DA:116,0
DA:117,0
DA:118,0
DA:119,0
DA:120,0
DA:121,0
DA:124,0
DA:126,0
DA:131,0
DA:132,0
DA:140,0
DA:141,0
DA:146,0
DA:147,0
DA:149,0
DA:151,0
DA:153,0
DA:155,0
DA:159,0
DA:160,0
DA:161,0
DA:163,0
DA:177,0
DA:201,0
DA:202,0
DA:204,0
DA:205,0
DA:207,0
DA:209,0
DA:235,0
DA:247,0
DA:251,0
DA:279,0
DA:291,0
DA:295,0
DA:303,0
DA:305,0
DA:310,0
DA:313,0
DA:326,0
DA:341,0
DA:346,0
DA:348,0
DA:353,0
DA:356,0
DA:380,0
DA:384,0
DA:392,0
DA:414,0
DA:436,0
DA:462,0
DA:475,0
DA:480,0
DA:505,0
DA:530,0
DA:566,0
DA:567,0
LF:93
LH:0
BRDA:47,0,0,0
BRDA:47,0,1,0
BRDA:63,1,0,0
BRDA:63,1,1,0
BRDA:65,2,0,0
BRDA:65,2,1,0
BRDA:65,3,0,0
BRDA:65,3,1,0
BRDA:76,4,0,0
BRDA:76,4,1,0
BRDA:78,5,0,0
BRDA:78,5,1,0
BRDA:80,6,0,0
BRDA:80,6,1,0
BRDA:82,7,0,0
BRDA:82,7,1,0
BRDA:92,8,0,0
BRDA:92,8,1,0
BRDA:93,9,0,0
BRDA:93,9,1,0
BRDA:95,10,0,0
BRDA:95,10,1,0
BRDA:97,11,0,0
BRDA:97,11,1,0
BRDA:110,12,0,0
BRDA:110,12,1,0
BRDA:110,13,0,0
BRDA:110,13,1,0
BRDA:117,14,0,0
BRDA:117,14,1,0
BRDA:120,15,0,0
BRDA:120,15,1,0
BRDA:124,16,0,0
BRDA:124,16,1,0
BRDA:126,17,0,0
BRDA:126,17,1,0
BRDA:128,18,0,0
BRDA:128,18,1,0
BRDA:140,19,0,0
BRDA:140,19,1,0
BRDA:147,20,0,0
BRDA:147,20,1,0
BRDA:147,20,2,0
BRDA:147,20,3,0
BRDA:149,21,0,0
BRDA:149,21,1,0
BRDA:151,22,0,0
BRDA:151,22,1,0
BRDA:153,23,0,0
BRDA:153,23,1,0
BRDA:155,24,0,0
BRDA:155,24,1,0
BRDA:155,24,2,0
BRDA:160,25,0,0
BRDA:160,25,1,0
BRDA:196,26,0,0
BRDA:196,26,1,0
BRDA:201,27,0,0
BRDA:201,27,1,0
BRDA:202,28,0,0
BRDA:202,28,1,0
BRDA:204,29,0,0
BRDA:207,30,0,0
BRDA:207,30,1,0
BRDA:207,30,2,0
BRDA:207,30,3,0
BRDA:214,31,0,0
BRDA:214,31,1,0
BRDA:214,31,2,0
BRDA:215,32,0,0
BRDA:215,32,1,0
BRDA:220,33,0,0
BRDA:220,33,1,0
BRDA:220,34,0,0
BRDA:220,34,1,0
BRDA:225,35,0,0
BRDA:225,35,1,0
BRDA:225,35,2,0
BRDA:226,36,0,0
BRDA:226,36,1,0
BRDA:237,37,0,0
BRDA:237,37,1,0
BRDA:238,38,0,0
BRDA:238,38,1,0
BRDA:249,39,0,0
BRDA:249,39,1,0
BRDA:258,40,0,0
BRDA:258,40,1,0
BRDA:258,40,2,0
BRDA:266,41,0,0
BRDA:266,41,1,0
BRDA:266,41,2,0
BRDA:277,42,0,0
BRDA:277,42,1,0
BRDA:286,43,0,0
BRDA:286,43,1,0
BRDA:288,44,0,0
BRDA:288,44,1,0
BRDA:305,45,0,0
BRDA:305,45,1,0
BRDA:305,45,2,0
BRDA:305,45,3,0
BRDA:337,46,0,0
BRDA:337,46,1,0
BRDA:337,46,2,0
BRDA:337,46,3,0
BRDA:348,47,0,0
BRDA:348,47,1,0
BRDA:348,47,2,0
BRDA:348,47,3,0
BRDA:375,48,0,0
BRDA:375,48,1,0
BRDA:399,49,0,0
BRDA:399,49,1,0
BRDA:399,49,2,0
BRDA:404,50,0,0
BRDA:404,50,1,0
BRDA:404,50,2,0
BRDA:409,51,0,0
BRDA:409,51,1,0
BRDA:421,52,0,0
BRDA:421,52,1,0
BRDA:421,52,2,0
BRDA:426,53,0,0
BRDA:426,53,1,0
BRDA:426,53,2,0
BRDA:431,54,0,0
BRDA:431,54,1,0
BRDA:444,55,0,0
BRDA:444,55,1,0
BRDA:446,56,0,0
BRDA:446,56,1,0
BRDA:446,56,2,0
BRDA:452,57,0,0
BRDA:452,57,1,0
BRDA:452,57,2,0
BRDA:457,58,0,0
BRDA:457,58,1,0
BRDA:471,59,0,0
BRDA:471,59,1,0
BRDA:487,60,0,0
BRDA:487,60,1,0
BRDA:487,60,2,0
BRDA:494,61,0,0
BRDA:494,61,1,0
BRDA:494,61,2,0
BRDA:500,62,0,0
BRDA:500,62,1,0
BRDA:512,63,0,0
BRDA:512,63,1,0
BRDA:512,63,2,0
BRDA:519,64,0,0
BRDA:519,64,1,0
BRDA:519,64,2,0
BRDA:525,65,0,0
BRDA:525,65,1,0
BRDA:538,66,0,0
BRDA:538,66,1,0
BRDA:540,67,0,0
BRDA:540,67,1,0
BRDA:540,67,2,0
BRDA:548,68,0,0
BRDA:548,68,1,0
BRDA:548,68,2,0
BRDA:554,69,0,0
BRDA:554,69,1,0
BRDA:573,70,0,0
BRDA:573,70,1,0
BRDA:573,70,2,0
BRDA:575,71,0,0
BRDA:575,71,1,0
BRDA:624,72,0,0
BRDA:624,72,1,0
BRDA:668,73,0,0
BRDA:668,73,1,0
BRDA:668,73,2,0
BRDA:676,74,0,0
BRDA:676,74,1,0
BRDA:699,75,0,0
BRDA:699,75,1,0
BRDA:699,75,2,0
BRDA:711,76,0,0
BRDA:711,76,1,0
BRDA:718,77,0,0
BRDA:718,77,1,0
BRDA:718,77,2,0
BRDA:736,78,0,0
BRDA:736,78,1,0
BRDA:743,79,0,0
BRDA:743,79,1,0
BRDA:743,79,2,0
BRF:191
BRH:0
end_of_record
TN:
SF:src/components/Onboarding/ProgressiveOnboarding.js
FN:16,(anonymous_0)
FN:36,(anonymous_1)
FN:58,(anonymous_2)
FN:80,(anonymous_3)
FN:93,(anonymous_4)
FN:100,(anonymous_5)
FN:110,(anonymous_6)
FN:141,(anonymous_7)
FN:445,(anonymous_8)
FN:470,(anonymous_9)
FN:490,(anonymous_10)
FN:518,(anonymous_11)
FNF:12
FNH:0
FNDA:0,(anonymous_0)
FNDA:0,(anonymous_1)
FNDA:0,(anonymous_2)
FNDA:0,(anonymous_3)
FNDA:0,(anonymous_4)
FNDA:0,(anonymous_5)
FNDA:0,(anonymous_6)
FNDA:0,(anonymous_7)
FNDA:0,(anonymous_8)
FNDA:0,(anonymous_9)
FNDA:0,(anonymous_10)
FNDA:0,(anonymous_11)
DA:14,0
DA:16,0
DA:17,0
DA:18,0
DA:19,0
DA:20,0
DA:21,0
DA:22,0
DA:23,0
DA:26,0
DA:36,0
DA:37,0
DA:44,0
DA:45,0
DA:47,0
DA:51,0
DA:53,0
DA:58,0
DA:59,0
DA:66,0
DA:67,0
DA:69,0
DA:73,0
DA:75,0
DA:80,0
DA:81,0
DA:82,0
DA:83,0
DA:84,0
DA:86,0
DA:89,0
DA:93,0
DA:94,0
DA:95,0
DA:96,0
DA:100,0
DA:101,0
DA:110,0
DA:111,0
DA:112,0
DA:114,0
DA:116,0
DA:118,0
DA:120,0
DA:122,0
DA:125,0
DA:127,0
DA:129,0
DA:131,0
DA:133,0
DA:135,0
DA:137,0
DA:141,0
DA:143,0
DA:336,0
DA:445,0
DA:470,0
DA:490,0
DA:518,0
LF:59
LH:0
BRDA:45,0,0,0
BRDA:45,0,1,0
BRDA:47,1,0,0
BRDA:47,1,1,0
BRDA:48,2,0,0
BRDA:48,2,1,0
BRDA:48,2,2,0
BRDA:67,3,0,0
BRDA:67,3,1,0
BRDA:69,4,0,0
BRDA:69,4,1,0
BRDA:70,5,0,0
BRDA:70,5,1,0
BRDA:70,5,2,0
BRDA:82,6,0,0
BRDA:82,6,1,0
BRDA:84,7,0,0
BRDA:84,7,1,0
BRDA:94,8,0,0
BRDA:94,8,1,0
BRDA:102,9,0,0
BRDA:102,9,1,0
BRDA:103,10,0,0
BRDA:103,10,1,0
BRDA:103,11,0,0
BRDA:103,11,1,0
BRDA:104,12,0,0
BRDA:104,12,1,0
BRDA:105,13,0,0
BRDA:105,13,1,0
BRDA:106,14,0,0
BRDA:106,14,1,0
BRDA:111,15,0,0
BRDA:111,15,1,0
BRDA:111,16,0,0
BRDA:111,16,1,0
BRDA:112,17,0,0
BRDA:112,17,1,0
BRDA:112,17,2,0
BRDA:112,17,3,0
BRDA:112,17,4,0
BRDA:125,18,0,0
BRDA:125,18,1,0
BRDA:125,18,2,0
BRDA:125,18,3,0
BRDA:125,18,4,0
BRDA:125,18,5,0
BRDA:141,19,0,0
BRDA:141,19,1,0
BRDA:141,20,0,0
BRDA:141,20,1,0
BRDA:151,21,0,0
BRDA:151,21,1,0
BRDA:345,22,0,0
BRDA:345,22,1,0
BRDA:365,23,0,0
BRDA:365,23,1,0
BRDA:431,24,0,0
BRDA:431,24,1,0
BRDA:443,25,0,0
BRDA:443,25,1,0
BRDA:468,26,0,0
BRDA:468,26,1,0
BRDA:488,27,0,0
BRDA:488,27,1,0
BRDA:509,28,0,0
BRDA:509,28,1,0
BRDA:515,29,0,0
BRDA:515,29,1,0
BRDA:520,30,0,0
BRDA:520,30,1,0
BRDA:527,31,0,0
BRDA:527,31,1,0
BRDA:540,32,0,0
BRDA:540,32,1,0
BRDA:608,33,0,0
BRDA:608,33,1,0
BRDA:625,34,0,0
BRDA:625,34,1,0
BRDA:628,35,0,0
BRDA:628,35,1,0
BRDA:630,36,0,0
BRDA:630,36,1,0
BRDA:646,37,0,0
BRDA:646,37,1,0
BRF:85
BRH:0
end_of_record
TN:
SF:src/components/Profile/CategorySection.js
FN:9,(anonymous_0)
FN:14,(anonymous_1)
FN:142,(anonymous_2)
FN:210,(anonymous_3)
FN:220,(anonymous_4)
FN:229,(anonymous_5)
FNF:6
FNH:0
FNDA:0,(anonymous_0)
FNDA:0,(anonymous_1)
FNDA:0,(anonymous_2)
FNDA:0,(anonymous_3)
FNDA:0,(anonymous_4)
FNDA:0,(anonymous_5)
DA:9,0
DA:11,0
DA:14,0
DA:29,0
DA:31,0
DA:142,0
DA:143,0
DA:144,0
DA:151,0
DA:154,0
DA:156,0
DA:157,0
DA:161,0
DA:211,0
DA:220,0
DA:229,0
LF:16
LH:0
BRDA:72,0,0,0
BRDA:72,0,1,0
BRDA:78,1,0,0
BRDA:78,1,1,0
BRDA:154,2,0,0
BRDA:154,2,1,0
BRDA:154,3,0,0
BRDA:154,3,1,0
BRDA:156,4,0,0
BRDA:156,4,1,0
BRDA:167,5,0,0
BRDA:167,5,1,0
BRDA:173,6,0,0
BRDA:173,6,1,0
BRDA:178,7,0,0
BRDA:178,7,1,0
BRDA:190,8,0,0
BRDA:190,8,1,0
BRDA:203,9,0,0
BRDA:203,9,1,0
BRDA:217,10,0,0
BRDA:217,10,1,0
BRDA:226,11,0,0
BRDA:226,11,1,0
BRDA:243,12,0,0
BRDA:243,12,1,0
BRF:26
BRH:0
end_of_record
TN:
SF:src/components/Profile/PhotoUpload.js
FN:30,(anonymous_0)
FN:46,(anonymous_1)
FN:80,(anonymous_2)
FN:82,(anonymous_3)
FN:85,(anonymous_4)
FN:91,(anonymous_5)
FN:118,(anonymous_6)
FN:119,(anonymous_7)
FN:143,(anonymous_8)
FN:159,(anonymous_9)
FN:181,(anonymous_10)
FN:292,(anonymous_11)
FNF:12
FNH:0
FNDA:0,(anonymous_0)
FNDA:0,(anonymous_1)
FNDA:0,(anonymous_2)
FNDA:0,(anonymous_3)
FNDA:0,(anonymous_4)
FNDA:0,(anonymous_5)
FNDA:0,(anonymous_6)
FNDA:0,(anonymous_7)
FNDA:0,(anonymous_8)
FNDA:0,(anonymous_9)
FNDA:0,(anonymous_10)
FNDA:0,(anonymous_11)
DA:30,0
DA:37,0
DA:38,0
DA:39,0
DA:40,0
DA:41,0
DA:46,0
DA:47,0
DA:48,0
DA:49,0
DA:52,0
DA:53,0
DA:54,0
DA:57,0
DA:62,0
DA:63,0
DA:66,0
DA:69,0
DA:70,0
DA:72,0
DA:73,0
DA:75,0
DA:80,0
DA:82,0
DA:83,0
DA:85,0
DA:91,0
DA:92,0
DA:94,0
DA:95,0
DA:96,0
DA:99,0
DA:105,0
DA:106,0
DA:107,0
DA:111,0
DA:112,0
DA:113,0
DA:117,0
DA:118,0
DA:119,0
DA:123,0
DA:127,0
DA:128,0
DA:130,0
DA:131,0
DA:135,0
DA:138,0
DA:139,0
DA:143,0
DA:144,0
DA:147,0
DA:148,0
DA:149,0
DA:152,0
DA:159,0
DA:160,0
DA:162,0
DA:164,0
DA:165,0
DA:166,0
DA:167,0
DA:168,0
DA:173,0
DA:182,0
DA:183,0
DA:184,0
DA:185,0
DA:194,0
DA:197,0
DA:292,0
DA:293,0
LF:72
LH:0
BRDA:34,0,0,0
BRDA:35,1,0,0
BRDA:47,2,0,0
BRDA:47,2,1,0
BRDA:57,3,0,0
BRDA:57,3,1,0
BRDA:58,4,0,0
BRDA:58,4,1,0
BRDA:58,4,2,0
BRDA:69,5,0,0
BRDA:69,5,1,0
BRDA:92,6,0,0
BRDA:92,6,1,0
BRDA:105,7,0,0
BRDA:105,7,1,0
BRDA:112,8,0,0
BRDA:112,8,1,0
BRDA:124,9,0,0
BRDA:124,9,1,0
BRDA:130,10,0,0
BRDA:130,10,1,0
BRDA:138,11,0,0
BRDA:138,11,1,0
BRDA:148,12,0,0
BRDA:148,12,1,0
BRDA:160,13,0,0
BRDA:160,13,1,0
BRDA:162,14,0,0
BRDA:162,14,1,0
BRDA:164,15,0,0
BRDA:164,15,1,0
BRDA:167,16,0,0
BRDA:167,16,1,0
BRDA:184,17,0,0
BRDA:184,17,1,0
BRDA:201,18,0,0
BRDA:201,18,1,0
BRDA:204,19,0,0
BRDA:204,19,1,0
BRDA:215,20,0,0
BRDA:215,20,1,0
BRDA:218,21,0,0
BRDA:218,21,1,0
BRDA:221,22,0,0
BRDA:221,22,1,0
BRDA:232,23,0,0
BRDA:232,23,1,0
BRDA:233,24,0,0
BRDA:233,24,1,0
BRDA:239,25,0,0
BRDA:239,25,1,0
BRDA:244,26,0,0
BRDA:244,26,1,0
BRDA:247,27,0,0
BRDA:247,27,1,0
BRDA:253,28,0,0
BRDA:253,28,1,0
BRDA:253,28,2,0
BRDA:263,29,0,0
BRDA:263,29,1,0
BRDA:263,29,2,0
BRDA:268,30,0,0
BRDA:268,30,1,0
BRDA:274,31,0,0
BRDA:274,31,1,0
BRDA:282,32,0,0
BRDA:282,32,1,0
BRF:67
BRH:0
end_of_record
TN:
SF:src/components/Profile/ProfileCard.js
FN:5,(anonymous_0)
FN:6,(anonymous_1)
FN:17,(anonymous_2)
FN:25,(anonymous_3)
FN:39,(anonymous_4)
FN:47,(anonymous_5)
FN:81,(anonymous_6)
FNF:7
FNH:0
FNDA:0,(anonymous_0)
FNDA:0,(anonymous_1)
FNDA:0,(anonymous_2)
FNDA:0,(anonymous_3)
FNDA:0,(anonymous_4)
FNDA:0,(anonymous_5)
FNDA:0,(anonymous_6)
DA:5,0
DA:6,0
DA:7,0
DA:8,0
DA:18,0
DA:19,0
DA:22,0
DA:25,0
DA:26,0
DA:28,0
DA:39,0
DA:40,0
DA:41,0
DA:42,0
DA:46,0
DA:47,0
DA:48,0
DA:49,0
DA:54,0
DA:57,0
DA:81,0
DA:89,0
LF:22
LH:0
BRDA:7,0,0,0
BRDA:7,0,1,0
BRDA:19,1,0,0
BRDA:19,1,1,0
BRDA:41,2,0,0
BRDA:41,2,1,0
BRDA:46,3,0,0
BRDA:46,3,1,0
BRDA:48,4,0,0
BRDA:48,4,1,0
BRDA:61,5,0,0
BRDA:61,5,1,0
BRDA:77,6,0,0
BRDA:77,6,1,0
BRDA:77,6,2,0
BRF:15
BRH:0
end_of_record
TN:
SF:src/components/Profile/ProfileCreateDialog.js
FN:20,(anonymous_0)
FN:34,(anonymous_1)
FN:40,(anonymous_2)
FN:44,(anonymous_3)
FN:62,(anonymous_4)
FN:72,(anonymous_5)
FN:91,(anonymous_6)
FN:95,(anonymous_7)
FN:102,(anonymous_8)
FN:118,(anonymous_9)
FN:120,(anonymous_10)
FN:148,(anonymous_11)
FN:155,(anonymous_12)
FN:166,(anonymous_13)
FN:178,(anonymous_14)
FN:188,(anonymous_15)
FN:288,(anonymous_16)
FNF:17
FNH:0
FNDA:0,(anonymous_0)
FNDA:0,(anonymous_1)
FNDA:0,(anonymous_2)
FNDA:0,(anonymous_3)
FNDA:0,(anonymous_4)
FNDA:0,(anonymous_5)
FNDA:0,(anonymous_6)
FNDA:0,(anonymous_7)
FNDA:0,(anonymous_8)
FNDA:0,(anonymous_9)
FNDA:0,(anonymous_10)
FNDA:0,(anonymous_11)
FNDA:0,(anonymous_12)
FNDA:0,(anonymous_13)
FNDA:0,(anonymous_14)
FNDA:0,(anonymous_15)
FNDA:0,(anonymous_16)
DA:20,0
DA:21,0
DA:22,0
DA:23,0
DA:24,0
DA:30,0
DA:32,0
DA:34,0
DA:35,0
DA:37,0
DA:38,0
DA:39,0
DA:40,0
DA:41,0
DA:42,0
DA:43,0
DA:44,0
DA:45,0
DA:46,0
DA:47,0
DA:49,0
DA:52,0
DA:55,0
DA:62,0
DA:63,0
DA:64,0
DA:65,0
DA:66,0
DA:72,0
DA:73,0
DA:75,0
DA:85,0
DA:87,0
DA:91,0
DA:92,0
DA:95,0
DA:96,0
DA:97,0
DA:99,0
DA:102,0
DA:103,0
DA:104,0
DA:105,0
DA:106,0
DA:108,0
DA:112,0
DA:115,0
DA:118,0
DA:119,0
DA:121,0
DA:148,0
DA:149,0
DA:155,0
DA:167,0
DA:178,0
DA:188,0
DA:189,0
DA:226,0
DA:288,0
DA:289,0
LF:60
LH:0
BRDA:35,0,0,0
BRDA:35,0,1,0
BRDA:42,1,0,0
BRDA:42,1,1,0
BRDA:63,2,0,0
BRDA:63,2,1,0
BRDA:63,3,0,0
BRDA:63,3,1,0
BRDA:73,4,0,0
BRDA:73,4,1,0
BRDA:96,5,0,0
BRDA:96,5,1,0
BRDA:108,6,0,0
BRDA:108,6,1,0
BRDA:109,7,0,0
BRDA:109,7,1,0
BRDA:109,7,2,0
BRDA:125,8,0,0
BRDA:125,8,1,0
BRDA:126,9,0,0
BRDA:126,9,1,0
BRDA:129,10,0,0
BRDA:129,10,1,0
BRDA:138,11,0,0
BRDA:138,11,1,0
BRDA:195,12,0,0
BRDA:195,12,1,0
BRDA:199,13,0,0
BRDA:199,13,1,0
BRDA:199,14,0,0
BRDA:199,14,1,0
BRDA:208,15,0,0
BRDA:208,15,1,0
BRDA:219,16,0,0
BRDA:219,16,1,0
BRDA:248,17,0,0
BRDA:248,17,1,0
BRDA:260,18,0,0
BRDA:260,18,1,0
BRDA:273,19,0,0
BRDA:273,19,1,0
BRDA:279,20,0,0
BRDA:279,20,1,0
BRF:43
BRH:0
end_of_record
TN:
SF:src/components/Profile/ProfileEditDialog.js
FN:20,(anonymous_0)
FN:33,(anonymous_1)
FN:37,(anonymous_2)
FN:41,(anonymous_3)
FN:54,(anonymous_4)
FN:70,(anonymous_5)
FN:118,(anonymous_6)
FN:136,(anonymous_7)
FN:149,(anonymous_8)
FN:165,(anonymous_9)
FN:192,(anonymous_10)
FNF:11
FNH:0
FNDA:0,(anonymous_0)
FNDA:0,(anonymous_1)
FNDA:0,(anonymous_2)
FNDA:0,(anonymous_3)
FNDA:0,(anonymous_4)
FNDA:0,(anonymous_5)
FNDA:0,(anonymous_6)
FNDA:0,(anonymous_7)
FNDA:0,(anonymous_8)
FNDA:0,(anonymous_9)
FNDA:0,(anonymous_10)
DA:20,0
DA:21,0
DA:22,0
DA:24,0
DA:33,0
DA:34,0
DA:37,0
DA:38,0
DA:41,0
DA:42,0
DA:43,0
DA:44,0
DA:47,0
DA:51,0
DA:54,0
DA:55,0
DA:56,0
DA:57,0
DA:58,0
DA:60,0
DA:64,0
DA:67,0
DA:70,0
DA:71,0
DA:72,0
DA:75,0
DA:77,0
DA:79,0
DA:119,0
DA:137,0
DA:149,0
DA:166,0
DA:167,0
DA:168,0
DA:192,0
DA:193,0
LF:36
LH:0
BRDA:25,0,0,0
BRDA:25,0,1,0
BRDA:26,1,0,0
BRDA:26,1,1,0
BRDA:27,2,0,0
BRDA:27,2,1,0
BRDA:30,3,0,0
BRDA:30,3,1,0
BRDA:42,4,0,0
BRDA:42,4,1,0
BRDA:60,5,0,0
BRDA:60,5,1,0
BRDA:61,6,0,0
BRDA:61,6,1,0
BRDA:61,6,2,0
BRDA:77,7,0,0
BRDA:77,7,1,0
BRDA:88,8,0,0
BRDA:88,8,1,0
BRDA:115,9,0,0
BRDA:115,9,1,0
BRDA:133,10,0,0
BRDA:133,10,1,0
BRDA:160,11,0,0
BRDA:160,11,1,0
BRDA:164,12,0,0
BRDA:164,12,1,0
BRDA:167,13,0,0
BRDA:167,13,1,0
BRF:29
BRH:0
end_of_record
TN:
SF:src/components/Profile/ProfileOverview.js
FN:22,(anonymous_0)
FN:43,(anonymous_1)
FN:72,(anonymous_2)
FN:76,(anonymous_3)
FN:77,(anonymous_4)
FN:81,(anonymous_5)
FN:85,(anonymous_6)
FN:104,(anonymous_7)
FN:120,(anonymous_8)
FN:124,(anonymous_9)
FN:131,(anonymous_10)
FN:268,(anonymous_11)
FN:274,(anonymous_12)
FN:280,(anonymous_13)
FN:291,(anonymous_14)
FN:309,(anonymous_15)
FN:325,(anonymous_16)
FN:326,(anonymous_17)
FN:328,(anonymous_18)
FN:342,(anonymous_19)
FN:353,(anonymous_20)
FNF:21
FNH:0
FNDA:0,(anonymous_0)
FNDA:0,(anonymous_1)
FNDA:0,(anonymous_2)
FNDA:0,(anonymous_3)
FNDA:0,(anonymous_4)
FNDA:0,(anonymous_5)
FNDA:0,(anonymous_6)
FNDA:0,(anonymous_7)
FNDA:0,(anonymous_8)
FNDA:0,(anonymous_9)
FNDA:0,(anonymous_10)
FNDA:0,(anonymous_11)
FNDA:0,(anonymous_12)
FNDA:0,(anonymous_13)
FNDA:0,(anonymous_14)
FNDA:0,(anonymous_15)
FNDA:0,(anonymous_16)
FNDA:0,(anonymous_17)
FNDA:0,(anonymous_18)
FNDA:0,(anonymous_19)
FNDA:0,(anonymous_20)
DA:20,0
DA:22,0
DA:34,0
DA:35,0
DA:36,0
DA:39,0
DA:40,0
DA:41,0
DA:43,0
DA:44,0
DA:45,0
DA:46,0
DA:47,0
DA:48,0
DA:51,0
DA:52,0
DA:53,0
DA:56,0
DA:57,0
DA:58,0
DA:61,0
DA:64,0
DA:65,0
DA:67,0
DA:72,0
DA:73,0
DA:76,0
DA:77,0
DA:79,0
DA:81,0
DA:82,0
DA:84,0
DA:85,0
DA:88,0
DA:90,0
DA:92,0
DA:96,0
DA:97,0
DA:104,0
DA:105,0
DA:109,0
DA:115,0
DA:119,0
DA:121,0
DA:122,0
DA:126,0
DA:127,0
DA:128,0
DA:131,0
DA:132,0
DA:133,0
DA:134,0
DA:135,0
DA:137,0
DA:141,0
DA:144,0
DA:147,0
DA:258,0
DA:268,0
DA:274,0
DA:280,0
DA:291,0
DA:310,0
DA:312,0
DA:325,0
DA:326,0
DA:328,0
DA:342,0
DA:353,0
LF:69
LH:0
BRDA:35,0,0,0
BRDA:35,0,1,0
BRDA:36,1,0,0
BRDA:36,1,1,0
BRDA:44,2,0,0
BRDA:44,2,1,0
BRDA:56,3,0,0
BRDA:56,3,1,0
BRDA:82,4,0,0
BRDA:82,4,1,0
BRDA:84,5,0,0
BRDA:84,5,1,0
BRDA:88,6,0,0
BRDA:88,6,1,0
BRDA:90,7,0,0
BRDA:90,7,1,0
BRDA:90,8,0,0
BRDA:90,8,1,0
BRDA:96,9,0,0
BRDA:96,9,1,0
BRDA:96,10,0,0
BRDA:96,10,1,0
BRDA:122,11,0,0
BRDA:122,11,1,0
BRDA:126,12,0,0
BRDA:126,12,1,0
BRDA:126,13,0,0
BRDA:126,13,1,0
BRDA:127,14,0,0
BRDA:127,14,1,0
BRDA:127,15,0,0
BRDA:127,15,1,0
BRDA:137,16,0,0
BRDA:137,16,1,0
BRDA:138,17,0,0
BRDA:138,17,1,0
BRDA:138,17,2,0
BRDA:150,18,0,0
BRDA:150,18,1,0
BRDA:155,19,0,0
BRDA:155,19,1,0
BRDA:156,20,0,0
BRDA:156,20,1,0
BRDA:191,21,0,0
BRDA:191,21,1,0
BRDA:230,22,0,0
BRDA:230,22,1,0
BRDA:230,23,0,0
BRDA:230,23,1,0
BRDA:231,24,0,0
BRDA:231,24,1,0
BRDA:231,25,0,0
BRDA:231,25,1,0
BRDA:236,26,0,0
BRDA:236,26,1,0
BRDA:237,27,0,0
BRDA:237,27,1,0
BRDA:262,28,0,0
BRDA:262,28,1,0
BRDA:266,29,0,0
BRDA:266,29,1,0
BRDA:266,30,0,0
BRDA:266,30,1,0
BRDA:268,31,0,0
BRDA:268,31,1,0
BRDA:280,32,0,0
BRDA:280,32,1,0
BRDA:288,33,0,0
BRDA:288,33,1,0
BRDA:298,34,0,0
BRDA:298,34,1,0
BRDA:323,35,0,0
BRDA:323,35,1,0
BRDA:328,36,0,0
BRDA:328,36,1,0
BRDA:339,37,0,0
BRDA:339,37,1,0
BRDA:350,38,0,0
BRDA:350,38,1,0
BRF:79
BRH:0
end_of_record
TN:
SF:src/components/Profile/index.js
FNF:0
FNH:0
LF:0
LH:0
BRF:0
BRH:0
end_of_record
TN:
SF:src/components/Settings/QuickInfoManager.js
FN:33,(anonymous_0)
FN:46,(anonymous_1)
FN:47,(anonymous_2)
FN:53,(anonymous_3)
FN:54,(anonymous_4)
FN:62,(anonymous_5)
FN:63,(anonymous_6)
FN:76,(anonymous_7)
FN:77,(anonymous_8)
FN:88,(anonymous_9)
FN:109,(anonymous_10)
FN:114,(anonymous_11)
FN:119,(anonymous_12)
FN:124,(anonymous_13)
FN:130,(anonymous_14)
FN:152,(anonymous_15)
FN:163,(anonymous_16)
FN:173,(anonymous_17)
FN:184,(anonymous_18)
FN:189,(anonymous_19)
FN:207,(anonymous_20)
FN:226,(anonymous_21)
FN:287,(anonymous_22)
FN:305,(anonymous_23)
FN:307,(anonymous_24)
FNF:25
FNH:0
FNDA:0,(anonymous_0)
FNDA:0,(anonymous_1)
FNDA:0,(anonymous_2)
FNDA:0,(anonymous_3)
FNDA:0,(anonymous_4)
FNDA:0,(anonymous_5)
FNDA:0,(anonymous_6)
FNDA:0,(anonymous_7)
FNDA:0,(anonymous_8)
FNDA:0,(anonymous_9)
FNDA:0,(anonymous_10)
FNDA:0,(anonymous_11)
FNDA:0,(anonymous_12)
FNDA:0,(anonymous_13)
FNDA:0,(anonymous_14)
FNDA:0,(anonymous_15)
FNDA:0,(anonymous_16)
FNDA:0,(anonymous_17)
FNDA:0,(anonymous_18)
FNDA:0,(anonymous_19)
FNDA:0,(anonymous_20)
FNDA:0,(anonymous_21)
FNDA:0,(anonymous_22)
FNDA:0,(anonymous_23)
FNDA:0,(anonymous_24)
DA:19,0
DA:33,0
DA:39,0
DA:40,0
DA:41,0
DA:42,0
DA:43,0
DA:44,0
DA:46,0
DA:47,0
DA:48,0
DA:50,0
DA:53,0
DA:54,0
DA:55,0
DA:57,0
DA:58,0
DA:59,0
DA:62,0
DA:63,0
DA:65,0
DA:67,0
DA:68,0
DA:77,0
DA:84,0
DA:88,0
DA:89,0
DA:90,0
DA:91,0
DA:94,0
DA:104,0
DA:105,0
DA:106,0
DA:109,0
DA:110,0
DA:111,0
DA:114,0
DA:115,0
DA:116,0
DA:119,0
DA:120,0
DA:121,0
DA:124,0
DA:125,0
DA:126,0
DA:130,0
DA:131,0
DA:152,0
DA:163,0
DA:173,0
DA:184,0
DA:185,0
DA:189,0
DA:208,0
DA:209,0
DA:226,0
DA:227,0
DA:273,0
DA:275,0
DA:287,0
DA:305,0
DA:307,0
DA:344,0
LF:63
LH:0
BRDA:48,0,0,0
BRDA:48,0,1,0
BRDA:55,1,0,0
BRDA:55,1,1,0
BRDA:65,2,0,0
BRDA:65,2,1,0
BRDA:67,3,0,0
BRDA:67,3,1,0
BRDA:89,4,0,0
BRDA:89,4,1,0
BRDA:125,5,0,0
BRDA:125,5,1,0
BRDA:136,6,0,0
BRDA:136,6,1,0
BRDA:143,7,0,0
BRDA:143,7,1,0
BRDA:155,8,0,0
BRDA:155,8,1,0
BRDA:160,9,0,0
BRDA:160,9,1,0
BRDA:175,10,0,0
BRDA:175,10,1,0
BRDA:235,11,0,0
BRDA:235,11,1,0
BRDA:273,12,0,0
BRDA:273,12,1,0
BRDA:278,13,0,0
BRDA:278,13,1,0
BRF:28
BRH:0
end_of_record
TN:
SF:src/components/Settings/index.js
FNF:0
FNH:0
LF:0
LH:0
BRF:0
BRH:0
end_of_record
TN:
SF:src/components/Sharing/PrintPreview.js
FN:15,(anonymous_0)
FN:38,(anonymous_1)
FN:48,(anonymous_2)
FN:62,(anonymous_3)
FN:110,(anonymous_4)
FN:135,(anonymous_5)
FN:136,(anonymous_6)
FN:138,(anonymous_7)
FN:146,(anonymous_8)
FN:156,(anonymous_9)
FN:176,(anonymous_10)
FN:198,(anonymous_11)
FN:227,(anonymous_12)
FN:232,(anonymous_13)
FN:253,(anonymous_14)
FN:278,(anonymous_15)
FN:295,(anonymous_16)
FN:302,(anonymous_17)
FN:320,(anonymous_18)
FN:484,(anonymous_19)
FN:494,(anonymous_20)
FN:530,(anonymous_21)
FN:538,(anonymous_22)
FN:611,(anonymous_23)
FN:621,(anonymous_24)
FN:639,(anonymous_25)
FN:651,(anonymous_26)
FN:719,(anonymous_27)
FNF:28
FNH:0
FNDA:0,(anonymous_0)
FNDA:0,(anonymous_1)
FNDA:0,(anonymous_2)
FNDA:0,(anonymous_3)
FNDA:0,(anonymous_4)
FNDA:0,(anonymous_5)
FNDA:0,(anonymous_6)
FNDA:0,(anonymous_7)
FNDA:0,(anonymous_8)
FNDA:0,(anonymous_9)
FNDA:0,(anonymous_10)
FNDA:0,(anonymous_11)
FNDA:0,(anonymous_12)
FNDA:0,(anonymous_13)
FNDA:0,(anonymous_14)
FNDA:0,(anonymous_15)
FNDA:0,(anonymous_16)
FNDA:0,(anonymous_17)
FNDA:0,(anonymous_18)
FNDA:0,(anonymous_19)
FNDA:0,(anonymous_20)
FNDA:0,(anonymous_21)
FNDA:0,(anonymous_22)
FNDA:0,(anonymous_23)
FNDA:0,(anonymous_24)
FNDA:0,(anonymous_25)
FNDA:0,(anonymous_26)
FNDA:0,(anonymous_27)
DA:15,0
DA:28,0
DA:29,0
DA:32,0
DA:35,0
DA:37,0
DA:39,0
DA:40,0
DA:42,0
DA:43,0
DA:48,0
DA:50,0
DA:51,0
DA:52,0
DA:54,0
DA:56,0
DA:59,0
DA:62,0
DA:63,0
DA:64,0
DA:65,0
DA:66,0
DA:68,0
DA:70,0
DA:71,0
DA:81,0
DA:109,0
DA:110,0
DA:111,0
DA:114,0
DA:135,0
DA:136,0
DA:137,0
DA:138,0
DA:140,0
DA:146,0
DA:147,0
DA:148,0
DA:156,0
DA:157,0
DA:158,0
DA:160,0
DA:161,0
DA:163,0
DA:164,0
DA:168,0
DA:171,0
DA:172,0
DA:173,0
DA:176,0
DA:177,0
DA:178,0
DA:182,0
DA:183,0
DA:189,0
DA:190,0
DA:198,0
DA:199,0
DA:200,0
DA:202,0
DA:204,0
DA:205,0
DA:206,0
DA:207,0
DA:208,0
DA:209,0
DA:210,0
DA:211,0
DA:212,0
DA:215,0
DA:221,0
DA:222,0
DA:227,0
DA:229,0
DA:232,0
DA:233,0
DA:235,0
DA:237,0
DA:238,0
DA:241,0
DA:246,0
DA:247,0
DA:252,0
DA:254,0
DA:256,0
DA:258,0
DA:261,0
DA:263,0
DA:265,0
DA:267,0
DA:269,0
DA:272,0
DA:274,0
DA:275,0
DA:278,0
DA:280,0
DA:281,0
DA:282,0
DA:286,0
DA:287,0
DA:288,0
DA:290,0
DA:295,0
DA:297,0
DA:298,0
DA:299,0
DA:300,0
DA:302,0
DA:303,0
DA:305,0
DA:307,0
DA:317,0
DA:320,0
DA:321,0
DA:322,0
DA:324,0
DA:464,0
DA:465,0
DA:471,0
DA:472,0
DA:483,0
DA:486,0
DA:488,0
DA:489,0
DA:490,0
DA:494,0
DA:495,0
DA:503,0
DA:508,0
DA:515,0
DA:518,0
DA:531,0
DA:538,0
DA:613,0
DA:616,0
DA:617,0
DA:620,0
DA:621,0
DA:623,0
DA:626,0
DA:627,0
DA:631,0
DA:633,0
DA:641,0
DA:644,0
DA:646,0
DA:652,0
DA:719,0
DA:720,0
LF:149
LH:0
BRDA:32,0,0,0
BRDA:32,0,1,0
BRDA:32,0,2,0
BRDA:35,1,0,0
BRDA:35,1,1,0
BRDA:35,1,2,0
BRDA:37,2,0,0
BRDA:37,2,1,0
BRDA:39,3,0,0
BRDA:39,3,1,0
BRDA:50,4,0,0
BRDA:50,4,1,0
BRDA:51,5,0,0
BRDA:51,5,1,0
BRDA:51,6,0,0
BRDA:51,6,1,0
BRDA:57,7,0,0
BRDA:57,7,1,0
BRDA:59,8,0,0
BRDA:59,8,1,0
BRDA:63,9,0,0
BRDA:63,9,1,0
BRDA:65,10,0,0
BRDA:65,10,1,0
BRDA:65,11,0,0
BRDA:65,11,1,0
BRDA:70,12,0,0
BRDA:70,12,1,0
BRDA:71,13,0,0
BRDA:71,13,1,0
BRDA:137,14,0,0
BRDA:137,14,1,0
BRDA:147,15,0,0
BRDA:147,15,1,0
BRDA:158,16,0,0
BRDA:158,16,1,0
BRDA:163,17,0,0
BRDA:163,17,1,0
BRDA:189,18,0,0
BRDA:189,18,1,0
BRDA:202,19,0,0
BRDA:202,19,1,0
BRDA:221,20,0,0
BRDA:221,20,1,0
BRDA:237,21,0,0
BRDA:237,21,1,0
BRDA:246,22,0,0
BRDA:246,22,1,0
BRDA:252,23,0,0
BRDA:252,23,1,0
BRDA:254,24,0,0
BRDA:254,24,1,0
BRDA:272,25,0,0
BRDA:272,25,1,0
BRDA:280,26,0,0
BRDA:280,26,1,0
BRDA:280,27,0,0
BRDA:280,27,1,0
BRDA:281,28,0,0
BRDA:281,28,1,0
BRDA:286,29,0,0
BRDA:286,29,1,0
BRDA:287,30,0,0
BRDA:287,30,1,0
BRDA:297,31,0,0
BRDA:297,31,1,0
BRDA:297,32,0,0
BRDA:297,32,1,0
BRDA:298,33,0,0
BRDA:298,33,1,0
BRDA:299,34,0,0
BRDA:299,34,1,0
BRDA:460,35,0,0
BRDA:460,35,1,0
BRDA:464,36,0,0
BRDA:464,36,1,0
BRDA:471,37,0,0
BRDA:471,37,1,0
BRDA:483,38,0,0
BRDA:483,38,1,0
BRDA:486,39,0,0
BRDA:486,39,1,0
BRDA:488,40,0,0
BRDA:488,40,1,0
BRDA:489,41,0,0
BRDA:489,41,1,0
BRDA:535,42,0,0
BRDA:535,42,1,0
BRDA:543,43,0,0
BRDA:543,43,1,0
BRDA:547,44,0,0
BRDA:547,44,1,0
BRDA:548,45,0,0
BRDA:548,45,1,0
BRDA:567,46,0,0
BRDA:567,46,1,0
BRDA:574,47,0,0
BRDA:574,47,1,0
BRDA:581,48,0,0
BRDA:581,48,1,0
BRDA:610,49,0,0
BRDA:610,49,1,0
BRDA:613,50,0,0
BRDA:613,50,1,0
BRDA:617,51,0,0
BRDA:617,51,1,0
BRDA:623,52,0,0
BRDA:623,52,1,0
BRDA:623,53,0,0
BRDA:623,53,1,0
BRDA:626,54,0,0
BRDA:626,54,1,0
BRDA:631,55,0,0
BRDA:631,55,1,0
BRDA:641,56,0,0
BRDA:641,56,1,0
BRDA:641,57,0,0
BRDA:641,57,1,0
BRDA:644,58,0,0
BRDA:644,58,1,0
BRDA:649,59,0,0
BRDA:649,59,1,0
BRDA:710,60,0,0
BRDA:710,60,1,0
BRF:124
BRH:0
end_of_record
TN:
SF:src/components/Sharing/QRCodeModal.js
FN:23,(anonymous_0)
FN:33,(anonymous_1)
FN:48,(anonymous_2)
FN:131,(anonymous_3)
FNF:4
FNH:0
FNDA:0,(anonymous_0)
FNDA:0,(anonymous_1)
FNDA:0,(anonymous_2)
FNDA:0,(anonymous_3)
DA:17,0
DA:18,0
DA:20,0
DA:23,0
DA:29,0
DA:30,0
DA:31,0
DA:33,0
DA:34,0
DA:36,0
DA:44,0
DA:48,0
DA:49,0
DA:50,0
DA:58,0
DA:129,0
DA:131,0
DA:132,0
LF:18
LH:0
BRDA:27,0,0,0
BRDA:80,1,0,0
BRDA:80,1,1,0
BRF:3
BRH:0
end_of_record
TN:
SF:src/components/Sharing/ShareAccessView.js
FN:17,(anonymous_0)
FN:26,(anonymous_1)
FN:80,(anonymous_2)
FN:86,(anonymous_3)
FN:90,(anonymous_4)
FN:97,(anonymous_5)
FN:109,(anonymous_6)
FN:205,(anonymous_7)
FN:216,(anonymous_8)
FN:218,(anonymous_9)
FN:245,(anonymous_10)
FNF:11
FNH:0
FNDA:0,(anonymous_0)
FNDA:0,(anonymous_1)
FNDA:0,(anonymous_2)
FNDA:0,(anonymous_3)
FNDA:0,(anonymous_4)
FNDA:0,(anonymous_5)
FNDA:0,(anonymous_6)
FNDA:0,(anonymous_7)
FNDA:0,(anonymous_8)
FNDA:0,(anonymous_9)
FNDA:0,(anonymous_10)
DA:17,0
DA:18,0
DA:19,0
DA:21,0
DA:22,0
DA:23,0
DA:24,0
DA:26,0
DA:27,0
DA:28,0
DA:29,0
DA:32,0
DA:38,0
DA:39,0
DA:40,0
DA:43,0
DA:46,0
DA:57,0
DA:58,0
DA:61,0
DA:62,0
DA:65,0
DA:67,0
DA:68,0
DA:71,0
DA:72,0
DA:74,0
DA:76,0
DA:80,0
DA:81,0
DA:82,0
DA:86,0
DA:87,0
DA:89,0
DA:90,0
DA:92,0
DA:94,0
DA:98,0
DA:109,0
DA:110,0
DA:111,0
DA:113,0
DA:117,0
DA:118,0
DA:126,0
DA:127,0
DA:136,0
DA:137,0
DA:147,0
DA:206,0
DA:217,0
DA:218,0
DA:220,0
DA:245,0
DA:246,0
LF:55
LH:0
BRDA:38,0,0,0
BRDA:38,0,1,0
BRDA:40,1,0,0
BRDA:40,1,1,0
BRDA:67,2,0,0
BRDA:67,2,1,0
BRDA:81,3,0,0
BRDA:81,3,1,0
BRDA:81,4,0,0
BRDA:81,4,1,0
BRDA:87,5,0,0
BRDA:87,5,1,0
BRDA:87,6,0,0
BRDA:87,6,1,0
BRDA:92,7,0,0
BRDA:92,7,1,0
BRDA:100,8,0,0
BRDA:100,8,1,0
BRDA:110,9,0,0
BRDA:110,9,1,0
BRDA:117,10,0,0
BRDA:117,10,1,0
BRDA:126,11,0,0
BRDA:126,11,1,0
BRDA:136,12,0,0
BRDA:136,12,1,0
BRDA:154,13,0,0
BRDA:154,13,1,0
BRDA:160,14,0,0
BRDA:160,14,1,0
BRDA:160,14,2,0
BRDA:169,15,0,0
BRDA:169,15,1,0
BRDA:169,15,2,0
BRDA:169,15,3,0
BRDA:175,16,0,0
BRDA:175,16,1,0
BRDA:182,17,0,0
BRDA:182,17,1,0
BRDA:188,18,0,0
BRDA:188,18,1,0
BRDA:190,19,0,0
BRDA:190,19,1,0
BRDA:193,20,0,0
BRDA:193,20,1,0
BRDA:201,21,0,0
BRDA:201,21,1,0
BRDA:201,21,2,0
BRDA:282,22,0,0
BRDA:282,22,1,0
BRF:50
BRH:0
end_of_record
TN:
SF:src/components/Sharing/ShareDialogOptimized.js
FN:77,(anonymous_0)
FN:95,(anonymous_1)
FN:99,(anonymous_2)
FN:110,(anonymous_3)
FN:112,(anonymous_4)
FN:118,(anonymous_5)
FN:119,(anonymous_6)
FN:121,(anonymous_7)
FN:126,(anonymous_8)
FN:139,(anonymous_9)
FN:185,(anonymous_10)
FN:202,(anonymous_11)
FN:205,(anonymous_12)
FN:208,(anonymous_13)
FN:232,(anonymous_14)
FN:233,(anonymous_15)
FN:238,(anonymous_16)
FN:244,(anonymous_17)
FN:251,(anonymous_18)
FN:277,(anonymous_19)
FN:301,(anonymous_20)
FN:320,(anonymous_21)
FN:321,(anonymous_22)
FN:330,(anonymous_23)
FN:350,(anonymous_24)
FN:358,(anonymous_25)
FN:377,(anonymous_26)
FN:388,(anonymous_27)
FN:390,(anonymous_28)
FN:394,(anonymous_29)
FN:427,(anonymous_30)
FN:499,(anonymous_31)
FN:503,(anonymous_32)
FN:532,(anonymous_33)
FNF:34
FNH:0
FNDA:0,(anonymous_0)
FNDA:0,(anonymous_1)
FNDA:0,(anonymous_2)
FNDA:0,(anonymous_3)
FNDA:0,(anonymous_4)
FNDA:0,(anonymous_5)
FNDA:0,(anonymous_6)
FNDA:0,(anonymous_7)
FNDA:0,(anonymous_8)
FNDA:0,(anonymous_9)
FNDA:0,(anonymous_10)
FNDA:0,(anonymous_11)
FNDA:0,(anonymous_12)
FNDA:0,(anonymous_13)
FNDA:0,(anonymous_14)
FNDA:0,(anonymous_15)
FNDA:0,(anonymous_16)
FNDA:0,(anonymous_17)
FNDA:0,(anonymous_18)
FNDA:0,(anonymous_19)
FNDA:0,(anonymous_20)
FNDA:0,(anonymous_21)
FNDA:0,(anonymous_22)
FNDA:0,(anonymous_23)
FNDA:0,(anonymous_24)
FNDA:0,(anonymous_25)
FNDA:0,(anonymous_26)
FNDA:0,(anonymous_27)
FNDA:0,(anonymous_28)
FNDA:0,(anonymous_29)
FNDA:0,(anonymous_30)
FNDA:0,(anonymous_31)
FNDA:0,(anonymous_32)
FNDA:0,(anonymous_33)
DA:33,0
DA:70,0
DA:77,0
DA:78,0
DA:79,0
DA:80,0
DA:81,0
DA:84,0
DA:85,0
DA:86,0
DA:87,0
DA:88,0
DA:91,0
DA:92,0
DA:95,0
DA:96,0
DA:97,0
DA:98,0
DA:99,0
DA:100,0
DA:101,0
DA:102,0
DA:103,0
DA:104,0
DA:105,0
DA:110,0
DA:111,0
DA:112,0
DA:113,0
DA:114,0
DA:118,0
DA:119,0
DA:120,0
DA:121,0
DA:126,0
DA:127,0
DA:128,0
DA:130,0
DA:131,0
DA:134,0
DA:137,0
DA:140,0
DA:146,0
DA:156,0
DA:157,0
DA:158,0
DA:161,0
DA:166,0
DA:177,0
DA:178,0
DA:179,0
DA:182,0
DA:185,0
DA:187,0
DA:190,0
DA:191,0
DA:193,0
DA:194,0
DA:196,0
DA:198,0
DA:202,0
DA:203,0
DA:204,0
DA:205,0
DA:208,0
DA:209,0
DA:210,0
DA:212,0
DA:217,0
DA:225,0
DA:232,0
DA:233,0
DA:234,0
DA:238,0
DA:239,0
DA:245,0
DA:251,0
DA:277,0
DA:301,0
DA:320,0
DA:322,0
DA:330,0
DA:351,0
DA:358,0
DA:377,0
DA:388,0
DA:391,0
DA:394,0
DA:427,0
DA:428,0
DA:500,0
DA:501,0
DA:502,0
DA:503,0
DA:505,0
DA:506,0
DA:519,0
DA:532,0
DA:533,0
LF:99
LH:0
BRDA:96,0,0,0
BRDA:96,0,1,0
BRDA:100,1,0,0
BRDA:100,1,1,0
BRDA:113,2,0,0
BRDA:113,2,1,0
BRDA:113,3,0,0
BRDA:113,3,1,0
BRDA:120,4,0,0
BRDA:120,4,1,0
BRDA:142,5,0,0
BRDA:142,5,1,0
BRDA:177,6,0,0
BRDA:177,6,1,0
BRDA:210,7,0,0
BRDA:210,7,1,0
BRDA:212,8,0,0
BRDA:212,8,1,0
BRDA:213,9,0,0
BRDA:213,9,1,0
BRDA:214,10,0,0
BRDA:214,10,1,0
BRDA:217,11,0,0
BRDA:217,11,1,0
BRDA:249,12,0,0
BRDA:249,12,1,0
BRDA:253,13,0,0
BRDA:253,13,1,0
BRDA:256,14,0,0
BRDA:256,14,1,0
BRDA:261,15,0,0
BRDA:261,15,1,0
BRDA:267,16,0,0
BRDA:267,16,1,0
BRDA:275,17,0,0
BRDA:275,17,1,0
BRDA:286,18,0,0
BRDA:286,18,1,0
BRDA:289,19,0,0
BRDA:289,19,1,0
BRDA:299,20,0,0
BRDA:299,20,1,0
BRDA:306,21,0,0
BRDA:306,21,1,0
BRDA:310,22,0,0
BRDA:310,22,1,0
BRDA:326,23,0,0
BRDA:326,23,1,0
BRDA:328,24,0,0
BRDA:328,24,1,0
BRDA:335,25,0,0
BRDA:335,25,1,0
BRDA:355,26,0,0
BRDA:355,26,1,0
BRDA:363,27,0,0
BRDA:363,27,1,0
BRDA:380,28,0,0
BRDA:380,28,1,0
BRDA:385,29,0,0
BRDA:385,29,1,0
BRDA:401,30,0,0
BRDA:401,30,1,0
BRDA:413,31,0,0
BRDA:413,31,1,0
BRDA:413,31,2,0
BRDA:416,32,0,0
BRDA:416,32,1,0
BRDA:418,33,0,0
BRDA:418,33,1,0
BRDA:435,34,0,0
BRDA:435,34,1,0
BRDA:436,35,0,0
BRDA:436,35,1,0
BRDA:437,36,0,0
BRDA:437,36,1,0
BRDA:452,37,0,0
BRDA:452,37,1,0
BRDA:459,38,0,0
BRDA:459,38,1,0
BRDA:460,39,0,0
BRDA:460,39,1,0
BRDA:464,40,0,0
BRDA:464,40,1,0
BRDA:474,41,0,0
BRDA:474,41,1,0
BRDA:490,42,0,0
BRDA:490,42,1,0
BRDA:505,43,0,0
BRDA:505,43,1,0
BRDA:523,44,0,0
BRDA:523,44,1,0
BRDA:527,45,0,0
BRDA:527,45,1,0
BRDA:776,46,0,0
BRDA:776,46,1,0
BRDA:846,47,0,0
BRDA:846,47,1,0
BRF:97
BRH:0
end_of_record
TN:
SF:src/components/Sharing/SharedProfileView.js
FN:32,(anonymous_0)
FN:37,(anonymous_1)
FN:112,(anonymous_2)
FN:201,(anonymous_3)
FN:215,(anonymous_4)
FN:228,(anonymous_5)
FNF:6
FNH:0
FNDA:0,(anonymous_0)
FNDA:0,(anonymous_1)
FNDA:0,(anonymous_2)
FNDA:0,(anonymous_3)
FNDA:0,(anonymous_4)
FNDA:0,(anonymous_5)
DA:16,0
DA:32,0
DA:33,0
DA:34,0
DA:35,0
DA:37,0
DA:39,0
DA:40,0
DA:41,0
DA:43,0
DA:48,0
DA:78,0
DA:79,0
DA:113,0
DA:114,0
DA:145,0
DA:202,0
DA:216,0
DA:229,0
DA:256,0
DA:258,0
LF:21
LH:0
BRDA:32,0,0,0
BRDA:39,1,0,0
BRDA:39,1,1,0
BRDA:78,2,0,0
BRDA:78,2,1,0
BRDA:107,3,0,0
BRDA:107,3,1,0
BRDA:109,4,0,0
BRDA:109,4,1,0
BRDA:114,5,0,0
BRDA:114,5,1,0
BRDA:118,6,0,0
BRDA:118,6,1,0
BRDA:125,7,0,0
BRDA:125,7,1,0
BRDA:130,8,0,0
BRDA:130,8,1,0
BRDA:175,9,0,0
BRDA:175,9,1,0
BRDA:197,10,0,0
BRDA:197,10,1,0
BRDA:222,11,0,0
BRDA:222,11,1,0
BRF:23
BRH:0
end_of_record
TN:
SF:src/components/Sharing/SharedView.js
FN:25,(anonymous_0)
FN:32,(anonymous_1)
FN:33,(anonymous_2)
FN:259,(anonymous_3)
FN:260,(anonymous_4)
FN:273,(anonymous_5)
FN:274,(anonymous_6)
FN:275,(anonymous_7)
FN:277,(anonymous_8)
FN:284,(anonymous_9)
FN:308,(anonymous_10)
FNF:11
FNH:0
FNDA:0,(anonymous_0)
FNDA:0,(anonymous_1)
FNDA:0,(anonymous_2)
FNDA:0,(anonymous_3)
FNDA:0,(anonymous_4)
FNDA:0,(anonymous_5)
FNDA:0,(anonymous_6)
FNDA:0,(anonymous_7)
FNDA:0,(anonymous_8)
FNDA:0,(anonymous_9)
FNDA:0,(anonymous_10)
DA:15,0
DA:25,0
DA:26,0
DA:27,0
DA:28,0
DA:29,0
DA:32,0
DA:33,0
DA:34,0
DA:36,0
DA:37,0
DA:38,0
DA:39,0
DA:42,0
DA:44,0
DA:45,0
DA:46,0
DA:47,0
DA:51,0
DA:52,0
DA:58,0
DA:59,0
DA:60,0
DA:61,0
DA:62,0
DA:63,0
DA:67,0
DA:69,0
DA:70,0
DA:73,0
DA:75,0
DA:76,0
DA:77,0
DA:78,0
DA:90,0
DA:144,0
DA:145,0
DA:147,0
DA:150,0
DA:152,0
DA:156,0
DA:159,0
DA:160,0
DA:181,0
DA:182,0
DA:192,0
DA:193,0
DA:205,0
DA:259,0
DA:261,0
DA:273,0
DA:274,0
DA:276,0
DA:277,0
DA:279,0
DA:282,0
DA:283,0
DA:284,0
DA:286,0
DA:291,0
DA:295,0
DA:309,0
DA:324,0
DA:326,0
LF:64
LH:0
BRDA:36,0,0,0
BRDA:36,0,1,0
BRDA:44,1,0,0
BRDA:44,1,1,0
BRDA:58,2,0,0
BRDA:58,2,1,0
BRDA:60,3,0,0
BRDA:60,3,1,0
BRDA:62,4,0,0
BRDA:62,4,1,0
BRDA:64,5,0,0
BRDA:64,5,1,0
BRDA:75,6,0,0
BRDA:75,6,1,0
BRDA:159,7,0,0
BRDA:159,7,1,0
BRDA:181,8,0,0
BRDA:181,8,1,0
BRDA:181,9,0,0
BRDA:181,9,1,0
BRDA:192,10,0,0
BRDA:192,10,1,0
BRDA:219,11,0,0
BRDA:219,11,1,0
BRDA:239,12,0,0
BRDA:239,12,1,0
BRDA:245,13,0,0
BRDA:245,13,1,0
BRDA:248,14,0,0
BRDA:248,14,1,0
BRDA:254,15,0,0
BRDA:254,15,1,0
BRDA:254,15,2,0
BRDA:259,16,0,0
BRDA:259,16,1,0
BRDA:279,17,0,0
BRDA:279,17,1,0
BRDA:279,18,0,0
BRDA:279,18,1,0
BRDA:282,19,0,0
BRDA:282,19,1,0
BRDA:286,20,0,0
BRDA:286,20,1,0
BRDA:287,21,0,0
BRDA:287,21,1,0
BRDA:287,21,2,0
BRF:46
BRH:0
end_of_record
TN:
SF:src/components/Sharing/index.js
FNF:0
FNH:0
LF:0
LH:0
BRF:0
BRH:0
end_of_record
TN:
SF:src/components/Sync/SyncDialog.js
FN:38,(anonymous_0)
FN:61,(anonymous_1)
FN:75,(anonymous_2)
FN:110,(anonymous_3)
FN:127,(anonymous_4)
FN:131,(anonymous_5)
FN:134,(anonymous_6)
FN:137,(anonymous_7)
FN:140,(anonymous_8)
FN:149,(anonymous_9)
FN:223,(anonymous_10)
FN:245,(anonymous_11)
FN:261,(anonymous_12)
FN:274,(anonymous_13)
FN:294,(anonymous_14)
FN:337,(anonymous_15)
FN:363,(anonymous_16)
FN:402,(anonymous_17)
FN:426,(anonymous_18)
FN:472,(anonymous_19)
FN:491,(anonymous_20)
FN:512,(anonymous_21)
FN:529,(anonymous_22)
FN:536,(anonymous_23)
FN:575,(anonymous_24)
FN:591,(anonymous_25)
FN:601,(anonymous_26)
FN:633,(anonymous_27)
FNF:28
FNH:0
FNDA:0,(anonymous_0)
FNDA:0,(anonymous_1)
FNDA:0,(anonymous_2)
FNDA:0,(anonymous_3)
FNDA:0,(anonymous_4)
FNDA:0,(anonymous_5)
FNDA:0,(anonymous_6)
FNDA:0,(anonymous_7)
FNDA:0,(anonymous_8)
FNDA:0,(anonymous_9)
FNDA:0,(anonymous_10)
FNDA:0,(anonymous_11)
FNDA:0,(anonymous_12)
FNDA:0,(anonymous_13)
FNDA:0,(anonymous_14)
FNDA:0,(anonymous_15)
FNDA:0,(anonymous_16)
FNDA:0,(anonymous_17)
FNDA:0,(anonymous_18)
FNDA:0,(anonymous_19)
FNDA:0,(anonymous_20)
FNDA:0,(anonymous_21)
FNDA:0,(anonymous_22)
FNDA:0,(anonymous_23)
FNDA:0,(anonymous_24)
FNDA:0,(anonymous_25)
FNDA:0,(anonymous_26)
FNDA:0,(anonymous_27)
DA:38,0
DA:39,0
DA:40,0
DA:49,0
DA:51,0
DA:52,0
DA:53,0
DA:54,0
DA:55,0
DA:56,0
DA:57,0
DA:58,0
DA:59,0
DA:61,0
DA:62,0
DA:63,0
DA:64,0
DA:65,0
DA:66,0
DA:67,0
DA:69,0
DA:71,0
DA:75,0
DA:76,0
DA:77,0
DA:78,0
DA:80,0
DA:83,0
DA:85,0
DA:86,0
DA:87,0
DA:89,0
DA:92,0
DA:93,0
DA:94,0
DA:98,0
DA:101,0
DA:102,0
DA:104,0
DA:106,0
DA:110,0
DA:111,0
DA:112,0
DA:113,0
DA:116,0
DA:117,0
DA:120,0
DA:122,0
DA:123,0
DA:124,0
DA:127,0
DA:128,0
DA:129,0
DA:130,0
DA:131,0
DA:134,0
DA:135,0
DA:136,0
DA:137,0
DA:140,0
DA:141,0
DA:142,0
DA:143,0
DA:145,0
DA:149,0
DA:150,0
DA:151,0
DA:223,0
DA:245,0
DA:254,0
DA:261,0
DA:274,0
DA:294,0
DA:295,0
DA:337,0
DA:363,0
DA:364,0
DA:402,0
DA:426,0
DA:427,0
DA:472,0
DA:473,0
DA:491,0
DA:512,0
DA:529,0
DA:536,0
DA:537,0
DA:575,0
DA:592,0
DA:593,0
DA:601,0
DA:602,0
DA:604,0
DA:606,0
DA:608,0
DA:610,0
DA:612,0
DA:614,0
DA:616,0
DA:620,0
DA:633,0
DA:634,0
LF:102
LH:0
BRDA:69,0,0,0
BRDA:69,0,1,0
BRDA:83,1,0,0
BRDA:83,1,1,0
BRDA:86,2,0,0
BRDA:86,2,1,0
BRDA:93,3,0,0
BRDA:93,3,1,0
BRDA:104,4,0,0
BRDA:104,4,1,0
BRDA:111,5,0,0
BRDA:111,5,1,0
BRDA:111,6,0,0
BRDA:111,6,1,0
BRDA:128,7,0,0
BRDA:128,7,1,0
BRDA:128,7,2,0
BRDA:150,8,0,0
BRDA:150,8,1,0
BRDA:165,9,0,0
BRDA:165,9,1,0
BRDA:175,10,0,0
BRDA:175,10,1,0
BRDA:181,11,0,0
BRDA:181,11,1,0
BRDA:193,12,0,0
BRDA:193,12,1,0
BRDA:199,13,0,0
BRDA:199,13,1,0
BRDA:213,14,0,0
BRDA:213,14,1,0
BRDA:263,15,0,0
BRDA:263,15,1,0
BRDA:276,16,0,0
BRDA:276,16,1,0
BRDA:298,17,0,0
BRDA:298,17,1,0
BRDA:311,18,0,0
BRDA:311,18,1,0
BRDA:328,19,0,0
BRDA:328,19,1,0
BRDA:347,20,0,0
BRDA:347,20,1,0
BRDA:353,21,0,0
BRDA:353,21,1,0
BRDA:377,22,0,0
BRDA:377,22,1,0
BRDA:383,23,0,0
BRDA:383,23,1,0
BRDA:393,24,0,0
BRDA:393,24,1,0
BRDA:411,25,0,0
BRDA:411,25,1,0
BRDA:414,26,0,0
BRDA:414,26,1,0
BRDA:416,27,0,0
BRDA:416,27,1,0
BRDA:441,28,0,0
BRDA:441,28,1,0
BRDA:442,29,0,0
BRDA:442,29,1,0
BRDA:446,30,0,0
BRDA:446,30,1,0
BRDA:450,31,0,0
BRDA:450,31,1,0
BRDA:493,32,0,0
BRDA:493,32,1,0
BRDA:494,33,0,0
BRDA:494,33,1,0
BRDA:498,34,0,0
BRDA:498,34,1,0
BRDA:502,35,0,0
BRDA:502,35,1,0
BRDA:515,36,0,0
BRDA:515,36,1,0
BRDA:543,37,0,0
BRDA:543,37,1,0
BRDA:546,38,0,0
BRDA:546,38,1,0
BRDA:552,39,0,0
BRDA:552,39,1,0
BRDA:555,40,0,0
BRDA:555,40,1,0
BRDA:560,41,0,0
BRDA:560,41,1,0
BRDA:564,42,0,0
BRDA:564,42,1,0
BRDA:602,43,0,0
BRDA:602,43,1,0
BRDA:602,43,2,0
BRDA:602,43,3,0
BRDA:602,43,4,0
BRDA:602,43,5,0
BRDA:602,43,6,0
BRDA:757,44,0,0
BRDA:757,44,1,0
BRDA:758,45,0,0
BRDA:758,45,1,0
BRDA:763,46,0,0
BRDA:763,46,1,0
BRDA:988,47,0,0
BRDA:988,47,1,0
BRDA:990,48,0,0
BRDA:990,48,1,0
BRDA:1058,49,0,0
BRDA:1058,49,1,0
BRDA:1066,50,0,0
BRDA:1066,50,1,0
BRDA:1068,51,0,0
BRDA:1068,51,1,0
BRF:110
BRH:0
end_of_record
TN:
SF:src/components/Sync/index.js
FNF:0
FNH:0
LF:0
LH:0
BRF:0
BRH:0
end_of_record
TN:
SF:src/components/Toast/ThemedToast.js
FN:16,(anonymous_0)
FN:28,(anonymous_1)
FN:58,(anonymous_2)
FN:64,(anonymous_3)
FN:70,(anonymous_4)
FN:81,(anonymous_5)
FN:84,(anonymous_6)
FNF:7
FNH:0
FNDA:0,(anonymous_0)
FNDA:0,(anonymous_1)
FNDA:0,(anonymous_2)
FNDA:0,(anonymous_3)
FNDA:0,(anonymous_4)
FNDA:0,(anonymous_5)
FNDA:0,(anonymous_6)
DA:14,0
DA:16,0
DA:23,0
DA:24,0
DA:25,0
DA:28,0
DA:29,0
DA:30,0
DA:32,0
DA:33,0
DA:39,0
DA:40,0
DA:47,0
DA:56,0
DA:58,0
DA:59,0
DA:65,0
DA:66,0
DA:70,0
DA:71,0
DA:72,0
DA:73,0
DA:80,0
DA:81,0
DA:82,0
DA:84,0
DA:86,0
DA:88,0
DA:93,0
DA:95,0
DA:155,0
LF:31
LH:0
BRDA:20,0,0,0
BRDA:32,1,0,0
BRDA:32,1,1,0
BRDA:39,2,0,0
BRDA:39,2,1,0
BRDA:66,3,0,0
BRDA:66,3,1,0
BRDA:71,4,0,0
BRDA:71,4,1,0
BRDA:80,5,0,0
BRDA:80,5,1,0
BRDA:86,6,0,0
BRDA:86,6,1,0
BRDA:93,7,0,0
BRDA:93,7,1,0
BRDA:98,8,0,0
BRDA:98,8,1,0
BRDA:165,9,0,0
BRDA:165,9,1,0
BRF:19
BRH:0
end_of_record
TN:
SF:src/components/Toast/ToastManager.js
FN:8,(anonymous_0)
FN:18,(anonymous_1)
FN:25,(anonymous_2)
FN:35,(anonymous_3)
FN:59,(anonymous_4)
FN:87,(anonymous_5)
FN:94,(anonymous_6)
FN:101,(anonymous_7)
FN:108,(anonymous_8)
FN:122,(anonymous_9)
FN:124,(anonymous_10)
FN:140,(anonymous_11)
FN:151,(anonymous_12)
FN:168,(anonymous_13)
FN:179,(anonymous_14)
FN:196,(anonymous_15)
FN:215,(anonymous_16)
FN:219,(anonymous_17)
FN:223,(anonymous_18)
FN:227,(anonymous_19)
FN:231,(anonymous_20)
FN:235,(anonymous_21)
FN:239,(anonymous_22)
FNF:23
FNH:0
FNDA:0,(anonymous_0)
FNDA:0,(anonymous_1)
FNDA:0,(anonymous_2)
FNDA:0,(anonymous_3)
FNDA:0,(anonymous_4)
FNDA:0,(anonymous_5)
FNDA:0,(anonymous_6)
FNDA:0,(anonymous_7)
FNDA:0,(anonymous_8)
FNDA:0,(anonymous_9)
FNDA:0,(anonymous_10)
FNDA:0,(anonymous_11)
FNDA:0,(anonymous_12)
FNDA:0,(anonymous_13)
FNDA:0,(anonymous_14)
FNDA:0,(anonymous_15)
FNDA:0,(anonymous_16)
FNDA:0,(anonymous_17)
FNDA:0,(anonymous_18)
FNDA:0,(anonymous_19)
FNDA:0,(anonymous_20)
FNDA:0,(anonymous_21)
FNDA:0,(anonymous_22)
DA:9,0
DA:10,0
DA:11,0
DA:12,0
DA:19,0
DA:26,0
DA:36,0
DA:48,0
DA:51,0
DA:53,0
DA:60,0
DA:61,0
DA:63,0
DA:76,0
DA:81,0
DA:88,0
DA:95,0
DA:102,0
DA:109,0
DA:124,0
DA:127,0
DA:128,0
DA:129,0
DA:130,0
DA:133,0
DA:141,0
DA:142,0
DA:143,0
DA:144,0
DA:153,0
DA:154,0
DA:158,0
DA:159,0
DA:162,0
DA:163,0
DA:167,0
DA:168,0
DA:169,0
DA:170,0
DA:180,0
DA:182,0
DA:184,0
DA:186,0
DA:189,0
DA:197,0
DA:199,0
DA:201,0
DA:203,0
DA:206,0
DA:212,0
DA:215,0
DA:216,0
DA:219,0
DA:220,0
DA:223,0
DA:224,0
DA:227,0
DA:228,0
DA:231,0
DA:232,0
DA:235,0
DA:236,0
DA:239,0
DA:240,0
LF:64
LH:0
BRDA:35,0,0,0
BRDA:35,1,0,0
BRDA:40,2,0,0
BRDA:40,2,1,0
BRDA:42,3,0,0
BRDA:42,3,1,0
BRDA:43,4,0,0
BRDA:43,4,1,0
BRDA:59,5,0,0
BRDA:67,6,0,0
BRDA:67,6,1,0
BRDA:67,7,0,0
BRDA:67,7,1,0
BRDA:87,8,0,0
BRDA:94,9,0,0
BRDA:101,10,0,0
BRDA:108,11,0,0
BRDA:127,12,0,0
BRDA:127,12,1,0
BRDA:129,13,0,0
BRDA:129,13,1,0
BRDA:143,14,0,0
BRDA:143,14,1,0
BRDA:153,15,0,0
BRDA:153,15,1,0
BRDA:153,16,0,0
BRDA:153,16,1,0
BRDA:162,17,0,0
BRDA:162,17,1,0
BRDA:167,18,0,0
BRDA:167,18,1,0
BRDA:167,19,0,0
BRDA:167,19,1,0
BRDA:169,20,0,0
BRDA:169,20,1,0
BRDA:180,21,0,0
BRDA:180,21,1,0
BRDA:180,21,2,0
BRDA:180,21,3,0
BRDA:180,21,4,0
BRDA:197,22,0,0
BRDA:197,22,1,0
BRDA:197,22,2,0
BRDA:197,22,3,0
BRDA:197,22,4,0
BRDA:215,23,0,0
BRDA:215,24,0,0
BRDA:219,25,0,0
BRDA:223,26,0,0
BRDA:227,27,0,0
BRDA:231,28,0,0
BRF:51
BRH:0
end_of_record
TN:
SF:src/components/Toast/index.js
FNF:0
FNH:0
LF:0
LH:0
BRF:0
BRH:0
end_of_record
TN:
SF:src/config/api.js
FN:7,(anonymous_0)
FNF:1
FNH:0
FNDA:0,(anonymous_0)
DA:7,0
DA:9,0
DA:11,0
DA:15,0
DA:17,0
DA:18,0
DA:19,0
DA:21,0
DA:22,0
DA:25,0
DA:26,0
DA:28,0
DA:32,0
DA:35,0
DA:38,0
DA:61,0
DA:64,0
LF:17
LH:0
BRDA:9,0,0,0
BRDA:9,0,1,0
BRDA:17,1,0,0
BRDA:17,1,1,0
BRDA:17,2,0,0
BRDA:17,2,1,0
BRDA:19,3,0,0
BRDA:19,3,1,0
BRDA:21,4,0,0
BRDA:21,4,1,0
BRDA:26,5,0,0
BRDA:26,5,1,0
BRDA:61,6,0,0
BRDA:61,6,1,0
BRF:14
BRH:0
end_of_record
TN:
SF:src/context/ProfileContext.js
FN:11,(anonymous_0)
FN:15,(anonymous_1)
FN:28,(anonymous_2)
FN:32,(anonymous_3)
FN:41,(anonymous_4)
FN:49,(anonymous_5)
FN:50,(anonymous_6)
FN:59,(anonymous_7)
FN:60,(anonymous_8)
FN:86,(anonymous_9)
FNF:10
FNH:0
FNDA:0,(anonymous_0)
FNDA:0,(anonymous_1)
FNDA:0,(anonymous_2)
FNDA:0,(anonymous_3)
FNDA:0,(anonymous_4)
FNDA:0,(anonymous_5)
FNDA:0,(anonymous_6)
FNDA:0,(anonymous_7)
FNDA:0,(anonymous_8)
FNDA:0,(anonymous_9)
DA:9,0
DA:11,0
DA:12,0
DA:13,0
DA:15,0
DA:16,0
DA:17,0
DA:18,0
DA:19,0
DA:20,0
DA:21,0
DA:22,0
DA:28,0
DA:29,0
DA:32,0
DA:33,0
DA:34,0
DA:35,0
DA:37,0
DA:41,0
DA:42,0
DA:43,0
DA:44,0
DA:45,0
DA:49,0
DA:50,0
DA:51,0
DA:53,0
DA:54,0
DA:55,0
DA:59,0
DA:60,0
DA:61,0
DA:62,0
DA:63,0
DA:67,0
DA:86,0
DA:87,0
DA:88,0
DA:89,0
DA:91,0
LF:41
LH:0
BRDA:18,0,0,0
BRDA:18,0,1,0
BRDA:21,1,0,0
BRDA:21,1,1,0
BRDA:21,2,0,0
BRDA:21,2,1,0
BRDA:44,3,0,0
BRDA:44,3,1,0
BRDA:51,4,0,0
BRDA:51,4,1,0
BRDA:54,5,0,0
BRDA:54,5,1,0
BRDA:62,6,0,0
BRDA:62,6,1,0
BRDA:63,7,0,0
BRDA:63,7,1,0
BRDA:88,8,0,0
BRDA:88,8,1,0
BRF:18
BRH:0
end_of_record
TN:
SF:src/context/SyncContext.js
FN:20,(anonymous_0)
FN:28,(anonymous_1)
FN:40,(anonymous_2)
FN:48,(anonymous_3)
FN:56,(anonymous_4)
FN:66,(anonymous_5)
FN:77,(anonymous_6)
FN:84,(anonymous_7)
FN:85,(anonymous_8)
FN:118,(anonymous_9)
FN:133,(anonymous_10)
FN:141,(anonymous_11)
FN:159,(anonymous_12)
FN:233,(anonymous_13)
FN:283,(anonymous_14)
FN:316,(anonymous_15)
FN:332,(anonymous_16)
FN:364,(anonymous_17)
FN:377,(anonymous_18)
FN:401,(anonymous_19)
FN:411,(anonymous_20)
FN:437,(anonymous_21)
FN:469,(anonymous_22)
FNF:23
FNH:0
FNDA:0,(anonymous_0)
FNDA:0,(anonymous_1)
FNDA:0,(anonymous_2)
FNDA:0,(anonymous_3)
FNDA:0,(anonymous_4)
FNDA:0,(anonymous_5)
FNDA:0,(anonymous_6)
FNDA:0,(anonymous_7)
FNDA:0,(anonymous_8)
FNDA:0,(anonymous_9)
FNDA:0,(anonymous_10)
FNDA:0,(anonymous_11)
FNDA:0,(anonymous_12)
FNDA:0,(anonymous_13)
FNDA:0,(anonymous_14)
FNDA:0,(anonymous_15)
FNDA:0,(anonymous_16)
FNDA:0,(anonymous_17)
FNDA:0,(anonymous_18)
FNDA:0,(anonymous_19)
FNDA:0,(anonymous_20)
FNDA:0,(anonymous_21)
FNDA:0,(anonymous_22)
DA:18,0
DA:20,0
DA:21,0
DA:22,0
DA:23,0
DA:25,0
DA:28,0
DA:29,0
DA:30,0
DA:31,0
DA:32,0
DA:33,0
DA:34,0
DA:35,0
DA:36,0
DA:37,0
DA:40,0
DA:41,0
DA:42,0
DA:44,0
DA:48,0
DA:49,0
DA:50,0
DA:52,0
DA:56,0
DA:57,0
DA:58,0
DA:60,0
DA:65,0
DA:67,0
DA:68,0
DA:69,0
DA:70,0
DA:77,0
DA:78,0
DA:79,0
DA:84,0
DA:85,0
DA:86,0
DA:89,0
DA:90,0
DA:93,0
DA:94,0
DA:96,0
DA:97,0
DA:98,0
DA:99,0
DA:102,0
DA:103,0
DA:106,0
DA:107,0
DA:110,0
DA:113,0
DA:114,0
DA:118,0
DA:119,0
DA:120,0
DA:122,0
DA:126,0
DA:127,0
DA:131,0
DA:133,0
DA:134,0
DA:135,0
DA:141,0
DA:142,0
DA:143,0
DA:147,0
DA:148,0
DA:149,0
DA:150,0
DA:151,0
DA:153,0
DA:154,0
DA:159,0
DA:160,0
DA:161,0
DA:162,0
DA:166,0
DA:168,0
DA:169,0
DA:172,0
DA:173,0
DA:177,0
DA:178,0
DA:184,0
DA:185,0
DA:188,0
DA:193,0
DA:194,0
DA:195,0
DA:196,0
DA:199,0
DA:200,0
DA:204,0
DA:205,0
DA:206,0
DA:207,0
DA:208,0
DA:209,0
DA:211,0
DA:212,0
DA:215,0
DA:216,0
DA:219,0
DA:221,0
DA:222,0
DA:224,0
DA:225,0
DA:226,0
DA:227,0
DA:232,0
DA:234,0
DA:236,0
DA:237,0
DA:240,0
DA:241,0
DA:243,0
DA:244,0
DA:245,0
DA:246,0
DA:249,0
DA:250,0
DA:253,0
DA:257,0
DA:258,0
DA:262,0
DA:265,0
DA:266,0
DA:269,0
DA:270,0
DA:272,0
DA:273,0
DA:274,0
DA:282,0
DA:284,0
DA:285,0
DA:290,0
DA:294,0
DA:295,0
DA:296,0
DA:299,0
DA:304,0
DA:305,0
DA:306,0
DA:307,0
DA:310,0
DA:311,0
DA:312,0
DA:313,0
DA:316,0
DA:318,0
DA:319,0
DA:322,0
DA:329,0
DA:332,0
DA:333,0
DA:334,0
DA:337,0
DA:338,0
DA:339,0
DA:341,0
DA:344,0
DA:349,0
DA:350,0
DA:351,0
DA:354,0
DA:355,0
DA:358,0
DA:359,0
DA:360,0
DA:361,0
DA:364,0
DA:366,0
DA:368,0
DA:369,0
DA:370,0
DA:372,0
DA:377,0
DA:378,0
DA:383,0
DA:386,0
DA:387,0
DA:390,0
DA:391,0
DA:393,0
DA:396,0
DA:397,0
DA:398,0
DA:401,0
DA:403,0
DA:404,0
DA:405,0
DA:410,0
DA:412,0
DA:413,0
DA:416,0
DA:417,0
DA:418,0
DA:424,0
DA:428,0
DA:430,0
DA:437,0
DA:438,0
DA:439,0
DA:440,0
DA:444,0
DA:445,0
DA:446,0
DA:448,0
DA:449,0
DA:450,0
DA:451,0
DA:452,0
DA:453,0
DA:454,0
DA:455,0
DA:457,0
DA:458,0
DA:461,0
DA:462,0
DA:464,0
DA:469,0
DA:470,0
DA:471,0
DA:473,0
DA:477,0
DA:504,0
LF:228
LH:0
BRDA:22,0,0,0
BRDA:22,0,1,0
BRDA:41,1,0,0
BRDA:41,1,1,0
BRDA:49,2,0,0
BRDA:49,2,1,0
BRDA:57,3,0,0
BRDA:57,3,1,0
BRDA:69,4,0,0
BRDA:69,4,1,0
BRDA:78,5,0,0
BRDA:78,5,1,0
BRDA:96,6,0,0
BRDA:96,6,1,0
BRDA:98,7,0,0
BRDA:98,7,1,0
BRDA:106,8,0,0
BRDA:106,8,1,0
BRDA:106,9,0,0
BRDA:106,9,1,0
BRDA:110,10,0,0
BRDA:110,10,1,0
BRDA:113,11,0,0
BRDA:113,11,1,0
BRDA:113,12,0,0
BRDA:113,12,1,0
BRDA:119,13,0,0
BRDA:119,13,1,0
BRDA:134,14,0,0
BRDA:134,14,1,0
BRDA:134,15,0,0
BRDA:134,15,1,0
BRDA:143,16,0,0
BRDA:143,16,1,0
BRDA:159,17,0,0
BRDA:166,18,0,0
BRDA:166,18,1,0
BRDA:177,19,0,0
BRDA:177,19,1,0
BRDA:178,20,0,0
BRDA:178,20,1,0
BRDA:184,21,0,0
BRDA:184,21,1,0
BRDA:188,22,0,0
BRDA:188,22,1,0
BRDA:199,23,0,0
BRDA:199,23,1,0
BRDA:215,24,0,0
BRDA:215,24,1,0
BRDA:221,25,0,0
BRDA:221,25,1,0
BRDA:236,26,0,0
BRDA:236,26,1,0
BRDA:249,27,0,0
BRDA:249,27,1,0
BRDA:253,28,0,0
BRDA:253,28,1,0
BRDA:265,29,0,0
BRDA:265,29,1,0
BRDA:284,30,0,0
BRDA:284,30,1,0
BRDA:284,31,0,0
BRDA:284,31,1,0
BRDA:285,32,0,0
BRDA:285,32,1,0
BRDA:286,33,0,0
BRDA:286,33,1,0
BRDA:286,33,2,0
BRDA:299,34,0,0
BRDA:299,34,1,0
BRDA:300,35,0,0
BRDA:300,35,1,0
BRDA:306,36,0,0
BRDA:306,36,1,0
BRDA:333,37,0,0
BRDA:333,37,1,0
BRDA:333,38,0,0
BRDA:333,38,1,0
[...]
TN:
SF:src/utils/defaultQuickInfo.js
FN:112,getVisibleQuickInfo
FN:114,(anonymous_1)
FN:115,(anonymous_2)
FN:118,getQuickInfoByName
FN:119,(anonymous_4)
FNF:5
FNH:0
FNDA:0,getVisibleQuickInfo
FNDA:0,(anonymous_1)
FNDA:0,(anonymous_2)
FNDA:0,getQuickInfoByName
FNDA:0,(anonymous_4)
DA:1,0
DA:113,0
DA:114,0
DA:115,0
DA:119,0
LF:5
LH:0
BRF:0
BRH:0
end_of_record
TN:
SF:src/utils/errorMessages.js
FN:18,(anonymous_0)
FN:19,(anonymous_1)
FN:20,(anonymous_2)
FN:21,(anonymous_3)
FN:93,(anonymous_4)
FN:100,(anonymous_5)
FN:122,(anonymous_6)
FN:126,(anonymous_7)
FNF:8
FNH:0
FNDA:0,(anonymous_0)
FNDA:0,(anonymous_1)
FNDA:0,(anonymous_2)
FNDA:0,(anonymous_3)
FNDA:0,(anonymous_4)
FNDA:0,(anonymous_5)
FNDA:0,(anonymous_6)
FNDA:0,(anonymous_7)
DA:6,0
DA:18,0
DA:19,0
DA:20,0
DA:21,0
DA:93,0
DA:100,0
DA:101,0
DA:102,0
DA:103,0
DA:106,0
DA:107,0
DA:108,0
DA:112,0
DA:113,0
DA:116,0
DA:122,0
DA:124,0
DA:126,0
LF:19
LH:0
BRDA:102,0,0,0
BRDA:102,0,1,0
BRDA:107,1,0,0
BRDA:107,1,1,0
BRDA:108,2,0,0
BRDA:108,2,1,0
BRDA:112,3,0,0
BRDA:112,3,1,0
BRF:8
BRH:0
end_of_record
TN:
SF:src/utils/errors.js
FN:7,(anonymous_0)
FN:18,(anonymous_1)
FN:30,(anonymous_2)
FN:37,(anonymous_3)
FN:49,(anonymous_4)
FN:60,(anonymous_5)
FN:78,(anonymous_6)
FN:101,(anonymous_7)
FN:126,(anonymous_8)
FN:156,(anonymous_9)
FN:166,(anonymous_10)
FNF:11
FNH:0
FNDA:0,(anonymous_0)
FNDA:0,(anonymous_1)
FNDA:0,(anonymous_2)
FNDA:0,(anonymous_3)
FNDA:0,(anonymous_4)
FNDA:0,(anonymous_5)
FNDA:0,(anonymous_6)
FNDA:0,(anonymous_7)
FNDA:0,(anonymous_8)
FNDA:0,(anonymous_9)
FNDA:0,(anonymous_10)
DA:8,0
DA:9,0
DA:10,0
DA:11,0
DA:12,0
DA:13,0
DA:19,0
DA:25,0
DA:31,0
DA:32,0
DA:38,0
DA:44,0
DA:50,0
DA:61,0
DA:68,0
DA:79,0
DA:85,0
DA:97,0
DA:105,0
DA:108,0
DA:127,0
DA:128,0
DA:132,0
DA:136,0
DA:140,0
DA:141,0
DA:145,0
DA:157,0
DA:158,0
DA:160,0
DA:167,0
DA:168,0
DA:170,0
LF:33
LH:0
BRDA:7,0,0,0
BRDA:18,1,0,0
BRDA:37,2,0,0
BRDA:60,3,0,0
BRDA:71,4,0,0
BRDA:71,4,1,0
BRDA:78,5,0,0
BRDA:88,6,0,0
BRDA:88,6,1,0
BRDA:101,7,0,0
BRDA:105,8,0,0
BRDA:105,8,1,0
BRDA:113,9,0,0
BRDA:113,9,1,0
BRDA:127,10,0,0
BRDA:127,10,1,0
BRDA:132,11,0,0
BRDA:132,11,1,0
BRDA:133,12,0,0
BRDA:133,12,1,0
BRDA:140,13,0,0
BRDA:140,13,1,0
BRDA:146,14,0,0
BRDA:146,14,1,0
BRDA:157,15,0,0
BRDA:157,15,1,0
BRDA:167,16,0,0
BRDA:167,16,1,0
BRF:28
BRH:0
end_of_record
TN:
SF:src/utils/imageUtils.js
FN:22,(anonymous_0)
FN:89,(anonymous_1)
FN:107,(anonymous_2)
FN:137,(anonymous_3)
FN:141,(anonymous_4)
FN:149,(anonymous_5)
FN:185,(anonymous_6)
FN:198,(anonymous_7)
FN:224,(anonymous_8)
FN:226,(anonymous_9)
FN:227,(anonymous_10)
FN:262,(anonymous_11)
FN:276,(anonymous_12)
FN:277,(anonymous_13)
FN:279,(anonymous_14)
FN:285,(anonymous_15)
FN:298,(anonymous_16)
FN:309,(anonymous_17)
FN:321,(anonymous_18)
FN:327,(anonymous_19)
FN:329,(anonymous_20)
FN:353,(anonymous_21)
FNF:22
FNH:21
FNDA:21,(anonymous_0)
FNDA:5,(anonymous_1)
FNDA:22,(anonymous_2)
FNDA:14,(anonymous_3)
FNDA:14,(anonymous_4)
FNDA:13,(anonymous_5)
FNDA:0,(anonymous_6)
FNDA:8,(anonymous_7)
FNDA:3,(anonymous_8)
FNDA:2,(anonymous_9)
FNDA:1,(anonymous_10)
FNDA:3,(anonymous_11)
FNDA:2,(anonymous_12)
FNDA:2,(anonymous_13)
FNDA:1,(anonymous_14)
FNDA:1,(anonymous_15)
FNDA:15,(anonymous_16)
FNDA:9,(anonymous_17)
FNDA:7,(anonymous_18)
FNDA:6,(anonymous_19)
FNDA:5,(anonymous_20)
FNDA:1,(anonymous_21)
DA:8,1
DA:22,1
DA:23,21
DA:24,2
DA:28,19
DA:29,4
DA:30,1
DA:36,3
DA:37,1
DA:43,2
DA:47,15
DA:48,7
DA:49,2
DA:55,5
DA:56,0
DA:62,5
DA:66,8
DA:67,5
DA:68,5
DA:70,5
DA:71,1
DA:77,4
DA:80,3
DA:89,1
DA:90,5
DA:91,0
DA:94,5
DA:95,5
DA:96,5
DA:97,5
DA:107,1
DA:112,22
DA:113,16
DA:116,6
DA:118,6
DA:119,4
DA:124,2
DA:137,1
DA:141,14
DA:142,14
DA:144,2
DA:145,2
DA:148,12
DA:149,12
DA:150,13
DA:151,13
DA:158,13
DA:159,13
DA:160,13
DA:163,0
DA:164,0
DA:167,0
DA:168,0
DA:171,0
DA:174,0
DA:177,0
DA:179,0
DA:181,0
DA:185,12
DA:186,0
DA:189,12
DA:198,1
DA:199,8
DA:201,8
DA:202,8
DA:203,2
DA:207,6
DA:210,6
DA:211,2
DA:213,2
DA:214,2
DA:215,2
DA:217,4
DA:219,1
DA:220,1
DA:221,3
DA:223,3
DA:224,3
DA:225,3
DA:226,3
DA:227,3
DA:228,3
DA:231,0
DA:235,5
DA:238,5
DA:242,5
DA:250,3
DA:262,1
DA:263,3
DA:264,1
DA:267,2
DA:268,1
DA:276,1
DA:277,2
DA:278,2
DA:279,2
DA:280,1
DA:285,2
DA:286,1
DA:288,2
DA:298,1
DA:300,15
DA:309,1
DA:310,9
DA:311,9
DA:312,9
DA:321,1
DA:322,7
DA:324,1
DA:327,6
DA:328,6
DA:329,6
DA:330,5
DA:331,5
DA:332,5
DA:335,5
DA:336,5
DA:337,5
DA:340,5
DA:341,0
DA:344,0
DA:346,0
DA:347,0
DA:349,5
DA:353,6
DA:354,1
DA:357,6
DA:361,1
LF:128
LH:111
BRDA:23,0,0,2
BRDA:23,0,1,19
BRDA:28,1,0,4
BRDA:28,1,1,15
BRDA:28,2,0,19
BRDA:28,2,1,11
BRDA:29,3,0,1
BRDA:29,3,1,3
BRDA:36,4,0,1
BRDA:36,4,1,2
BRDA:47,5,0,7
BRDA:47,5,1,8
BRDA:48,6,0,2
BRDA:48,6,1,5
BRDA:55,7,0,0
BRDA:55,7,1,5
BRDA:66,8,0,5
BRDA:66,8,1,3
BRDA:66,9,0,8
BRDA:66,9,1,6
BRDA:70,10,0,1
BRDA:70,10,1,4
BRDA:90,11,0,0
BRDA:90,11,1,5
BRDA:110,12,0,1
BRDA:112,13,0,16
BRDA:112,13,1,6
BRDA:112,14,0,22
BRDA:112,14,1,16
BRDA:118,15,0,4
BRDA:118,15,1,2
BRDA:139,16,0,12
BRDA:142,17,0,2
BRDA:142,17,1,12
BRDA:158,18,0,13
BRDA:158,18,1,0
BRDA:158,19,0,13
BRDA:158,19,1,13
BRDA:174,20,0,0
BRDA:174,20,1,0
BRDA:202,21,0,2
BRDA:202,21,1,6
BRDA:210,22,0,2
BRDA:210,22,1,4
BRDA:213,23,0,2
BRDA:213,23,1,0
BRDA:217,24,0,1
BRDA:217,24,1,3
BRDA:220,25,0,1
BRDA:220,25,1,0
BRDA:221,26,0,3
BRDA:221,26,1,0
BRDA:238,27,0,5
BRDA:238,27,1,0
BRDA:246,28,0,5
BRDA:246,28,1,0
BRDA:263,29,0,1
BRDA:263,29,1,2
BRDA:321,30,0,3
BRDA:322,31,0,1
BRDA:322,31,1,6
BRF:61
BRH:51
end_of_record
TN:
SF:src/utils/initSampleData.js
FN:3,(anonymous_0)
FNF:1
FNH:0
FNDA:0,(anonymous_0)
DA:3,0
DA:4,0
DA:5,0
DA:7,0
DA:8,0
DA:162,0
DA:163,0
DA:166,0
DA:168,0
LF:9
LH:0
BRDA:7,0,0,0
BRDA:7,0,1,0
BRF:2
BRH:0
end_of_record
TN:
SF:src/utils/inviteCode.js
FN:14,generateInviteCode
FN:29,validateInviteCode
FN:41,normalizeInviteCode
FN:48,generateInviteUrl
FN:57,parseInviteUrl
FN:71,storeInviteCode
FN:85,getInviteCode
FN:110,cleanupExpiredInvites
FN:114,(anonymous_8)
FNF:9
FNH:0
FNDA:0,generateInviteCode
FNDA:0,validateInviteCode
FNDA:0,normalizeInviteCode
FNDA:0,generateInviteUrl
FNDA:0,parseInviteUrl
FNDA:0,storeInviteCode
FNDA:0,getInviteCode
FNDA:0,cleanupExpiredInvites
FNDA:0,(anonymous_8)
DA:9,0
DA:15,0
DA:16,0
DA:17,0
DA:18,0
DA:20,0
DA:21,0
DA:23,0
DA:31,0
DA:34,0
DA:35,0
DA:42,0
DA:49,0
DA:51,0
DA:59,0
DA:60,0
DA:63,0
DA:65,0
DA:72,0
DA:73,0
DA:79,0
DA:86,0
DA:87,0
DA:89,0
DA:90,0
DA:94,0
DA:96,0
DA:97,0
DA:98,0
DA:101,0
DA:111,0
DA:112,0
DA:114,0
DA:115,0
DA:116,0
DA:120,0
LF:36
LH:0
BRDA:17,0,0,0
BRDA:17,0,1,0
BRDA:60,1,0,0
BRDA:60,1,1,0
BRDA:63,2,0,0
BRDA:63,2,1,0
BRDA:72,3,0,0
BRDA:72,3,1,0
BRDA:86,4,0,0
BRDA:86,4,1,0
BRDA:89,5,0,0
BRDA:89,5,1,0
BRDA:94,6,0,0
BRDA:94,6,1,0
BRDA:111,7,0,0
BRDA:111,7,1,0
BRDA:115,8,0,0
BRDA:115,8,1,0
BRF:18
BRH:0
end_of_record
TN:
SF:src/utils/lazyLoad.js
FN:6,(anonymous_0)
FN:10,(anonymous_1)
FNF:2
FNH:0
FNDA:0,(anonymous_0)
FNDA:0,(anonymous_1)
DA:6,0
DA:7,0
DA:8,0
DA:10,0
DA:11,0
DA:26,0
DA:27,0
LF:7
LH:0
BRDA:7,0,0,0
BRDA:7,0,1,0
BRDA:27,1,0,0
BRDA:27,1,1,0
BRF:4
BRH:0
end_of_record
TN:
SF:src/utils/placeholders.js
FN:164,(anonymous_0)
FN:176,(anonymous_1)
FN:189,(anonymous_2)
FNF:3
FNH:0
FNDA:0,(anonymous_0)
FNDA:0,(anonymous_1)
FNDA:0,(anonymous_2)
DA:3,0
DA:88,0
DA:164,0
DA:166,0
DA:168,0
DA:169,0
DA:172,0
DA:176,0
DA:178,0
DA:180,0
DA:181,0
DA:184,0
DA:185,0
DA:189,0
DA:190,0
DA:191,0
DA:193,0
DA:194,0
DA:197,0
LF:19
LH:0
BRDA:166,0,0,0
BRDA:166,0,1,0
BRDA:168,1,0,0
BRDA:168,1,1,0
BRDA:169,2,0,0
BRDA:169,2,1,0
BRDA:178,3,0,0
BRDA:178,3,1,0
BRDA:180,4,0,0
BRDA:180,4,1,0
BRDA:180,5,0,0
BRDA:180,5,1,0
BRDA:193,6,0,0
BRDA:193,6,1,0
BRDA:193,7,0,0
BRDA:193,7,1,0
BRF:16
BRH:0
end_of_record
TN:
SF:src/utils/platform.js
FN:12,(anonymous_0)
FN:13,(anonymous_1)
FN:14,(anonymous_2)
FN:15,(anonymous_3)
FN:16,(anonymous_4)
FN:21,(anonymous_5)
FN:32,(anonymous_6)
FN:34,(anonymous_7)
FN:39,(anonymous_8)
FN:41,(anonymous_9)
FN:50,(anonymous_10)
FN:51,(anonymous_11)
FN:52,(anonymous_12)
FN:53,(anonymous_13)
FN:54,(anonymous_14)
FN:55,(anonymous_15)
FN:56,(anonymous_16)
FN:57,(anonymous_17)
FN:58,(anonymous_18)
FN:59,(anonymous_19)
FN:60,(anonymous_20)
FN:61,(anonymous_21)
FN:64,(anonymous_22)
FN:65,(anonymous_23)
FN:66,(anonymous_24)
FN:67,(anonymous_25)
FN:68,(anonymous_26)
FN:69,(anonymous_27)
FN:70,(anonymous_28)
FN:85,(anonymous_29)
FN:96,(anonymous_30)
FN:120,(anonymous_31)
FN:159,(anonymous_32)
FN:175,(anonymous_33)
FN:186,(anonymous_34)
FN:201,(anonymous_35)
FN:215,(anonymous_36)
FN:221,(anonymous_37)
FN:226,(anonymous_38)
FN:238,(anonymous_39)
FN:248,(anonymous_40)
FN:258,(anonymous_41)
FN:273,(anonymous_42)
FN:283,(anonymous_43)
FN:291,(anonymous_44)
FN:302,(anonymous_45)
FN:319,(anonymous_46)
FN:332,(anonymous_47)
FN:341,(anonymous_48)
FN:354,(anonymous_49)
FN:356,(anonymous_50)
FN:379,(anonymous_51)
FN:405,(anonymous_52)
FN:425,(anonymous_53)
FN:440,(anonymous_54)
FN:468,(anonymous_55)
FN:474,(anonymous_56)
FN:480,(anonymous_57)
FN:492,(anonymous_58)
FN:504,(anonymous_59)
FN:507,(anonymous_60)
FN:510,(anonymous_61)
FN:513,(anonymous_62)
FN:516,(anonymous_63)
FN:526,(anonymous_64)
FN:529,(anonymous_65)
FN:532,(anonymous_66)
FN:535,(anonymous_67)
FN:538,(anonymous_68)
FN:541,(anonymous_69)
FN:544,(anonymous_70)
FN:547,(anonymous_71)
FN:550,(anonymous_72)
FN:553,(anonymous_73)
FN:556,(anonymous_74)
FN:559,(anonymous_75)
FN:562,(anonymous_76)
FN:565,(anonymous_77)
FN:568,(anonymous_78)
FN:571,(anonymous_79)
FN:574,(anonymous_80)
FN:577,(anonymous_81)
FNF:82
FNH:0
FNDA:0,(anonymous_0)
FNDA:0,(anonymous_1)
FNDA:0,(anonymous_2)
FNDA:0,(anonymous_3)
FNDA:0,(anonymous_4)
FNDA:0,(anonymous_5)
FNDA:0,(anonymous_6)
FNDA:0,(anonymous_7)
FNDA:0,(anonymous_8)
FNDA:0,(anonymous_9)
FNDA:0,(anonymous_10)
FNDA:0,(anonymous_11)
FNDA:0,(anonymous_12)
FNDA:0,(anonymous_13)
FNDA:0,(anonymous_14)
FNDA:0,(anonymous_15)
FNDA:0,(anonymous_16)
FNDA:0,(anonymous_17)
FNDA:0,(anonymous_18)
FNDA:0,(anonymous_19)
FNDA:0,(anonymous_20)
FNDA:0,(anonymous_21)
FNDA:0,(anonymous_22)
FNDA:0,(anonymous_23)
FNDA:0,(anonymous_24)
FNDA:0,(anonymous_25)
FNDA:0,(anonymous_26)
FNDA:0,(anonymous_27)
FNDA:0,(anonymous_28)
FNDA:0,(anonymous_29)
FNDA:0,(anonymous_30)
FNDA:0,(anonymous_31)
FNDA:0,(anonymous_32)
FNDA:0,(anonymous_33)
FNDA:0,(anonymous_34)
FNDA:0,(anonymous_35)
FNDA:0,(anonymous_36)
FNDA:0,(anonymous_37)
FNDA:0,(anonymous_38)
FNDA:0,(anonymous_39)
FNDA:0,(anonymous_40)
FNDA:0,(anonymous_41)
FNDA:0,(anonymous_42)
FNDA:0,(anonymous_43)
FNDA:0,(anonymous_44)
FNDA:0,(anonymous_45)
FNDA:0,(anonymous_46)
FNDA:0,(anonymous_47)
FNDA:0,(anonymous_48)
FNDA:0,(anonymous_49)
FNDA:0,(anonymous_50)
FNDA:0,(anonymous_51)
FNDA:0,(anonymous_52)
FNDA:0,(anonymous_53)
FNDA:0,(anonymous_54)
FNDA:0,(anonymous_55)
FNDA:0,(anonymous_56)
FNDA:0,(anonymous_57)
FNDA:0,(anonymous_58)
FNDA:0,(anonymous_59)
FNDA:0,(anonymous_60)
FNDA:0,(anonymous_61)
FNDA:0,(anonymous_62)
FNDA:0,(anonymous_63)
FNDA:0,(anonymous_64)
FNDA:0,(anonymous_65)
FNDA:0,(anonymous_66)
FNDA:0,(anonymous_67)
FNDA:0,(anonymous_68)
FNDA:0,(anonymous_69)
FNDA:0,(anonymous_70)
FNDA:0,(anonymous_71)
FNDA:0,(anonymous_72)
FNDA:0,(anonymous_73)
FNDA:0,(anonymous_74)
FNDA:0,(anonymous_75)
FNDA:0,(anonymous_76)
FNDA:0,(anonymous_77)
FNDA:0,(anonymous_78)
FNDA:0,(anonymous_79)
FNDA:0,(anonymous_80)
FNDA:0,(anonymous_81)
DA:12,0
DA:13,0
DA:14,0
DA:15,0
DA:16,0
DA:21,0
DA:22,0
DA:23,0
DA:24,0
DA:25,0
DA:27,0
DA:28,0
DA:29,0
DA:32,0
DA:34,0
DA:35,0
DA:36,0
DA:39,0
DA:41,0
DA:42,0
DA:43,0
DA:44,0
DA:50,0
DA:51,0
DA:52,0
DA:53,0
DA:54,0
DA:55,0
DA:56,0
DA:57,0
DA:58,0
DA:59,0
DA:60,0
DA:61,0
DA:62,0
DA:64,0
DA:65,0
DA:66,0
DA:67,0
DA:68,0
DA:69,0
DA:70,0
DA:75,0
DA:85,0
DA:87,0
DA:89,0
DA:90,0
DA:91,0
DA:92,0
DA:93,0
DA:96,0
DA:97,0
DA:98,0
DA:105,0
DA:106,0
DA:108,0
DA:120,0
DA:121,0
DA:125,0
DA:127,0
DA:140,0
DA:142,0
DA:143,0
DA:145,0
DA:149,0
DA:150,0
DA:153,0
DA:159,0
DA:160,0
DA:164,0
DA:165,0
DA:166,0
DA:167,0
DA:168,0
DA:172,0
DA:175,0
DA:186,0
DA:201,0
DA:215,0
DA:216,0
DA:217,0
DA:218,0
DA:221,0
DA:222,0
DA:223,0
DA:226,0
DA:227,0
DA:238,0
DA:239,0
DA:240,0
DA:248,0
DA:258,0
DA:259,0
DA:260,0
DA:261,0
DA:263,0
DA:265,0
DA:266,0
DA:270,0
DA:273,0
DA:274,0
DA:275,0
DA:276,0
DA:277,0
DA:283,0
DA:291,0
DA:302,0
DA:319,0
DA:320,0
DA:322,0
DA:332,0
DA:333,0
DA:335,0
DA:338,0
DA:341,0
DA:353,0
DA:354,0
DA:357,0
DA:358,0
DA:359,0
DA:367,0
DA:379,0
DA:380,0
DA:382,0
DA:383,0
DA:390,0
DA:391,0
DA:399,0
DA:402,0
DA:405,0
DA:406,0
DA:407,0
DA:410,0
DA:411,0
DA:415,0
DA:416,0
DA:417,0
DA:418,0
DA:419,0
DA:420,0
DA:421,0
DA:422,0
DA:425,0
DA:426,0
DA:427,0
DA:430,0
DA:431,0
DA:434,0
DA:440,0
DA:441,0
DA:442,0
DA:444,0
DA:447,0
DA:448,0
DA:449,0
DA:456,0
DA:457,0
DA:458,0
DA:460,0
DA:467,0
DA:469,0
DA:470,0
DA:475,0
DA:476,0
DA:481,0
DA:482,0
DA:484,0
DA:491,0
DA:493,0
DA:494,0
DA:502,0
DA:505,0
DA:508,0
DA:511,0
DA:514,0
DA:517,0
DA:527,0
DA:530,0
DA:533,0
DA:536,0
DA:539,0
DA:542,0
DA:545,0
DA:548,0
DA:551,0
DA:554,0
DA:557,0
DA:560,0
DA:563,0
DA:566,0
DA:569,0
DA:572,0
DA:575,0
DA:578,0
LF:194
LH:0
BRDA:27,0,0,0
BRDA:27,0,1,0
BRDA:27,1,0,0
BRDA:27,1,1,0
BRDA:28,2,0,0
BRDA:28,2,1,0
BRDA:42,3,0,0
BRDA:42,3,1,0
BRDA:43,4,0,0
BRDA:43,4,1,0
BRDA:62,5,0,0
BRDA:62,5,1,0
BRDA:62,5,2,0
BRDA:62,5,3,0
BRDA:77,6,0,0
BRDA:77,6,1,0
BRDA:79,7,0,0
BRDA:79,7,1,0
BRDA:87,8,0,0
BRDA:87,8,1,0
BRDA:87,9,0,0
BRDA:87,9,1,0
BRDA:89,10,0,0
BRDA:89,10,1,0
BRDA:89,11,0,0
BRDA:89,11,1,0
BRDA:90,12,0,0
BRDA:90,12,1,0
BRDA:90,13,0,0
BRDA:90,13,1,0
BRDA:91,14,0,0
BRDA:91,14,1,0
BRDA:91,15,0,0
BRDA:91,15,1,0
BRDA:92,16,0,0
BRDA:92,16,1,0
BRDA:92,17,0,0
BRDA:92,17,1,0
BRDA:93,18,0,0
BRDA:93,18,1,0
BRDA:96,19,0,0
BRDA:96,20,0,0
BRDA:97,21,0,0
BRDA:97,21,1,0
BRDA:120,22,0,0
BRDA:120,23,0,0
BRDA:125,24,0,0
BRDA:125,24,1,0
BRDA:140,25,0,0
BRDA:140,25,1,0
BRDA:142,26,0,0
BRDA:142,26,1,0
BRDA:142,27,0,0
BRDA:142,27,1,0
BRDA:142,27,2,0
BRDA:159,28,0,0
BRDA:164,29,0,0
BRDA:164,29,1,0
BRDA:167,30,0,0
BRDA:167,30,1,0
BRDA:180,31,0,0
BRDA:180,31,1,0
BRDA:192,32,0,0
BRDA:192,32,1,0
BRDA:194,33,0,0
BRDA:194,33,1,0
BRDA:202,34,0,0
BRDA:202,34,1,0
BRDA:205,35,0,0
BRDA:205,35,1,0
BRDA:216,36,0,0
BRDA:216,36,1,0
BRDA:216,37,0,0
BRDA:216,37,1,0
BRDA:217,38,0,0
BRDA:217,38,1,0
BRDA:258,39,0,0
BRDA:258,40,0,0
BRDA:259,41,0,0
BRDA:259,41,1,0
BRDA:263,42,0,0
BRDA:263,42,1,0
BRDA:263,43,0,0
BRDA:263,43,1,0
BRDA:273,44,0,0
BRDA:284,45,0,0
BRDA:284,45,1,0
BRDA:288,46,0,0
BRDA:288,46,1,0
BRDA:319,47,0,0
BRDA:320,48,0,0
BRDA:320,48,1,0
BRDA:333,49,0,0
BRDA:333,49,1,0
BRDA:347,50,0,0
BRDA:347,50,1,0
BRDA:357,51,0,0
BRDA:357,51,1,0
BRDA:357,52,0,0
BRDA:357,52,1,0
BRDA:357,52,2,0
BRDA:382,53,0,0
BRDA:382,53,1,0
BRDA:390,54,0,0
BRDA:390,54,1,0
BRDA:390,55,0,0
BRDA:390,55,1,0
BRDA:406,56,0,0
BRDA:406,56,1,0
BRDA:410,57,0,0
BRDA:410,57,1,0
BRDA:410,58,0,0
BRDA:410,58,1,0
BRDA:426,59,0,0
BRDA:426,59,1,0
BRDA:430,60,0,0
BRDA:430,60,1,0
BRDA:430,61,0,0
BRDA:430,61,1,0
BRDA:440,62,0,0
BRDA:441,63,0,0
BRDA:441,63,1,0
BRDA:442,64,0,0
BRDA:442,64,1,0
BRDA:447,65,0,0
BRDA:447,65,1,0
BRDA:469,66,0,0
BRDA:469,66,1,0
BRDA:469,67,0,0
BRDA:469,67,1,0
BRDA:475,68,0,0
BRDA:475,68,1,0
BRDA:475,69,0,0
BRDA:475,69,1,0
BRDA:481,70,0,0
BRDA:481,70,1,0
BRDA:481,71,0,0
BRDA:481,71,1,0
BRDA:494,72,0,0
BRDA:494,72,1,0
BRF:140
BRH:0
end_of_record
TN:
SF:src/utils/platformStyles.js
FN:5,(anonymous_0)
FN:16,(anonymous_1)
FN:35,(anonymous_2)
FN:49,(anonymous_3)
FN:57,(anonymous_4)
FN:70,(anonymous_5)
FN:78,(anonymous_6)
FN:83,(anonymous_7)
FN:91,(anonymous_8)
FN:100,(anonymous_9)
FN:118,(anonymous_10)
FNF:11
FNH:0
FNDA:0,(anonymous_0)
FNDA:0,(anonymous_1)
FNDA:0,(anonymous_2)
FNDA:0,(anonymous_3)
FNDA:0,(anonymous_4)
FNDA:0,(anonymous_5)
FNDA:0,(anonymous_6)
FNDA:0,(anonymous_7)
FNDA:0,(anonymous_8)
FNDA:0,(anonymous_9)
FNDA:0,(anonymous_10)
DA:5,0
DA:6,0
DA:8,0
DA:9,0
DA:11,0
DA:13,0
DA:16,0
DA:17,0
DA:22,0
DA:23,0
DA:27,0
DA:28,0
DA:31,0
DA:35,0
DA:36,0
DA:37,0
DA:38,0
DA:40,0
DA:42,0
DA:46,0
DA:49,0
DA:50,0
DA:51,0
DA:52,0
DA:54,0
DA:57,0
DA:58,0
DA:60,0
DA:63,0
DA:64,0
DA:65,0
DA:66,0
DA:70,0
DA:71,0
DA:73,0
DA:78,0
DA:79,0
DA:83,0
DA:91,0
DA:92,0
DA:93,0
DA:96,0
DA:100,0
DA:101,0
DA:102,0
DA:108,0
DA:118,0
DA:124,0
LF:48
LH:0
BRDA:6,0,0,0
BRDA:6,0,1,0
BRDA:8,1,0,0
BRDA:8,1,1,0
BRDA:8,2,0,0
BRDA:8,2,1,0
BRDA:8,2,2,0
BRDA:22,3,0,0
BRDA:22,3,1,0
BRDA:22,4,0,0
BRDA:22,4,1,0
BRDA:27,5,0,0
BRDA:27,5,1,0
BRDA:27,6,0,0
BRDA:27,6,1,0
BRDA:40,7,0,0
BRDA:40,7,1,0
BRDA:42,8,0,0
BRDA:42,8,1,0
BRDA:51,9,0,0
BRDA:51,9,1,0
BRDA:51,10,0,0
BRDA:51,10,1,0
BRDA:57,11,0,0
BRDA:58,12,0,0
BRDA:58,12,1,0
BRDA:60,13,0,0
BRDA:60,13,1,0
BRDA:73,14,0,0
BRDA:73,14,1,0
BRDA:79,15,0,0
BRDA:79,15,1,0
BRDA:92,16,0,0
BRDA:92,16,1,0
BRDA:93,17,0,0
BRDA:93,17,1,0
BRDA:100,18,0,0
BRDA:101,19,0,0
BRDA:101,19,1,0
BRDA:119,20,0,0
BRDA:119,20,1,0
BRDA:120,21,0,0
BRDA:120,21,1,0
BRF:43
BRH:0
end_of_record
TN:
SF:src/utils/unifiedCategories.js
FN:63,(anonymous_0)
FN:64,(anonymous_1)
FN:72,(anonymous_2)
FN:77,(anonymous_3)
FN:78,(anonymous_4)
FN:82,(anonymous_5)
FN:94,(anonymous_6)
FN:97,(anonymous_7)
FNF:8
FNH:0
FNDA:0,(anonymous_0)
FNDA:0,(anonymous_1)
FNDA:0,(anonymous_2)
FNDA:0,(anonymous_3)
FNDA:0,(anonymous_4)
FNDA:0,(anonymous_5)
FNDA:0,(anonymous_6)
FNDA:0,(anonymous_7)
DA:2,0
DA:63,0
DA:64,0
DA:65,0
DA:66,0
DA:68,0
DA:72,0
DA:73,0
DA:77,0
DA:78,0
DA:79,0
DA:82,0
DA:83,0
DA:85,0
DA:86,0
DA:89,0
DA:94,0
DA:97,0
LF:18
LH:0
BRDA:65,0,0,0
BRDA:65,0,1,0
BRDA:77,1,0,0
BRDA:83,2,0,0
BRDA:83,2,1,0
BRDA:97,3,0,0
BRDA:97,3,1,0
BRDA:97,4,0,0
BRDA:97,4,1,0
BRF:9
BRH:0
end_of_record
TN:
SF:src/utils/validation.js
FN:5,(anonymous_0)
FN:47,(anonymous_1)
FN:59,(anonymous_2)
FN:76,(anonymous_3)
FN:105,(anonymous_4)
FN:129,(anonymous_5)
FN:162,(anonymous_6)
FN:167,(anonymous_7)
FN:183,(anonymous_8)
FN:202,(anonymous_9)
FN:218,(anonymous_10)
FNF:11
FNH:0
FNDA:0,(anonymous_0)
FNDA:0,(anonymous_1)
FNDA:0,(anonymous_2)
FNDA:0,(anonymous_3)
FNDA:0,(anonymous_4)
FNDA:0,(anonymous_5)
FNDA:0,(anonymous_6)
FNDA:0,(anonymous_7)
FNDA:0,(anonymous_8)
FNDA:0,(anonymous_9)
FNDA:0,(anonymous_10)
DA:6,0
DA:9,0
DA:10,0
DA:14,0
DA:15,0
DA:18,0
DA:23,0
DA:27,0
DA:28,0
DA:29,0
DA:31,0
DA:32,0
DA:33,0
DA:35,0
DA:36,0
DA:40,0
DA:44,0
DA:45,0
DA:47,0
DA:48,0
DA:49,0
DA:50,0
DA:56,0
DA:57,0
DA:59,0
DA:60,0
DA:61,0
DA:62,0
DA:67,0
DA:77,0
DA:79,0
DA:80,0
DA:83,0
DA:84,0
DA:87,0
DA:92,0
DA:95,0
DA:96,0
DA:100,0
DA:101,0
DA:102,0
DA:104,0
DA:105,0
DA:106,0
DA:107,0
DA:114,0
DA:115,0
DA:116,0
DA:117,0
DA:120,0
DA:123,0
DA:130,0
DA:132,0
DA:133,0
DA:136,0
DA:137,0
DA:140,0
DA:141,0
DA:144,0
DA:145,0
DA:148,0
DA:149,0
DA:152,0
DA:153,0
DA:156,0
DA:163,0
DA:167,0
DA:185,0
DA:191,0
DA:194,0
DA:196,0
DA:203,0
DA:205,0
DA:206,0
DA:209,0
DA:210,0
DA:213,0
DA:214,0
DA:215,0
DA:218,0
DA:227,0
DA:229,0
LF:82
LH:0
BRDA:9,0,0,0
BRDA:9,0,1,0
BRDA:9,1,0,0
BRDA:9,1,1,0
BRDA:14,2,0,0
BRDA:14,2,1,0
BRDA:14,3,0,0
BRDA:14,3,1,0
BRDA:18,4,0,0
BRDA:18,4,1,0
BRDA:19,5,0,0
BRDA:19,5,1,0
BRDA:19,5,2,0
BRDA:28,6,0,0
BRDA:28,6,1,0
BRDA:32,7,0,0
BRDA:32,7,1,0
BRDA:35,8,0,0
BRDA:35,8,1,0
BRDA:44,9,0,0
BRDA:44,9,1,0
BRDA:49,10,0,0
BRDA:49,10,1,0
BRDA:56,11,0,0
BRDA:56,11,1,0
BRDA:61,12,0,0
BRDA:61,12,1,0
BRDA:79,13,0,0
BRDA:79,13,1,0
BRDA:83,14,0,0
BRDA:83,14,1,0
BRDA:83,15,0,0
BRDA:83,15,1,0
BRDA:87,16,0,0
BRDA:87,16,1,0
BRDA:88,17,0,0
BRDA:88,17,1,0
BRDA:88,17,2,0
BRDA:95,18,0,0
BRDA:95,18,1,0
BRDA:95,19,0,0
BRDA:95,19,1,0
BRDA:100,20,0,0
BRDA:100,20,1,0
BRDA:101,21,0,0
BRDA:101,21,1,0
BRDA:106,22,0,0
BRDA:106,22,1,0
BRDA:116,23,0,0
BRDA:116,23,1,0
BRDA:132,24,0,0
BRDA:132,24,1,0
BRDA:132,25,0,0
BRDA:132,25,1,0
BRDA:136,26,0,0
BRDA:136,26,1,0
BRDA:136,27,0,0
BRDA:136,27,1,0
BRDA:140,28,0,0
BRDA:140,28,1,0
BRDA:140,29,0,0
BRDA:140,29,1,0
BRDA:144,30,0,0
BRDA:144,30,1,0
BRDA:144,31,0,0
BRDA:144,31,1,0
BRDA:148,32,0,0
BRDA:148,32,1,0
BRDA:152,33,0,0
BRDA:152,33,1,0
BRDA:172,34,0,0
BRDA:172,34,1,0
BRDA:172,35,0,0
BRDA:172,35,1,0
BRDA:205,36,0,0
BRDA:205,36,1,0
BRDA:206,37,0,0
BRDA:206,37,1,0
BRDA:209,38,0,0
BRDA:209,38,1,0
BRDA:210,39,0,0
BRDA:210,39,1,0
BRDA:213,40,0,0
BRDA:213,40,1,0
BRDA:214,41,0,0
BRDA:214,41,1,0
BRDA:215,42,0,0
BRDA:215,42,1,0
BRDA:220,43,0,0
BRDA:220,43,1,0
BRDA:221,44,0,0
BRDA:221,44,1,0
BRDA:222,45,0,0
BRDA:222,45,1,0
BRF:94
BRH:0
end_of_record
